0 verbose cli C:\Program Files\nodejs\node.exe C:\Users\angit\AppData\Roaming\npm\node_modules\npm\bin\npm-cli.js
1 info using npm@10.8.3
2 info using node@v20.13.1
3 silly config load:file:C:\Users\angit\AppData\Roaming\npm\node_modules\npm\npmrc
4 silly config load:file:C:\Users\angit\React\image-ine\.npmrc
5 silly config load:file:C:\Users\angit\.npmrc
6 silly config load:file:C:\Users\angit\AppData\Roaming\npm\etc\npmrc
7 verbose title npm exec shadcn@latest add select
8 verbose argv "exec" "--" "shadcn@latest" "add" "select"
9 verbose logfile logs-max:10 dir:C:\Users\angit\React\image-ine\UsersangitAppDataRoamingnpm-cache\_logs\2024-10-01T04_20_54_160Z-
10 verbose logfile C:\Users\angit\React\image-ine\UsersangitAppDataRoamingnpm-cache\_logs\2024-10-01T04_20_54_160Z-debug-0.log
11 silly logfile start cleaning logs, removing 1 files
12 silly logfile done cleaning log files
13 silly packumentCache heap:4345298944 maxSize:1086324736 maxEntrySize:543162368
14 http fetch GET 200 https://registry.npmjs.org/shadcn 531ms (cache revalidated)
15 silly packumentCache heap:4345298944 maxSize:1086324736 maxEntrySize:543162368
16 silly packumentCache heap:4345298944 maxSize:1086324736 maxEntrySize:543162368
17 verbose cwd C:\Users\angit\React\image-ine
18 verbose os Windows_NT 10.0.22631
19 verbose node v20.13.1
20 verbose npm  v10.8.3
21 verbose exit 0
22 info ok
