0 verbose cli C:\Program Files\nodejs\node.exe C:\Users\angit\AppData\Roaming\npm\node_modules\npm\bin\npm-cli.js
1 info using npm@10.8.3
2 info using node@v20.13.1
3 silly config load:file:C:\Users\angit\AppData\Roaming\npm\node_modules\npm\npmrc
4 silly config load:file:C:\Users\angit\React\image-ine\.npmrc
5 silly config load:file:C:\Users\angit\.npmrc
6 silly config load:file:C:\Users\angit\AppData\Roaming\npm\etc\npmrc
7 verbose title npm exec shadcn-ui@latest add button
8 verbose argv "exec" "--" "shadcn-ui@latest" "add" "button"
9 verbose logfile logs-max:10 dir:C:\Users\angit\React\image-ine\UsersangitAppDataRoamingnpm-cache\_logs\2024-09-19T13_40_38_581Z-
10 verbose logfile C:\Users\angit\React\image-ine\UsersangitAppDataRoamingnpm-cache\_logs\2024-09-19T13_40_38_581Z-debug-0.log
11 silly logfile start cleaning logs, removing 1 files
12 silly logfile done cleaning log files
13 silly packumentCache heap:4345298944 maxSize:1086324736 maxEntrySize:543162368
14 http fetch GET 200 https://registry.npmjs.org/shadcn-ui 744ms (cache updated)
15 silly packumentCache heap:4345298944 maxSize:1086324736 maxEntrySize:543162368
16 silly packumentCache heap:4345298944 maxSize:1086324736 maxEntrySize:543162368
17 silly idealTree buildDeps
18 silly fetch manifest shadcn-ui@0.9.1
19 silly packumentCache full:https://registry.npmjs.org/shadcn-ui cache-miss
20 http fetch GET 200 https://registry.npmjs.org/shadcn-ui 442ms (cache updated)
21 silly packumentCache full:https://registry.npmjs.org/shadcn-ui set size:undefined disposed:false
22 silly placeDep ROOT shadcn-ui@0.9.1 OK for:  want: 0.9.1
23 silly fetch manifest @antfu/ni@^0.21.4
24 silly packumentCache full:https://registry.npmjs.org/@antfu%2fni cache-miss
25 silly fetch manifest @babel/core@^7.22.1
26 silly packumentCache full:https://registry.npmjs.org/@babel%2fcore cache-miss
27 silly fetch manifest @babel/parser@^7.22.6
28 silly packumentCache full:https://registry.npmjs.org/@babel%2fparser cache-miss
29 silly fetch manifest @babel/plugin-transform-typescript@^7.22.5
30 silly packumentCache full:https://registry.npmjs.org/@babel%2fplugin-transform-typescript cache-miss
31 silly fetch manifest chalk@5.2.0
32 silly packumentCache full:https://registry.npmjs.org/chalk cache-miss
33 silly fetch manifest commander@^10.0.0
34 silly packumentCache full:https://registry.npmjs.org/commander cache-miss
35 silly fetch manifest cosmiconfig@^8.1.3
36 silly packumentCache full:https://registry.npmjs.org/cosmiconfig cache-miss
37 silly fetch manifest diff@^5.1.0
38 silly packumentCache full:https://registry.npmjs.org/diff cache-miss
39 silly fetch manifest execa@^7.0.0
40 silly packumentCache full:https://registry.npmjs.org/execa cache-miss
41 silly fetch manifest fast-glob@^3.3.2
42 silly packumentCache full:https://registry.npmjs.org/fast-glob cache-miss
43 silly fetch manifest fs-extra@^11.1.0
44 silly packumentCache full:https://registry.npmjs.org/fs-extra cache-miss
45 http fetch GET 200 https://registry.npmjs.org/chalk 255ms (cache revalidated)
46 silly packumentCache full:https://registry.npmjs.org/chalk set size:141429 disposed:false
47 silly fetch manifest https-proxy-agent@^6.2.0
48 silly packumentCache full:https://registry.npmjs.org/https-proxy-agent cache-miss
49 http fetch GET 200 https://registry.npmjs.org/https-proxy-agent 241ms (cache revalidated)
50 silly packumentCache full:https://registry.npmjs.org/https-proxy-agent set size:73945 disposed:false
51 silly fetch manifest lodash.template@^4.5.0
52 silly packumentCache full:https://registry.npmjs.org/lodash.template cache-miss
53 http fetch GET 200 https://registry.npmjs.org/commander 560ms (cache revalidated)
54 silly packumentCache full:https://registry.npmjs.org/commander set size:942287 disposed:false
55 silly fetch manifest node-fetch@^3.3.0
56 silly packumentCache full:https://registry.npmjs.org/node-fetch cache-miss
57 http fetch GET 200 https://registry.npmjs.org/@babel%2fplugin-transform-typescript 588ms (cache revalidated)
58 silly packumentCache full:https://registry.npmjs.org/@babel%2fplugin-transform-typescript set size:334831 disposed:false
59 silly fetch manifest ora@^6.1.2
60 silly packumentCache full:https://registry.npmjs.org/ora cache-miss
61 http fetch GET 200 https://registry.npmjs.org/diff 593ms (cache revalidated)
62 silly packumentCache full:https://registry.npmjs.org/diff set size:124854 disposed:false
63 silly fetch manifest prompts@^2.4.2
64 silly packumentCache full:https://registry.npmjs.org/prompts cache-miss
65 http fetch GET 200 https://registry.npmjs.org/cosmiconfig 633ms (cache revalidated)
66 silly packumentCache full:https://registry.npmjs.org/cosmiconfig set size:275399 disposed:false
67 silly fetch manifest recast@^0.23.2
68 silly packumentCache full:https://registry.npmjs.org/recast cache-miss
69 http fetch GET 200 https://registry.npmjs.org/fs-extra 639ms (cache revalidated)
70 silly packumentCache full:https://registry.npmjs.org/fs-extra set size:220826 disposed:false
71 silly fetch manifest ts-morph@^18.0.0
72 silly packumentCache full:https://registry.npmjs.org/ts-morph cache-miss
73 http fetch GET 200 https://registry.npmjs.org/fast-glob 675ms (cache revalidated)
74 silly packumentCache full:https://registry.npmjs.org/fast-glob set size:314033 disposed:false
75 silly fetch manifest tsconfig-paths@^4.2.0
76 silly packumentCache full:https://registry.npmjs.org/tsconfig-paths cache-miss
77 http fetch GET 200 https://registry.npmjs.org/@antfu%2fni 685ms (cache revalidated)
78 silly packumentCache full:https://registry.npmjs.org/@antfu%2fni set size:236595 disposed:false
79 silly fetch manifest zod@^3.20.2
80 silly packumentCache full:https://registry.npmjs.org/zod cache-miss
81 http fetch GET 200 https://registry.npmjs.org/execa 724ms (cache updated)
82 silly packumentCache full:https://registry.npmjs.org/execa set size:undefined disposed:false
83 http fetch GET 200 https://registry.npmjs.org/node-fetch 164ms (cache revalidated)
84 silly packumentCache full:https://registry.npmjs.org/node-fetch set size:896010 disposed:false
85 http fetch GET 200 https://registry.npmjs.org/ora 169ms (cache revalidated)
86 silly packumentCache full:https://registry.npmjs.org/ora set size:126969 disposed:false
87 http fetch GET 200 https://registry.npmjs.org/lodash.template 260ms (cache revalidated)
88 silly packumentCache full:https://registry.npmjs.org/lodash.template set size:74648 disposed:false
89 http fetch GET 200 https://registry.npmjs.org/@babel%2fparser 776ms (cache revalidated)
90 silly packumentCache full:https://registry.npmjs.org/@babel%2fparser set size:633342 disposed:false
91 http fetch GET 200 https://registry.npmjs.org/@babel%2fcore 851ms (cache revalidated)
92 silly packumentCache full:https://registry.npmjs.org/@babel%2fcore set size:657010 disposed:false
93 http fetch GET 200 https://registry.npmjs.org/ts-morph 230ms (cache revalidated)
94 silly packumentCache full:https://registry.npmjs.org/ts-morph set size:532832 disposed:false
95 http fetch GET 200 https://registry.npmjs.org/zod 211ms (cache revalidated)
96 silly packumentCache full:https://registry.npmjs.org/zod set size:15491132 disposed:false
97 http fetch GET 200 https://registry.npmjs.org/prompts 408ms (cache revalidated)
98 silly packumentCache full:https://registry.npmjs.org/prompts set size:115896 disposed:false
99 http fetch GET 200 https://registry.npmjs.org/recast 370ms (cache revalidated)
100 silly packumentCache full:https://registry.npmjs.org/recast set size:622696 disposed:false
101 http fetch GET 200 https://registry.npmjs.org/tsconfig-paths 333ms (cache revalidated)
102 silly packumentCache full:https://registry.npmjs.org/tsconfig-paths set size:192367 disposed:false
103 silly fetch manifest typescript@>=4.9.5
104 silly packumentCache full:https://registry.npmjs.org/typescript cache-miss
105 http fetch GET 200 https://registry.npmjs.org/typescript 947ms (cache updated)
106 silly packumentCache full:https://registry.npmjs.org/typescript set size:undefined disposed:false
107 silly placeDep ROOT @antfu/ni@0.21.12 OK for: shadcn-ui@0.9.1 want: ^0.21.4
108 silly placeDep ROOT @babel/core@7.25.2 OK for: shadcn-ui@0.9.1 want: ^7.22.1
109 silly placeDep ROOT @babel/parser@7.25.6 OK for: shadcn-ui@0.9.1 want: ^7.22.6
110 silly placeDep ROOT @babel/plugin-transform-typescript@7.25.2 OK for: shadcn-ui@0.9.1 want: ^7.22.5
111 silly placeDep ROOT chalk@5.2.0 OK for: shadcn-ui@0.9.1 want: 5.2.0
112 silly placeDep ROOT commander@10.0.1 OK for: shadcn-ui@0.9.1 want: ^10.0.0
113 silly placeDep ROOT cosmiconfig@8.3.6 OK for: shadcn-ui@0.9.1 want: ^8.1.3
114 silly placeDep ROOT diff@5.2.0 OK for: shadcn-ui@0.9.1 want: ^5.1.0
115 silly placeDep ROOT execa@7.2.0 OK for: shadcn-ui@0.9.1 want: ^7.0.0
116 silly placeDep ROOT fast-glob@3.3.2 OK for: shadcn-ui@0.9.1 want: ^3.3.2
117 silly placeDep ROOT fs-extra@11.2.0 OK for: shadcn-ui@0.9.1 want: ^11.1.0
118 silly placeDep ROOT https-proxy-agent@6.2.1 OK for: shadcn-ui@0.9.1 want: ^6.2.0
119 silly placeDep ROOT lodash.template@4.5.0 OK for: shadcn-ui@0.9.1 want: ^4.5.0
120 silly placeDep ROOT node-fetch@3.3.2 OK for: shadcn-ui@0.9.1 want: ^3.3.0
121 silly placeDep ROOT ora@6.3.1 OK for: shadcn-ui@0.9.1 want: ^6.1.2
122 silly placeDep ROOT prompts@2.4.2 OK for: shadcn-ui@0.9.1 want: ^2.4.2
123 silly placeDep ROOT recast@0.23.9 OK for: shadcn-ui@0.9.1 want: ^0.23.2
124 silly placeDep ROOT ts-morph@18.0.0 OK for: shadcn-ui@0.9.1 want: ^18.0.0
125 silly placeDep ROOT tsconfig-paths@4.2.0 OK for: shadcn-ui@0.9.1 want: ^4.2.0
126 silly placeDep ROOT zod@3.23.8 OK for: shadcn-ui@0.9.1 want: ^3.20.2
127 silly fetch manifest @ampproject/remapping@^2.2.0
128 silly packumentCache full:https://registry.npmjs.org/@ampproject%2fremapping cache-miss
129 silly fetch manifest @babel/code-frame@^7.24.7
130 silly packumentCache full:https://registry.npmjs.org/@babel%2fcode-frame cache-miss
131 silly fetch manifest @babel/generator@^7.25.0
132 silly packumentCache full:https://registry.npmjs.org/@babel%2fgenerator cache-miss
133 silly fetch manifest @babel/helper-compilation-targets@^7.25.2
134 silly packumentCache full:https://registry.npmjs.org/@babel%2fhelper-compilation-targets cache-miss
135 silly fetch manifest @babel/helper-module-transforms@^7.25.2
136 silly packumentCache full:https://registry.npmjs.org/@babel%2fhelper-module-transforms cache-miss
137 silly fetch manifest @babel/helpers@^7.25.0
138 silly packumentCache full:https://registry.npmjs.org/@babel%2fhelpers cache-miss
139 silly fetch manifest @babel/parser@^7.25.0
140 silly packumentCache full:https://registry.npmjs.org/@babel%2fparser cache-hit
141 silly fetch manifest @babel/template@^7.25.0
142 silly packumentCache full:https://registry.npmjs.org/@babel%2ftemplate cache-miss
143 silly fetch manifest @babel/traverse@^7.25.2
144 silly packumentCache full:https://registry.npmjs.org/@babel%2ftraverse cache-miss
145 silly fetch manifest @babel/types@^7.25.2
146 silly packumentCache full:https://registry.npmjs.org/@babel%2ftypes cache-miss
147 silly fetch manifest convert-source-map@^2.0.0
148 silly packumentCache full:https://registry.npmjs.org/convert-source-map cache-miss
149 silly fetch manifest debug@^4.1.0
150 silly packumentCache full:https://registry.npmjs.org/debug cache-miss
151 http fetch GET 200 https://registry.npmjs.org/@babel%2fhelper-compilation-targets 176ms (cache revalidated)
152 silly packumentCache full:https://registry.npmjs.org/@babel%2fhelper-compilation-targets set size:178641 disposed:false
153 silly fetch manifest gensync@^1.0.0-beta.2
154 silly packumentCache full:https://registry.npmjs.org/gensync cache-miss
155 http fetch GET 200 https://registry.npmjs.org/@babel%2fcode-frame 184ms (cache revalidated)
156 silly packumentCache full:https://registry.npmjs.org/@babel%2fcode-frame set size:157999 disposed:false
157 silly fetch manifest json5@^2.2.3
158 silly packumentCache full:https://registry.npmjs.org/json5 cache-miss
159 http fetch GET 200 https://registry.npmjs.org/@babel%2fhelpers 189ms (cache revalidated)
160 silly packumentCache full:https://registry.npmjs.org/@babel%2fhelpers set size:335959 disposed:false
161 silly fetch manifest semver@^6.3.1
162 silly packumentCache full:https://registry.npmjs.org/semver cache-miss
163 http fetch GET 200 https://registry.npmjs.org/convert-source-map 250ms (cache revalidated)
164 silly packumentCache full:https://registry.npmjs.org/convert-source-map set size:66997 disposed:false
165 silly fetch manifest @babel/types@^7.25.6
166 silly packumentCache full:https://registry.npmjs.org/@babel%2ftypes cache-miss
167 http fetch GET 200 https://registry.npmjs.org/debug 266ms (cache revalidated)
168 silly packumentCache full:https://registry.npmjs.org/debug set size:188929 disposed:false
169 silly fetch manifest @babel/helper-annotate-as-pure@^7.24.7
170 silly packumentCache full:https://registry.npmjs.org/@babel%2fhelper-annotate-as-pure cache-miss
171 http fetch GET 200 https://registry.npmjs.org/gensync 147ms (cache revalidated)
172 silly packumentCache full:https://registry.npmjs.org/gensync set size:15068 disposed:false
173 silly fetch manifest @babel/helper-create-class-features-plugin@^7.25.0
174 silly packumentCache full:https://registry.npmjs.org/@babel%2fhelper-create-class-features-plugin cache-miss
175 http fetch GET 200 https://registry.npmjs.org/json5 161ms (cache revalidated)
176 silly packumentCache full:https://registry.npmjs.org/json5 set size:86136 disposed:false
177 silly fetch manifest @babel/helper-plugin-utils@^7.24.8
178 silly packumentCache full:https://registry.npmjs.org/@babel%2fhelper-plugin-utils cache-miss
179 http fetch GET 200 https://registry.npmjs.org/@babel%2fgenerator 354ms (cache revalidated)
180 silly packumentCache full:https://registry.npmjs.org/@babel%2fgenerator set size:441946 disposed:false
181 silly fetch manifest @babel/helper-skip-transparent-expression-wrappers@^7.24.7
182 silly packumentCache full:https://registry.npmjs.org/@babel%2fhelper-skip-transparent-expression-wrappers cache-miss
183 http fetch GET 200 https://registry.npmjs.org/semver 171ms (cache revalidated)
184 silly packumentCache full:https://registry.npmjs.org/semver set size:215945 disposed:false
185 silly fetch manifest @babel/plugin-syntax-typescript@^7.24.7
186 silly packumentCache full:https://registry.npmjs.org/@babel%2fplugin-syntax-typescript cache-miss
187 http fetch GET 200 https://registry.npmjs.org/@babel%2fhelper-module-transforms 375ms (cache revalidated)
188 silly packumentCache full:https://registry.npmjs.org/@babel%2fhelper-module-transforms set size:294014 disposed:false
189 silly fetch manifest import-fresh@^3.3.0
190 silly packumentCache full:https://registry.npmjs.org/import-fresh cache-miss
191 http fetch GET 200 https://registry.npmjs.org/@babel%2ftypes 376ms (cache revalidated)
192 silly packumentCache full:https://registry.npmjs.org/@babel%2ftypes set size:419709 disposed:false
193 silly fetch manifest js-yaml@^4.1.0
194 silly packumentCache full:https://registry.npmjs.org/js-yaml cache-miss
195 http fetch GET 200 https://registry.npmjs.org/@babel%2ftraverse 401ms (cache revalidated)
196 silly packumentCache full:https://registry.npmjs.org/@babel%2ftraverse set size:480945 disposed:false
197 silly fetch manifest parse-json@^5.2.0
198 silly packumentCache full:https://registry.npmjs.org/parse-json cache-miss
199 http fetch GET 200 https://registry.npmjs.org/@babel%2ftypes 176ms (cache revalidated)
200 silly packumentCache full:https://registry.npmjs.org/@babel%2ftypes set size:419709 disposed:false
201 silly packumentCache full:https://registry.npmjs.org/@babel%2ftypes dispose
202 silly fetch manifest path-type@^4.0.0
203 silly packumentCache full:https://registry.npmjs.org/path-type cache-miss
204 http fetch GET 200 https://registry.npmjs.org/@babel%2ftemplate 451ms (cache revalidated)
205 silly packumentCache full:https://registry.npmjs.org/@babel%2ftemplate set size:189113 disposed:false
206 silly fetch manifest onetime@^6.0.0
207 silly packumentCache full:https://registry.npmjs.org/onetime cache-miss
208 http fetch GET 200 https://registry.npmjs.org/@babel%2fhelper-plugin-utils 159ms (cache revalidated)
209 silly packumentCache full:https://registry.npmjs.org/@babel%2fhelper-plugin-utils set size:132166 disposed:false
210 silly fetch manifest is-stream@^3.0.0
211 silly packumentCache full:https://registry.npmjs.org/is-stream cache-miss
212 http fetch GET 200 https://registry.npmjs.org/@babel%2fhelper-create-class-features-plugin 183ms (cache revalidated)
213 silly packumentCache full:https://registry.npmjs.org/@babel%2fhelper-create-class-features-plugin set size:315942 disposed:false
214 silly fetch manifest get-stream@^6.0.1
215 silly packumentCache full:https://registry.npmjs.org/get-stream cache-miss
216 http fetch GET 200 https://registry.npmjs.org/@ampproject%2fremapping 539ms (cache revalidated)
217 silly packumentCache full:https://registry.npmjs.org/@ampproject%2fremapping set size:88598 disposed:false
218 silly fetch manifest cross-spawn@^7.0.3
219 silly packumentCache full:https://registry.npmjs.org/cross-spawn cache-miss
220 http fetch GET 200 https://registry.npmjs.org/@babel%2fplugin-syntax-typescript 194ms (cache revalidated)
221 silly packumentCache full:https://registry.npmjs.org/@babel%2fplugin-syntax-typescript set size:172807 disposed:false
222 silly fetch manifest signal-exit@^3.0.7
223 silly packumentCache full:https://registry.npmjs.org/signal-exit cache-miss
224 http fetch GET 200 https://registry.npmjs.org/js-yaml 242ms (cache revalidated)
225 silly packumentCache full:https://registry.npmjs.org/js-yaml set size:145975 disposed:false
226 silly fetch manifest merge-stream@^2.0.0
227 silly packumentCache full:https://registry.npmjs.org/merge-stream cache-miss
228 http fetch GET 200 https://registry.npmjs.org/parse-json 234ms (cache revalidated)
229 silly packumentCache full:https://registry.npmjs.org/parse-json set size:43961 disposed:false
230 silly fetch manifest npm-run-path@^5.1.0
231 silly packumentCache full:https://registry.npmjs.org/npm-run-path cache-miss
232 http fetch GET 200 https://registry.npmjs.org/import-fresh 265ms (cache revalidated)
233 silly packumentCache full:https://registry.npmjs.org/import-fresh set size:19880 disposed:false
234 silly fetch manifest human-signals@^4.3.0
235 silly packumentCache full:https://registry.npmjs.org/human-signals cache-miss
236 http fetch GET 200 https://registry.npmjs.org/@babel%2fhelper-annotate-as-pure 369ms (cache revalidated)
237 silly packumentCache full:https://registry.npmjs.org/@babel%2fhelper-annotate-as-pure set size:140307 disposed:false
238 silly fetch manifest strip-final-newline@^3.0.0
239 silly packumentCache full:https://registry.npmjs.org/strip-final-newline cache-miss
240 http fetch GET 200 https://registry.npmjs.org/get-stream 150ms (cache revalidated)
241 silly packumentCache full:https://registry.npmjs.org/get-stream set size:57536 disposed:false
242 silly fetch manifest @nodelib/fs.stat@^2.0.2
243 silly packumentCache full:https://registry.npmjs.org/@nodelib%2ffs.stat cache-miss
244 http fetch GET 200 https://registry.npmjs.org/is-stream 163ms (cache revalidated)
245 silly packumentCache full:https://registry.npmjs.org/is-stream set size:18582 disposed:false
246 silly fetch manifest @nodelib/fs.walk@^1.2.3
247 silly packumentCache full:https://registry.npmjs.org/@nodelib%2ffs.walk cache-miss
248 http fetch GET 200 https://registry.npmjs.org/onetime 256ms (cache revalidated)
249 silly packumentCache full:https://registry.npmjs.org/onetime set size:30525 disposed:false
250 silly fetch manifest glob-parent@^5.1.2
251 silly packumentCache full:https://registry.npmjs.org/glob-parent cache-miss
252 http fetch GET 200 https://registry.npmjs.org/path-type 294ms (cache revalidated)
253 silly packumentCache full:https://registry.npmjs.org/path-type set size:15341 disposed:false
254 silly fetch manifest merge2@^1.3.0
255 silly packumentCache full:https://registry.npmjs.org/merge2 cache-miss
256 http fetch GET 200 https://registry.npmjs.org/@babel%2fhelper-skip-transparent-expression-wrappers 373ms (cache revalidated)
257 silly packumentCache full:https://registry.npmjs.org/@babel%2fhelper-skip-transparent-expression-wrappers set size:65639 disposed:false
258 silly fetch manifest micromatch@^4.0.4
259 silly packumentCache full:https://registry.npmjs.org/micromatch cache-miss
260 http fetch GET 200 https://registry.npmjs.org/signal-exit 177ms (cache revalidated)
261 silly packumentCache full:https://registry.npmjs.org/signal-exit set size:53489 disposed:false
262 silly fetch manifest graceful-fs@^4.2.0
263 silly packumentCache full:https://registry.npmjs.org/graceful-fs cache-miss
264 http fetch GET 200 https://registry.npmjs.org/cross-spawn 239ms (cache revalidated)
265 silly packumentCache full:https://registry.npmjs.org/cross-spawn set size:104585 disposed:false
266 silly fetch manifest jsonfile@^6.0.1
267 silly packumentCache full:https://registry.npmjs.org/jsonfile cache-miss
268 http fetch GET 200 https://registry.npmjs.org/@nodelib%2ffs.stat 169ms (cache revalidated)
269 silly packumentCache full:https://registry.npmjs.org/@nodelib%2ffs.stat set size:38550 disposed:false
270 silly fetch manifest universalify@^2.0.0
271 silly packumentCache full:https://registry.npmjs.org/universalify cache-miss
272 http fetch GET 200 https://registry.npmjs.org/@nodelib%2ffs.walk 176ms (cache revalidated)
273 silly packumentCache full:https://registry.npmjs.org/@nodelib%2ffs.walk set size:43590 disposed:false
274 silly fetch manifest debug@4
275 silly packumentCache full:https://registry.npmjs.org/debug cache-hit
276 silly fetch manifest agent-base@^7.0.2
277 silly packumentCache full:https://registry.npmjs.org/agent-base cache-miss
278 http fetch GET 200 https://registry.npmjs.org/merge-stream 238ms (cache revalidated)
279 silly packumentCache full:https://registry.npmjs.org/merge-stream set size:22180 disposed:false
280 silly fetch manifest lodash._reinterpolate@^3.0.0
281 silly packumentCache full:https://registry.npmjs.org/lodash._reinterpolate cache-miss
282 http fetch GET 200 https://registry.npmjs.org/human-signals 245ms (cache revalidated)
283 silly packumentCache full:https://registry.npmjs.org/human-signals set size:45757 disposed:false
284 silly fetch manifest lodash.templatesettings@^4.0.0
285 silly packumentCache full:https://registry.npmjs.org/lodash.templatesettings cache-miss
286 http fetch GET 200 https://registry.npmjs.org/strip-final-newline 248ms (cache revalidated)
287 silly packumentCache full:https://registry.npmjs.org/strip-final-newline set size:9328 disposed:false
288 silly fetch manifest data-uri-to-buffer@^4.0.0
289 silly packumentCache full:https://registry.npmjs.org/data-uri-to-buffer cache-miss
290 http fetch GET 200 https://registry.npmjs.org/graceful-fs 166ms (cache revalidated)
291 silly packumentCache full:https://registry.npmjs.org/graceful-fs set size:124285 disposed:false
292 silly fetch manifest fetch-blob@^3.1.4
293 silly packumentCache full:https://registry.npmjs.org/fetch-blob cache-miss
294 http fetch GET 200 https://registry.npmjs.org/npm-run-path 283ms (cache revalidated)
295 silly packumentCache full:https://registry.npmjs.org/npm-run-path set size:33596 disposed:false
296 silly fetch manifest formdata-polyfill@^4.0.10
297 silly packumentCache full:https://registry.npmjs.org/formdata-polyfill cache-miss
298 http fetch GET 200 https://registry.npmjs.org/glob-parent 263ms (cache revalidated)
299 silly packumentCache full:https://registry.npmjs.org/glob-parent set size:42445 disposed:false
300 silly fetch manifest wcwidth@^1.0.1
301 silly packumentCache full:https://registry.npmjs.org/wcwidth cache-miss
302 http fetch GET 200 https://registry.npmjs.org/merge2 250ms (cache revalidated)
303 silly packumentCache full:https://registry.npmjs.org/merge2 set size:46159 disposed:false
304 silly fetch manifest cli-cursor@^4.0.0
305 silly packumentCache full:https://registry.npmjs.org/cli-cursor cache-miss
306 http fetch GET 200 https://registry.npmjs.org/universalify 151ms (cache revalidated)
307 silly packumentCache full:https://registry.npmjs.org/universalify set size:19431 disposed:false
308 silly fetch manifest strip-ansi@^7.0.1
309 silly packumentCache full:https://registry.npmjs.org/strip-ansi cache-miss
310 http fetch GET 200 https://registry.npmjs.org/micromatch 255ms (cache updated)
311 silly packumentCache full:https://registry.npmjs.org/micromatch set size:undefined disposed:false
312 silly fetch manifest log-symbols@^5.1.0
313 silly packumentCache full:https://registry.npmjs.org/log-symbols cache-miss
314 http fetch GET 200 https://registry.npmjs.org/agent-base 148ms (cache revalidated)
315 silly packumentCache full:https://registry.npmjs.org/agent-base set size:61059 disposed:false
316 silly fetch manifest cli-spinners@^2.6.1
317 silly packumentCache full:https://registry.npmjs.org/cli-spinners cache-miss
318 http fetch GET 200 https://registry.npmjs.org/jsonfile 239ms (cache revalidated)
319 silly packumentCache full:https://registry.npmjs.org/jsonfile set size:49758 disposed:false
320 silly fetch manifest is-interactive@^2.0.0
321 silly packumentCache full:https://registry.npmjs.org/is-interactive cache-miss
322 http fetch GET 200 https://registry.npmjs.org/fetch-blob 168ms (cache revalidated)
323 silly packumentCache full:https://registry.npmjs.org/fetch-blob set size:73704 disposed:false
324 silly fetch manifest stdin-discarder@^0.1.0
325 silly packumentCache full:https://registry.npmjs.org/stdin-discarder cache-miss
326 http fetch GET 200 https://registry.npmjs.org/lodash._reinterpolate 246ms (cache revalidated)
327 silly packumentCache full:https://registry.npmjs.org/lodash._reinterpolate set size:15819 disposed:false
328 silly fetch manifest is-unicode-supported@^1.1.0
329 silly packumentCache full:https://registry.npmjs.org/is-unicode-supported cache-miss
330 http fetch GET 200 https://registry.npmjs.org/data-uri-to-buffer 247ms (cache revalidated)
331 silly packumentCache full:https://registry.npmjs.org/data-uri-to-buffer set size:43253 disposed:false
332 silly fetch manifest kleur@^3.0.3
333 silly packumentCache full:https://registry.npmjs.org/kleur cache-miss
334 http fetch GET 200 https://registry.npmjs.org/log-symbols 166ms (cache revalidated)
335 silly packumentCache full:https://registry.npmjs.org/log-symbols set size:30001 disposed:false
336 silly fetch manifest sisteransi@^1.0.5
337 silly packumentCache full:https://registry.npmjs.org/sisteransi cache-miss
338 http fetch GET 200 https://registry.npmjs.org/lodash.templatesettings 266ms (cache revalidated)
339 silly packumentCache full:https://registry.npmjs.org/lodash.templatesettings set size:31657 disposed:false
340 silly fetch manifest ast-types@^0.16.1
341 silly packumentCache full:https://registry.npmjs.org/ast-types cache-miss
342 http fetch GET 200 https://registry.npmjs.org/cli-spinners 157ms (cache revalidated)
343 silly packumentCache full:https://registry.npmjs.org/cli-spinners set size:61130 disposed:false
344 silly fetch manifest esprima@~4.0.0
345 silly packumentCache full:https://registry.npmjs.org/esprima cache-miss
346 http fetch GET 200 https://registry.npmjs.org/formdata-polyfill 252ms (cache revalidated)
347 silly packumentCache full:https://registry.npmjs.org/formdata-polyfill set size:94446 disposed:false
348 silly fetch manifest source-map@~0.6.1
349 silly packumentCache full:https://registry.npmjs.org/source-map cache-miss
350 http fetch GET 200 https://registry.npmjs.org/strip-ansi 227ms (cache revalidated)
351 silly packumentCache full:https://registry.npmjs.org/strip-ansi set size:43180 disposed:false
352 silly fetch manifest tiny-invariant@^1.3.3
353 silly packumentCache full:https://registry.npmjs.org/tiny-invariant cache-miss
354 http fetch GET 200 https://registry.npmjs.org/wcwidth 264ms (cache revalidated)
355 silly packumentCache full:https://registry.npmjs.org/wcwidth set size:5904 disposed:false
356 silly fetch manifest tslib@^2.0.1
357 silly packumentCache full:https://registry.npmjs.org/tslib cache-miss
358 http fetch GET 200 https://registry.npmjs.org/cli-cursor 272ms (cache revalidated)
359 silly packumentCache full:https://registry.npmjs.org/cli-cursor set size:18913 disposed:false
360 silly fetch manifest @ts-morph/common@~0.19.0
361 silly packumentCache full:https://registry.npmjs.org/@ts-morph%2fcommon cache-miss
362 http fetch GET 200 https://registry.npmjs.org/stdin-discarder 171ms (cache revalidated)
363 silly packumentCache full:https://registry.npmjs.org/stdin-discarder set size:9846 disposed:false
364 silly fetch manifest code-block-writer@^12.0.0
365 silly packumentCache full:https://registry.npmjs.org/code-block-writer cache-miss
366 http fetch GET 200 https://registry.npmjs.org/is-interactive 276ms (cache revalidated)
367 silly packumentCache full:https://registry.npmjs.org/is-interactive set size:10692 disposed:false
368 silly fetch manifest json5@^2.2.2
369 silly packumentCache full:https://registry.npmjs.org/json5 cache-hit
370 silly fetch manifest minimist@^1.2.6
371 silly packumentCache full:https://registry.npmjs.org/minimist cache-miss
372 http fetch GET 200 https://registry.npmjs.org/esprima 155ms (cache revalidated)
373 silly packumentCache full:https://registry.npmjs.org/esprima set size:118410 disposed:false
374 silly fetch manifest strip-bom@^3.0.0
375 silly packumentCache full:https://registry.npmjs.org/strip-bom cache-miss
376 http fetch GET 200 https://registry.npmjs.org/ast-types 178ms (cache revalidated)
377 silly packumentCache full:https://registry.npmjs.org/ast-types set size:443020 disposed:false
378 http fetch GET 200 https://registry.npmjs.org/is-unicode-supported 229ms (cache revalidated)
379 silly packumentCache full:https://registry.npmjs.org/is-unicode-supported set size:19461 disposed:false
380 http fetch GET 200 https://registry.npmjs.org/kleur 255ms (cache revalidated)
381 silly packumentCache full:https://registry.npmjs.org/kleur set size:61853 disposed:false
382 http fetch GET 200 https://registry.npmjs.org/sisteransi 249ms (cache revalidated)
383 silly packumentCache full:https://registry.npmjs.org/sisteransi set size:23215 disposed:false
384 http fetch GET 200 https://registry.npmjs.org/source-map 268ms (cache revalidated)
385 silly packumentCache full:https://registry.npmjs.org/source-map set size:243251 disposed:false
386 http fetch GET 200 https://registry.npmjs.org/tiny-invariant 245ms (cache revalidated)
387 silly packumentCache full:https://registry.npmjs.org/tiny-invariant set size:98310 disposed:false
388 http fetch GET 200 https://registry.npmjs.org/code-block-writer 206ms (cache revalidated)
389 silly packumentCache full:https://registry.npmjs.org/code-block-writer set size:202193 disposed:false
390 http fetch GET 200 https://registry.npmjs.org/strip-bom 150ms (cache revalidated)
391 silly packumentCache full:https://registry.npmjs.org/strip-bom set size:19359 disposed:false
392 http fetch GET 200 https://registry.npmjs.org/tslib 244ms (cache revalidated)
393 silly packumentCache full:https://registry.npmjs.org/tslib set size:104653 disposed:false
394 http fetch GET 200 https://registry.npmjs.org/minimist 228ms (cache revalidated)
395 silly packumentCache full:https://registry.npmjs.org/minimist set size:77097 disposed:false
396 http fetch GET 200 https://registry.npmjs.org/@ts-morph%2fcommon 681ms (cache revalidated)
397 silly packumentCache full:https://registry.npmjs.org/@ts-morph%2fcommon set size:144506 disposed:false
398 silly fetch manifest @babel/core@^7.0.0
399 silly packumentCache full:https://registry.npmjs.org/@babel%2fcore cache-hit
400 silly placeDep ROOT @ampproject/remapping@2.3.0 OK for: @babel/core@7.25.2 want: ^2.2.0
401 silly placeDep ROOT @babel/code-frame@7.24.7 OK for: @babel/core@7.25.2 want: ^7.24.7
402 silly placeDep ROOT @babel/generator@7.25.6 OK for: @babel/core@7.25.2 want: ^7.25.0
403 silly placeDep ROOT @babel/helper-compilation-targets@7.25.2 OK for: @babel/core@7.25.2 want: ^7.25.2
404 silly placeDep ROOT @babel/helper-module-transforms@7.25.2 OK for: @babel/core@7.25.2 want: ^7.25.2
405 silly placeDep ROOT @babel/helpers@7.25.6 OK for: @babel/core@7.25.2 want: ^7.25.0
406 silly placeDep ROOT @babel/template@7.25.0 OK for: @babel/core@7.25.2 want: ^7.25.0
407 silly placeDep ROOT @babel/traverse@7.25.6 OK for: @babel/core@7.25.2 want: ^7.25.2
408 silly placeDep ROOT @babel/types@7.25.6 OK for: @babel/core@7.25.2 want: ^7.25.2
409 silly placeDep ROOT convert-source-map@2.0.0 OK for: @babel/core@7.25.2 want: ^2.0.0
410 silly placeDep ROOT debug@4.3.7 OK for: @babel/core@7.25.2 want: ^4.1.0
411 silly placeDep ROOT gensync@1.0.0-beta.2 OK for: @babel/core@7.25.2 want: ^1.0.0-beta.2
412 silly placeDep ROOT json5@2.2.3 OK for: @babel/core@7.25.2 want: ^2.2.3
413 silly placeDep ROOT semver@6.3.1 OK for: @babel/core@7.25.2 want: ^6.3.1
414 silly fetch manifest @jridgewell/gen-mapping@^0.3.5
415 silly packumentCache full:https://registry.npmjs.org/@jridgewell%2fgen-mapping cache-miss
416 silly fetch manifest @jridgewell/trace-mapping@^0.3.24
417 silly packumentCache full:https://registry.npmjs.org/@jridgewell%2ftrace-mapping cache-miss
418 silly fetch manifest picocolors@^1.0.0
419 silly packumentCache full:https://registry.npmjs.org/picocolors cache-miss
420 silly fetch manifest @babel/highlight@^7.24.7
421 silly packumentCache full:https://registry.npmjs.org/@babel%2fhighlight cache-miss
422 silly fetch manifest @jridgewell/gen-mapping@^0.3.5
423 silly packumentCache full:https://registry.npmjs.org/@jridgewell%2fgen-mapping cache-miss
424 silly fetch manifest @jridgewell/trace-mapping@^0.3.25
425 silly packumentCache full:https://registry.npmjs.org/@jridgewell%2ftrace-mapping cache-miss
426 silly fetch manifest jsesc@^2.5.1
427 silly packumentCache full:https://registry.npmjs.org/jsesc cache-miss
428 silly fetch manifest @babel/compat-data@^7.25.2
429 silly packumentCache full:https://registry.npmjs.org/@babel%2fcompat-data cache-miss
430 silly fetch manifest @babel/helper-validator-option@^7.24.8
431 silly packumentCache full:https://registry.npmjs.org/@babel%2fhelper-validator-option cache-miss
432 silly fetch manifest browserslist@^4.23.1
433 silly packumentCache full:https://registry.npmjs.org/browserslist cache-miss
434 silly fetch manifest lru-cache@^5.1.1
435 silly packumentCache full:https://registry.npmjs.org/lru-cache cache-miss
436 http fetch GET 200 https://registry.npmjs.org/picocolors 180ms (cache revalidated)
437 silly packumentCache full:https://registry.npmjs.org/picocolors set size:19641 disposed:false
438 silly fetch manifest @babel/helper-module-imports@^7.24.7
439 silly packumentCache full:https://registry.npmjs.org/@babel%2fhelper-module-imports cache-miss
440 http fetch GET 200 https://registry.npmjs.org/@babel%2fhelper-validator-option 193ms (cache revalidated)
441 silly packumentCache full:https://registry.npmjs.org/@babel%2fhelper-validator-option set size:65671 disposed:false
442 silly fetch manifest @babel/helper-simple-access@^7.24.7
443 silly packumentCache full:https://registry.npmjs.org/@babel%2fhelper-simple-access cache-miss
444 http fetch GET 200 https://registry.npmjs.org/@babel%2fcompat-data 199ms (cache revalidated)
445 silly packumentCache full:https://registry.npmjs.org/@babel%2fcompat-data set size:242218 disposed:false
446 silly fetch manifest @babel/helper-validator-identifier@^7.24.7
447 silly packumentCache full:https://registry.npmjs.org/@babel%2fhelper-validator-identifier cache-miss
448 http fetch GET 200 https://registry.npmjs.org/lru-cache 250ms (cache revalidated)
449 silly packumentCache full:https://registry.npmjs.org/lru-cache set size:384588 disposed:false
450 silly fetch manifest @babel/types@^7.25.0
451 silly packumentCache full:https://registry.npmjs.org/@babel%2ftypes cache-hit
452 silly fetch manifest debug@^4.3.1
453 silly packumentCache full:https://registry.npmjs.org/debug cache-hit
454 silly fetch manifest globals@^11.1.0
455 silly packumentCache full:https://registry.npmjs.org/globals cache-miss
456 http fetch GET 200 https://registry.npmjs.org/jsesc 264ms (cache revalidated)
457 silly packumentCache full:https://registry.npmjs.org/jsesc set size:59783 disposed:false
458 silly fetch manifest @babel/helper-string-parser@^7.24.8
459 silly packumentCache full:https://registry.npmjs.org/@babel%2fhelper-string-parser cache-miss
460 http fetch GET 200 https://registry.npmjs.org/browserslist 273ms (cache revalidated)
461 silly packumentCache full:https://registry.npmjs.org/browserslist set size:467045 disposed:false
462 silly fetch manifest @babel/helper-validator-identifier@^7.24.7
463 silly packumentCache full:https://registry.npmjs.org/@babel%2fhelper-validator-identifier cache-miss
464 http fetch GET 200 https://registry.npmjs.org/@babel%2fhelper-module-imports 162ms (cache revalidated)
465 silly packumentCache full:https://registry.npmjs.org/@babel%2fhelper-module-imports set size:162082 disposed:false
466 silly fetch manifest to-fast-properties@^2.0.0
467 silly packumentCache full:https://registry.npmjs.org/to-fast-properties cache-miss
468 http fetch GET 200 https://registry.npmjs.org/@babel%2fhelper-simple-access 158ms (cache revalidated)
469 silly packumentCache full:https://registry.npmjs.org/@babel%2fhelper-simple-access set size:171914 disposed:false
470 silly fetch manifest ms@^2.1.3
471 silly packumentCache full:https://registry.npmjs.org/ms cache-miss
472 http fetch GET 200 https://registry.npmjs.org/@babel%2fhighlight 362ms (cache revalidated)
473 silly packumentCache full:https://registry.npmjs.org/@babel%2fhighlight set size:150945 disposed:false
474 http fetch GET 200 https://registry.npmjs.org/@babel%2fhelper-validator-identifier 175ms (cache revalidated)
475 silly packumentCache full:https://registry.npmjs.org/@babel%2fhelper-validator-identifier set size:86282 disposed:false
476 http fetch GET 200 https://registry.npmjs.org/@jridgewell%2ftrace-mapping 467ms (cache revalidated)
477 silly packumentCache full:https://registry.npmjs.org/@jridgewell%2ftrace-mapping set size:146917 disposed:false
478 http fetch GET 200 https://registry.npmjs.org/@jridgewell%2ftrace-mapping 488ms (cache revalidated)
479 silly packumentCache full:https://registry.npmjs.org/@jridgewell%2ftrace-mapping set size:146917 disposed:false
480 silly packumentCache full:https://registry.npmjs.org/@jridgewell%2ftrace-mapping dispose
481 http fetch GET 200 https://registry.npmjs.org/to-fast-properties 149ms (cache revalidated)
482 silly packumentCache full:https://registry.npmjs.org/to-fast-properties set size:17311 disposed:false
483 http fetch GET 200 https://registry.npmjs.org/ms 149ms (cache revalidated)
484 silly packumentCache full:https://registry.npmjs.org/ms set size:84885 disposed:false
485 http fetch GET 200 https://registry.npmjs.org/@jridgewell%2fgen-mapping 520ms (cache revalidated)
486 silly packumentCache full:https://registry.npmjs.org/@jridgewell%2fgen-mapping set size:88307 disposed:false
487 http fetch GET 200 https://registry.npmjs.org/@jridgewell%2fgen-mapping 523ms (cache revalidated)
488 silly packumentCache full:https://registry.npmjs.org/@jridgewell%2fgen-mapping set size:88307 disposed:false
489 silly packumentCache full:https://registry.npmjs.org/@jridgewell%2fgen-mapping dispose
490 http fetch GET 200 https://registry.npmjs.org/globals 268ms (cache revalidated)
491 silly packumentCache full:https://registry.npmjs.org/globals set size:251866 disposed:false
492 http fetch GET 200 https://registry.npmjs.org/@babel%2fhelper-string-parser 406ms (cache revalidated)
493 silly packumentCache full:https://registry.npmjs.org/@babel%2fhelper-string-parser set size:53884 disposed:false
494 http fetch GET 200 https://registry.npmjs.org/@babel%2fhelper-validator-identifier 476ms (cache revalidated)
495 silly packumentCache full:https://registry.npmjs.org/@babel%2fhelper-validator-identifier set size:86282 disposed:false
496 silly packumentCache full:https://registry.npmjs.org/@babel%2fhelper-validator-identifier dispose
497 silly placeDep ROOT @jridgewell/gen-mapping@0.3.5 OK for: @ampproject/remapping@2.3.0 want: ^0.3.5
498 silly placeDep ROOT @jridgewell/trace-mapping@0.3.25 OK for: @ampproject/remapping@2.3.0 want: ^0.3.24
499 silly fetch manifest @jridgewell/set-array@^1.2.1
500 silly packumentCache full:https://registry.npmjs.org/@jridgewell%2fset-array cache-miss
501 silly fetch manifest @jridgewell/sourcemap-codec@^1.4.10
502 silly packumentCache full:https://registry.npmjs.org/@jridgewell%2fsourcemap-codec cache-miss
503 silly fetch manifest @jridgewell/resolve-uri@^3.1.0
504 silly packumentCache full:https://registry.npmjs.org/@jridgewell%2fresolve-uri cache-miss
505 silly fetch manifest @jridgewell/sourcemap-codec@^1.4.14
506 silly packumentCache full:https://registry.npmjs.org/@jridgewell%2fsourcemap-codec cache-miss
507 http fetch GET 200 https://registry.npmjs.org/@jridgewell%2fsourcemap-codec 197ms (cache revalidated)
508 silly packumentCache full:https://registry.npmjs.org/@jridgewell%2fsourcemap-codec set size:54548 disposed:false
509 http fetch GET 200 https://registry.npmjs.org/@jridgewell%2fset-array 461ms (cache revalidated)
510 silly packumentCache full:https://registry.npmjs.org/@jridgewell%2fset-array set size:25503 disposed:false
511 http fetch GET 200 https://registry.npmjs.org/@jridgewell%2fresolve-uri 510ms (cache revalidated)
512 silly packumentCache full:https://registry.npmjs.org/@jridgewell%2fresolve-uri set size:57361 disposed:false
513 http fetch GET 200 https://registry.npmjs.org/@jridgewell%2fsourcemap-codec 519ms (cache revalidated)
514 silly packumentCache full:https://registry.npmjs.org/@jridgewell%2fsourcemap-codec set size:54548 disposed:false
515 silly packumentCache full:https://registry.npmjs.org/@jridgewell%2fsourcemap-codec dispose
516 silly placeDep ROOT @babel/highlight@7.24.7 OK for: @babel/code-frame@7.24.7 want: ^7.24.7
517 silly placeDep ROOT picocolors@1.1.0 OK for: @babel/code-frame@7.24.7 want: ^1.0.0
518 silly fetch manifest chalk@^2.4.2
519 silly packumentCache full:https://registry.npmjs.org/chalk cache-hit
520 silly fetch manifest js-tokens@^4.0.0
521 silly packumentCache full:https://registry.npmjs.org/js-tokens cache-miss
522 http fetch GET 200 https://registry.npmjs.org/js-tokens 149ms (cache revalidated)
523 silly packumentCache full:https://registry.npmjs.org/js-tokens set size:39096 disposed:false
524 silly placeDep ROOT jsesc@2.5.2 OK for: @babel/generator@7.25.6 want: ^2.5.1
525 silly placeDep ROOT @babel/compat-data@7.25.4 OK for: @babel/helper-compilation-targets@7.25.2 want: ^7.25.2
526 silly placeDep ROOT @babel/helper-validator-option@7.24.8 OK for: @babel/helper-compilation-targets@7.25.2 want: ^7.24.8
527 silly placeDep ROOT browserslist@4.23.3 OK for: @babel/helper-compilation-targets@7.25.2 want: ^4.23.1
528 silly placeDep ROOT lru-cache@5.1.1 OK for: @babel/helper-compilation-targets@7.25.2 want: ^5.1.1
529 silly fetch manifest caniuse-lite@^1.0.30001646
530 silly packumentCache full:https://registry.npmjs.org/caniuse-lite cache-miss
531 silly fetch manifest electron-to-chromium@^1.5.4
532 silly packumentCache full:https://registry.npmjs.org/electron-to-chromium cache-miss
533 silly fetch manifest node-releases@^2.0.18
534 silly packumentCache full:https://registry.npmjs.org/node-releases cache-miss
535 silly fetch manifest update-browserslist-db@^1.1.0
536 silly packumentCache full:https://registry.npmjs.org/update-browserslist-db cache-miss
537 silly fetch manifest yallist@^3.0.2
538 silly packumentCache full:https://registry.npmjs.org/yallist cache-miss
539 http fetch GET 200 https://registry.npmjs.org/node-releases 242ms (cache revalidated)
540 silly packumentCache full:https://registry.npmjs.org/node-releases set size:258940 disposed:false
541 http fetch GET 200 https://registry.npmjs.org/yallist 246ms (cache revalidated)
542 silly packumentCache full:https://registry.npmjs.org/yallist set size:34610 disposed:false
543 http fetch GET 200 https://registry.npmjs.org/update-browserslist-db 287ms (cache revalidated)
544 silly packumentCache full:https://registry.npmjs.org/update-browserslist-db set size:46552 disposed:false
545 http fetch GET 200 https://registry.npmjs.org/caniuse-lite 635ms (cache updated)
546 silly packumentCache full:https://registry.npmjs.org/caniuse-lite set size:undefined disposed:false
547 http fetch GET 200 https://registry.npmjs.org/electron-to-chromium 828ms (cache updated)
548 silly packumentCache full:https://registry.npmjs.org/electron-to-chromium set size:undefined disposed:false
549 silly placeDep ROOT @babel/helper-module-imports@7.24.7 OK for: @babel/helper-module-transforms@7.25.2 want: ^7.24.7
550 silly placeDep ROOT @babel/helper-simple-access@7.24.7 OK for: @babel/helper-module-transforms@7.25.2 want: ^7.24.7
551 silly placeDep ROOT @babel/helper-validator-identifier@7.24.7 OK for: @babel/helper-module-transforms@7.25.2 want: ^7.24.7
552 silly placeDep node_modules/@babel/highlight chalk@2.4.2 OK for: @babel/highlight@7.24.7 want: ^2.4.2
553 silly placeDep ROOT js-tokens@4.0.0 OK for: @babel/highlight@7.24.7 want: ^4.0.0
554 silly fetch manifest ansi-styles@^3.2.1
555 silly packumentCache full:https://registry.npmjs.org/ansi-styles cache-miss
556 silly fetch manifest supports-color@^5.3.0
557 silly packumentCache full:https://registry.npmjs.org/supports-color cache-miss
558 silly fetch manifest escape-string-regexp@^1.0.5
559 silly packumentCache full:https://registry.npmjs.org/escape-string-regexp cache-miss
560 http fetch GET 200 https://registry.npmjs.org/supports-color 169ms (cache revalidated)
561 silly packumentCache full:https://registry.npmjs.org/supports-color set size:113904 disposed:false
562 http fetch GET 200 https://registry.npmjs.org/escape-string-regexp 236ms (cache revalidated)
563 silly packumentCache full:https://registry.npmjs.org/escape-string-regexp set size:22244 disposed:false
564 http fetch GET 200 https://registry.npmjs.org/ansi-styles 414ms (cache revalidated)
565 silly packumentCache full:https://registry.npmjs.org/ansi-styles set size:66356 disposed:false
566 silly fetch manifest @babel/core@^7.0.0-0
567 silly packumentCache full:https://registry.npmjs.org/@babel%2fcore cache-hit
568 silly placeDep ROOT @babel/helper-annotate-as-pure@7.24.7 OK for: @babel/plugin-transform-typescript@7.25.2 want: ^7.24.7
569 silly placeDep ROOT @babel/helper-create-class-features-plugin@7.25.4 OK for: @babel/plugin-transform-typescript@7.25.2 want: ^7.25.0
570 silly placeDep ROOT @babel/helper-plugin-utils@7.24.8 OK for: @babel/plugin-transform-typescript@7.25.2 want: ^7.24.8
571 silly placeDep ROOT @babel/helper-skip-transparent-expression-wrappers@7.24.7 OK for: @babel/plugin-transform-typescript@7.25.2 want: ^7.24.7
572 silly placeDep ROOT @babel/plugin-syntax-typescript@7.25.4 OK for: @babel/plugin-transform-typescript@7.25.2 want: ^7.24.7
573 silly fetch manifest @babel/helper-member-expression-to-functions@^7.24.8
574 silly packumentCache full:https://registry.npmjs.org/@babel%2fhelper-member-expression-to-functions cache-miss
575 silly fetch manifest @babel/helper-optimise-call-expression@^7.24.7
576 silly packumentCache full:https://registry.npmjs.org/@babel%2fhelper-optimise-call-expression cache-miss
577 silly fetch manifest @babel/helper-replace-supers@^7.25.0
578 silly packumentCache full:https://registry.npmjs.org/@babel%2fhelper-replace-supers cache-miss
579 http fetch GET 200 https://registry.npmjs.org/@babel%2fhelper-replace-supers 165ms (cache revalidated)
580 silly packumentCache full:https://registry.npmjs.org/@babel%2fhelper-replace-supers set size:222352 disposed:false
581 http fetch GET 200 https://registry.npmjs.org/@babel%2fhelper-member-expression-to-functions 372ms (cache revalidated)
582 silly packumentCache full:https://registry.npmjs.org/@babel%2fhelper-member-expression-to-functions set size:185948 disposed:false
583 http fetch GET 200 https://registry.npmjs.org/@babel%2fhelper-optimise-call-expression 378ms (cache revalidated)
584 silly packumentCache full:https://registry.npmjs.org/@babel%2fhelper-optimise-call-expression set size:152052 disposed:false
585 silly placeDep ROOT @babel/helper-member-expression-to-functions@7.24.8 OK for: @babel/helper-create-class-features-plugin@7.25.4 want: ^7.24.8
586 silly placeDep ROOT @babel/helper-optimise-call-expression@7.24.7 OK for: @babel/helper-create-class-features-plugin@7.25.4 want: ^7.24.7
587 silly placeDep ROOT @babel/helper-replace-supers@7.25.0 OK for: @babel/helper-create-class-features-plugin@7.25.4 want: ^7.25.0
588 silly placeDep ROOT globals@11.12.0 OK for: @babel/traverse@7.25.6 want: ^11.1.0
589 silly placeDep ROOT @babel/helper-string-parser@7.24.8 OK for: @babel/types@7.25.6 want: ^7.24.8
590 silly placeDep ROOT to-fast-properties@2.0.0 OK for: @babel/types@7.25.6 want: ^2.0.0
591 silly placeDep ROOT @jridgewell/set-array@1.2.1 OK for: @jridgewell/gen-mapping@0.3.5 want: ^1.2.1
592 silly placeDep ROOT @jridgewell/sourcemap-codec@1.5.0 OK for: @jridgewell/gen-mapping@0.3.5 want: ^1.4.10
593 silly placeDep ROOT @jridgewell/resolve-uri@3.1.2 OK for: @jridgewell/trace-mapping@0.3.25 want: ^3.1.0
594 silly fetch manifest browserslist@>= 4.21.0
595 silly packumentCache full:https://registry.npmjs.org/browserslist cache-hit
596 silly placeDep ROOT caniuse-lite@1.0.30001662 OK for: browserslist@4.23.3 want: ^1.0.30001646
597 silly placeDep ROOT electron-to-chromium@1.5.25 OK for: browserslist@4.23.3 want: ^1.5.4
598 silly placeDep ROOT node-releases@2.0.18 OK for: browserslist@4.23.3 want: ^2.0.18
599 silly placeDep ROOT update-browserslist-db@1.1.0 OK for: browserslist@4.23.3 want: ^1.1.0
600 silly fetch manifest escalade@^3.1.2
601 silly packumentCache full:https://registry.npmjs.org/escalade cache-miss
602 http fetch GET 200 https://registry.npmjs.org/escalade 273ms (cache revalidated)
603 silly packumentCache full:https://registry.npmjs.org/escalade set size:33724 disposed:false
604 silly placeDep ROOT import-fresh@3.3.0 OK for: cosmiconfig@8.3.6 want: ^3.3.0
605 silly placeDep ROOT js-yaml@4.1.0 OK for: cosmiconfig@8.3.6 want: ^4.1.0
606 silly placeDep ROOT parse-json@5.2.0 OK for: cosmiconfig@8.3.6 want: ^5.2.0
607 silly placeDep ROOT path-type@4.0.0 OK for: cosmiconfig@8.3.6 want: ^4.0.0
608 silly fetch manifest parent-module@^1.0.0
609 silly packumentCache full:https://registry.npmjs.org/parent-module cache-miss
610 silly fetch manifest resolve-from@^4.0.0
611 silly packumentCache full:https://registry.npmjs.org/resolve-from cache-miss
612 silly fetch manifest argparse@^2.0.1
613 silly packumentCache full:https://registry.npmjs.org/argparse cache-miss
614 silly fetch manifest error-ex@^1.3.1
615 silly packumentCache full:https://registry.npmjs.org/error-ex cache-miss
616 silly fetch manifest json-parse-even-better-errors@^2.3.0
617 silly packumentCache full:https://registry.npmjs.org/json-parse-even-better-errors cache-miss
618 silly fetch manifest lines-and-columns@^1.1.6
619 silly packumentCache full:https://registry.npmjs.org/lines-and-columns cache-miss
620 http fetch GET 200 https://registry.npmjs.org/lines-and-columns 154ms (cache revalidated)
621 silly packumentCache full:https://registry.npmjs.org/lines-and-columns set size:73796 disposed:false
622 http fetch GET 200 https://registry.npmjs.org/error-ex 191ms (cache revalidated)
623 silly packumentCache full:https://registry.npmjs.org/error-ex set size:29963 disposed:false
624 http fetch GET 200 https://registry.npmjs.org/json-parse-even-better-errors 246ms (cache revalidated)
625 silly packumentCache full:https://registry.npmjs.org/json-parse-even-better-errors set size:31937 disposed:false
626 http fetch GET 200 https://registry.npmjs.org/parent-module 262ms (cache revalidated)
627 silly packumentCache full:https://registry.npmjs.org/parent-module set size:16638 disposed:false
628 http fetch GET 200 https://registry.npmjs.org/resolve-from 265ms (cache revalidated)
629 silly packumentCache full:https://registry.npmjs.org/resolve-from set size:12911 disposed:false
630 http fetch GET 200 https://registry.npmjs.org/argparse 281ms (cache revalidated)
631 silly packumentCache full:https://registry.npmjs.org/argparse set size:49266 disposed:false
632 silly placeDep ROOT ms@2.1.3 OK for: debug@4.3.7 want: ^2.1.3
633 silly placeDep ROOT cross-spawn@7.0.3 OK for: execa@7.2.0 want: ^7.0.3
634 silly placeDep ROOT get-stream@6.0.1 OK for: execa@7.2.0 want: ^6.0.1
635 silly placeDep ROOT human-signals@4.3.1 OK for: execa@7.2.0 want: ^4.3.0
636 silly placeDep ROOT is-stream@3.0.0 OK for: execa@7.2.0 want: ^3.0.0
637 silly placeDep ROOT merge-stream@2.0.0 OK for: execa@7.2.0 want: ^2.0.0
638 silly placeDep ROOT npm-run-path@5.3.0 OK for: execa@7.2.0 want: ^5.1.0
639 silly placeDep ROOT onetime@6.0.0 OK for: execa@7.2.0 want: ^6.0.0
640 silly placeDep ROOT signal-exit@3.0.7 OK for: execa@7.2.0 want: ^3.0.7
641 silly placeDep ROOT strip-final-newline@3.0.0 OK for: execa@7.2.0 want: ^3.0.0
642 silly fetch manifest path-key@^3.1.0
643 silly packumentCache full:https://registry.npmjs.org/path-key cache-miss
644 silly fetch manifest shebang-command@^2.0.0
645 silly packumentCache full:https://registry.npmjs.org/shebang-command cache-miss
646 silly fetch manifest which@^2.0.1
647 silly packumentCache full:https://registry.npmjs.org/which cache-miss
648 silly fetch manifest path-key@^4.0.0
649 silly packumentCache full:https://registry.npmjs.org/path-key cache-miss
650 silly fetch manifest mimic-fn@^4.0.0
651 silly packumentCache full:https://registry.npmjs.org/mimic-fn cache-miss
652 http fetch GET 200 https://registry.npmjs.org/path-key 183ms (cache revalidated)
653 silly packumentCache full:https://registry.npmjs.org/path-key set size:16975 disposed:false
654 http fetch GET 200 https://registry.npmjs.org/mimic-fn 245ms (cache revalidated)
655 silly packumentCache full:https://registry.npmjs.org/mimic-fn set size:22257 disposed:false
656 http fetch GET 200 https://registry.npmjs.org/path-key 249ms (cache revalidated)
657 silly packumentCache full:https://registry.npmjs.org/path-key set size:16975 disposed:false
658 silly packumentCache full:https://registry.npmjs.org/path-key dispose
659 http fetch GET 200 https://registry.npmjs.org/shebang-command 258ms (cache revalidated)
660 silly packumentCache full:https://registry.npmjs.org/shebang-command set size:8525 disposed:false
661 http fetch GET 200 https://registry.npmjs.org/which 269ms (cache revalidated)
662 silly packumentCache full:https://registry.npmjs.org/which set size:60300 disposed:false
663 silly placeDep ROOT path-key@3.1.1 OK for: cross-spawn@7.0.3 want: ^3.1.0
664 silly placeDep ROOT shebang-command@2.0.0 OK for: cross-spawn@7.0.3 want: ^2.0.0
665 silly placeDep ROOT which@2.0.2 OK for: cross-spawn@7.0.3 want: ^2.0.1
666 silly fetch manifest shebang-regex@^3.0.0
667 silly packumentCache full:https://registry.npmjs.org/shebang-regex cache-miss
668 silly fetch manifest isexe@^2.0.0
669 silly packumentCache full:https://registry.npmjs.org/isexe cache-miss
670 http fetch GET 200 https://registry.npmjs.org/isexe 153ms (cache revalidated)
671 silly packumentCache full:https://registry.npmjs.org/isexe set size:19340 disposed:false
672 http fetch GET 200 https://registry.npmjs.org/shebang-regex 158ms (cache revalidated)
673 silly packumentCache full:https://registry.npmjs.org/shebang-regex set size:9763 disposed:false
674 silly placeDep ROOT @nodelib/fs.stat@2.0.5 OK for: fast-glob@3.3.2 want: ^2.0.2
675 silly placeDep ROOT @nodelib/fs.walk@1.2.8 OK for: fast-glob@3.3.2 want: ^1.2.3
676 silly placeDep ROOT glob-parent@5.1.2 OK for: fast-glob@3.3.2 want: ^5.1.2
677 silly placeDep ROOT merge2@1.4.1 OK for: fast-glob@3.3.2 want: ^1.3.0
678 silly placeDep ROOT micromatch@4.0.8 OK for: fast-glob@3.3.2 want: ^4.0.4
679 silly fetch manifest @nodelib/fs.scandir@2.1.5
680 silly packumentCache full:https://registry.npmjs.org/@nodelib%2ffs.scandir cache-miss
681 silly fetch manifest fastq@^1.6.0
682 silly packumentCache full:https://registry.npmjs.org/fastq cache-miss
683 silly fetch manifest is-glob@^4.0.1
684 silly packumentCache full:https://registry.npmjs.org/is-glob cache-miss
685 silly fetch manifest braces@^3.0.3
686 silly packumentCache full:https://registry.npmjs.org/braces cache-miss
687 silly fetch manifest picomatch@^2.3.1
688 silly packumentCache full:https://registry.npmjs.org/picomatch cache-miss
689 http fetch GET 200 https://registry.npmjs.org/fastq 164ms (cache revalidated)
690 silly packumentCache full:https://registry.npmjs.org/fastq set size:67370 disposed:false
691 http fetch GET 200 https://registry.npmjs.org/is-glob 254ms (cache revalidated)
692 silly packumentCache full:https://registry.npmjs.org/is-glob set size:40530 disposed:false
693 http fetch GET 200 https://registry.npmjs.org/picomatch 285ms (cache updated)
694 silly packumentCache full:https://registry.npmjs.org/picomatch set size:undefined disposed:false
695 http fetch GET 200 https://registry.npmjs.org/braces 300ms (cache updated)
696 silly packumentCache full:https://registry.npmjs.org/braces set size:undefined disposed:false
697 http fetch GET 200 https://registry.npmjs.org/@nodelib%2ffs.scandir 500ms (cache revalidated)
698 silly packumentCache full:https://registry.npmjs.org/@nodelib%2ffs.scandir set size:49431 disposed:false
699 silly placeDep ROOT @nodelib/fs.scandir@2.1.5 OK for: @nodelib/fs.walk@1.2.8 want: 2.1.5
700 silly placeDep ROOT fastq@1.17.1 OK for: @nodelib/fs.walk@1.2.8 want: ^1.6.0
701 silly fetch manifest run-parallel@^1.1.9
702 silly packumentCache full:https://registry.npmjs.org/run-parallel cache-miss
703 silly fetch manifest reusify@^1.0.4
704 silly packumentCache full:https://registry.npmjs.org/reusify cache-miss
705 http fetch GET 200 https://registry.npmjs.org/run-parallel 250ms (cache revalidated)
706 silly packumentCache full:https://registry.npmjs.org/run-parallel set size:35190 disposed:false
707 http fetch GET 200 https://registry.npmjs.org/reusify 291ms (cache revalidated)
708 silly packumentCache full:https://registry.npmjs.org/reusify set size:12832 disposed:false
709 silly placeDep ROOT run-parallel@1.2.0 OK for: @nodelib/fs.scandir@2.1.5 want: ^1.1.9
710 silly fetch manifest queue-microtask@^1.2.2
711 silly packumentCache full:https://registry.npmjs.org/queue-microtask cache-miss
712 http fetch GET 200 https://registry.npmjs.org/queue-microtask 283ms (cache revalidated)
713 silly packumentCache full:https://registry.npmjs.org/queue-microtask set size:36088 disposed:false
714 silly placeDep ROOT reusify@1.0.4 OK for: fastq@1.17.1 want: ^1.0.4
715 silly placeDep ROOT graceful-fs@4.2.11 OK for: fs-extra@11.2.0 want: ^4.2.0
716 silly placeDep ROOT jsonfile@6.1.0 OK for: fs-extra@11.2.0 want: ^6.0.1
717 silly placeDep ROOT universalify@2.0.1 OK for: fs-extra@11.2.0 want: ^2.0.0
718 silly placeDep ROOT is-glob@4.0.3 OK for: glob-parent@5.1.2 want: ^4.0.1
719 silly fetch manifest is-extglob@^2.1.1
720 silly packumentCache full:https://registry.npmjs.org/is-extglob cache-miss
721 http fetch GET 200 https://registry.npmjs.org/is-extglob 253ms (cache revalidated)
722 silly packumentCache full:https://registry.npmjs.org/is-extglob set size:11766 disposed:false
723 silly placeDep ROOT agent-base@7.1.1 OK for: https-proxy-agent@6.2.1 want: ^7.0.2
724 silly placeDep ROOT parent-module@1.0.1 OK for: import-fresh@3.3.0 want: ^1.0.0
725 silly placeDep ROOT resolve-from@4.0.0 OK for: import-fresh@3.3.0 want: ^4.0.0
726 silly fetch manifest callsites@^3.0.0
727 silly packumentCache full:https://registry.npmjs.org/callsites cache-miss
728 http fetch GET 200 https://registry.npmjs.org/callsites 157ms (cache revalidated)
729 silly packumentCache full:https://registry.npmjs.org/callsites set size:21349 disposed:false
730 silly placeDep ROOT is-extglob@2.1.1 OK for: is-glob@4.0.3 want: ^2.1.1
731 silly placeDep ROOT argparse@2.0.1 OK for: js-yaml@4.1.0 want: ^2.0.1
732 silly placeDep ROOT lodash._reinterpolate@3.0.0 OK for: lodash.template@4.5.0 want: ^3.0.0
733 silly placeDep ROOT lodash.templatesettings@4.2.0 OK for: lodash.template@4.5.0 want: ^4.0.0
734 silly placeDep ROOT yallist@3.1.1 OK for: lru-cache@5.1.1 want: ^3.0.2
735 silly placeDep ROOT braces@3.0.3 OK for: micromatch@4.0.8 want: ^3.0.3
736 silly placeDep ROOT picomatch@2.3.1 OK for: micromatch@4.0.8 want: ^2.3.1
737 silly fetch manifest fill-range@^7.1.1
738 silly packumentCache full:https://registry.npmjs.org/fill-range cache-miss
739 http fetch GET 200 https://registry.npmjs.org/fill-range 171ms (cache revalidated)
740 silly packumentCache full:https://registry.npmjs.org/fill-range set size:90212 disposed:false
741 silly placeDep ROOT fill-range@7.1.1 OK for: braces@3.0.3 want: ^7.1.1
742 silly fetch manifest to-regex-range@^5.0.1
743 silly packumentCache full:https://registry.npmjs.org/to-regex-range cache-miss
744 http fetch GET 200 https://registry.npmjs.org/to-regex-range 260ms (cache revalidated)
745 silly packumentCache full:https://registry.npmjs.org/to-regex-range set size:61569 disposed:false
746 silly placeDep ROOT to-regex-range@5.0.1 OK for: fill-range@7.1.1 want: ^5.0.1
747 silly fetch manifest is-number@^7.0.0
748 silly packumentCache full:https://registry.npmjs.org/is-number cache-miss
749 http fetch GET 200 https://registry.npmjs.org/is-number 274ms (cache revalidated)
750 silly packumentCache full:https://registry.npmjs.org/is-number set size:36183 disposed:false
751 silly placeDep ROOT data-uri-to-buffer@4.0.1 OK for: node-fetch@3.3.2 want: ^4.0.0
752 silly placeDep ROOT fetch-blob@3.2.0 OK for: node-fetch@3.3.2 want: ^3.1.4
753 silly placeDep ROOT formdata-polyfill@4.0.10 OK for: node-fetch@3.3.2 want: ^4.0.10
754 silly fetch manifest node-domexception@^1.0.0
755 silly packumentCache full:https://registry.npmjs.org/node-domexception cache-miss
756 silly fetch manifest web-streams-polyfill@^3.0.3
757 silly packumentCache full:https://registry.npmjs.org/web-streams-polyfill cache-miss
758 http fetch GET 200 https://registry.npmjs.org/web-streams-polyfill 291ms (cache revalidated)
759 silly packumentCache full:https://registry.npmjs.org/web-streams-polyfill set size:157356 disposed:false
760 http fetch GET 200 https://registry.npmjs.org/node-domexception 298ms (cache revalidated)
761 silly packumentCache full:https://registry.npmjs.org/node-domexception set size:9409 disposed:false
762 silly placeDep ROOT node-domexception@1.0.0 OK for: fetch-blob@3.2.0 want: ^1.0.0
763 silly placeDep ROOT web-streams-polyfill@3.3.3 OK for: fetch-blob@3.2.0 want: ^3.0.3
764 silly placeDep node_modules/npm-run-path path-key@4.0.0 OK for: npm-run-path@5.3.0 want: ^4.0.0
765 silly placeDep ROOT mimic-fn@4.0.0 OK for: onetime@6.0.0 want: ^4.0.0
766 silly placeDep ROOT cli-cursor@4.0.0 OK for: ora@6.3.1 want: ^4.0.0
767 silly placeDep ROOT cli-spinners@2.9.2 OK for: ora@6.3.1 want: ^2.6.1
768 silly placeDep ROOT is-interactive@2.0.0 OK for: ora@6.3.1 want: ^2.0.0
769 silly placeDep ROOT is-unicode-supported@1.3.0 OK for: ora@6.3.1 want: ^1.1.0
770 silly placeDep ROOT log-symbols@5.1.0 OK for: ora@6.3.1 want: ^5.1.0
771 silly placeDep ROOT stdin-discarder@0.1.0 OK for: ora@6.3.1 want: ^0.1.0
772 silly placeDep ROOT strip-ansi@7.1.0 OK for: ora@6.3.1 want: ^7.0.1
773 silly placeDep ROOT wcwidth@1.0.1 OK for: ora@6.3.1 want: ^1.0.1
774 silly fetch manifest restore-cursor@^4.0.0
775 silly packumentCache full:https://registry.npmjs.org/restore-cursor cache-miss
776 silly fetch manifest bl@^5.0.0
777 silly packumentCache full:https://registry.npmjs.org/bl cache-miss
778 silly fetch manifest ansi-regex@^6.0.1
779 silly packumentCache full:https://registry.npmjs.org/ansi-regex cache-miss
780 silly fetch manifest defaults@^1.0.3
781 silly packumentCache full:https://registry.npmjs.org/defaults cache-miss
782 http fetch GET 200 https://registry.npmjs.org/bl 278ms (cache updated)
783 silly packumentCache full:https://registry.npmjs.org/bl set size:undefined disposed:false
784 http fetch GET 200 https://registry.npmjs.org/restore-cursor 284ms (cache revalidated)
785 silly packumentCache full:https://registry.npmjs.org/restore-cursor set size:17895 disposed:false
786 http fetch GET 200 https://registry.npmjs.org/defaults 293ms (cache revalidated)
787 silly packumentCache full:https://registry.npmjs.org/defaults set size:18134 disposed:false
788 http fetch GET 200 https://registry.npmjs.org/ansi-regex 429ms (cache updated)
789 silly packumentCache full:https://registry.npmjs.org/ansi-regex set size:undefined disposed:false
790 silly placeDep ROOT restore-cursor@4.0.0 OK for: cli-cursor@4.0.0 want: ^4.0.0
791 silly fetch manifest onetime@^5.1.0
792 silly packumentCache full:https://registry.npmjs.org/onetime cache-hit
793 silly placeDep ROOT callsites@3.1.0 OK for: parent-module@1.0.1 want: ^3.0.0
794 silly placeDep ROOT error-ex@1.3.2 OK for: parse-json@5.2.0 want: ^1.3.1
795 silly placeDep ROOT json-parse-even-better-errors@2.3.1 OK for: parse-json@5.2.0 want: ^2.3.0
796 silly placeDep ROOT lines-and-columns@1.2.4 OK for: parse-json@5.2.0 want: ^1.1.6
797 silly fetch manifest is-arrayish@^0.2.1
798 silly packumentCache full:https://registry.npmjs.org/is-arrayish cache-miss
799 http fetch GET 200 https://registry.npmjs.org/is-arrayish 244ms (cache revalidated)
800 silly packumentCache full:https://registry.npmjs.org/is-arrayish set size:13422 disposed:false
801 silly placeDep ROOT is-arrayish@0.2.1 OK for: error-ex@1.3.2 want: ^0.2.1
802 silly placeDep ROOT kleur@3.0.3 OK for: prompts@2.4.2 want: ^3.0.3
803 silly placeDep ROOT sisteransi@1.0.5 OK for: prompts@2.4.2 want: ^1.0.5
804 silly placeDep ROOT ast-types@0.16.1 OK for: recast@0.23.9 want: ^0.16.1
805 silly placeDep ROOT esprima@4.0.1 OK for: recast@0.23.9 want: ~4.0.0
806 silly placeDep ROOT source-map@0.6.1 OK for: recast@0.23.9 want: ~0.6.1
807 silly placeDep ROOT tiny-invariant@1.3.3 OK for: recast@0.23.9 want: ^1.3.3
808 silly placeDep ROOT tslib@2.7.0 OK for: recast@0.23.9 want: ^2.0.1
809 silly placeDep node_modules/restore-cursor onetime@5.1.2 OK for: restore-cursor@4.0.0 want: ^5.1.0
810 silly fetch manifest mimic-fn@^2.1.0
811 silly packumentCache full:https://registry.npmjs.org/mimic-fn cache-hit
812 silly placeDep ROOT queue-microtask@1.2.3 OK for: run-parallel@1.2.0 want: ^1.2.2
813 silly placeDep ROOT shebang-regex@3.0.0 OK for: shebang-command@2.0.0 want: ^3.0.0
814 silly placeDep ROOT bl@5.1.0 OK for: stdin-discarder@0.1.0 want: ^5.0.0
815 silly fetch manifest buffer@^6.0.3
816 silly packumentCache full:https://registry.npmjs.org/buffer cache-miss
817 silly fetch manifest inherits@^2.0.4
818 silly packumentCache full:https://registry.npmjs.org/inherits cache-miss
819 silly fetch manifest readable-stream@^3.4.0
820 silly packumentCache full:https://registry.npmjs.org/readable-stream cache-miss
821 http fetch GET 200 https://registry.npmjs.org/buffer 150ms (cache revalidated)
822 silly packumentCache full:https://registry.npmjs.org/buffer set size:280480 disposed:false
823 http fetch GET 200 https://registry.npmjs.org/inherits 156ms (cache revalidated)
824 silly packumentCache full:https://registry.npmjs.org/inherits set size:12925 disposed:false
825 http fetch GET 200 https://registry.npmjs.org/readable-stream 160ms (cache revalidated)
826 silly packumentCache full:https://registry.npmjs.org/readable-stream set size:272167 disposed:false
827 silly placeDep ROOT buffer@6.0.3 OK for: bl@5.1.0 want: ^6.0.3
828 silly placeDep ROOT inherits@2.0.4 OK for: bl@5.1.0 want: ^2.0.4
829 silly placeDep ROOT readable-stream@3.6.2 OK for: bl@5.1.0 want: ^3.4.0
830 silly fetch manifest base64-js@^1.3.1
831 silly packumentCache full:https://registry.npmjs.org/base64-js cache-miss
832 silly fetch manifest ieee754@^1.2.1
833 silly packumentCache full:https://registry.npmjs.org/ieee754 cache-miss
834 silly fetch manifest string_decoder@^1.1.1
835 silly packumentCache full:https://registry.npmjs.org/string_decoder cache-miss
836 silly fetch manifest util-deprecate@^1.0.1
837 silly packumentCache full:https://registry.npmjs.org/util-deprecate cache-miss
838 http fetch GET 200 https://registry.npmjs.org/util-deprecate 230ms (cache revalidated)
839 silly packumentCache full:https://registry.npmjs.org/util-deprecate set size:6674 disposed:false
840 http fetch GET 200 https://registry.npmjs.org/base64-js 242ms (cache revalidated)
841 silly packumentCache full:https://registry.npmjs.org/base64-js set size:41270 disposed:false
842 http fetch GET 200 https://registry.npmjs.org/ieee754 249ms (cache revalidated)
843 silly packumentCache full:https://registry.npmjs.org/ieee754 set size:34910 disposed:false
844 http fetch GET 200 https://registry.npmjs.org/string_decoder 265ms (cache revalidated)
845 silly packumentCache full:https://registry.npmjs.org/string_decoder set size:28441 disposed:false
846 silly placeDep ROOT base64-js@1.5.1 OK for: buffer@6.0.3 want: ^1.3.1
847 silly placeDep ROOT ieee754@1.2.1 OK for: buffer@6.0.3 want: ^1.2.1
848 silly placeDep ROOT string_decoder@1.3.0 OK for: readable-stream@3.6.2 want: ^1.1.1
849 silly placeDep ROOT util-deprecate@1.0.2 OK for: readable-stream@3.6.2 want: ^1.0.1
850 silly fetch manifest safe-buffer@~5.2.0
851 silly packumentCache full:https://registry.npmjs.org/safe-buffer cache-miss
852 http fetch GET 200 https://registry.npmjs.org/safe-buffer 250ms (cache revalidated)
853 silly packumentCache full:https://registry.npmjs.org/safe-buffer set size:41183 disposed:false
854 silly placeDep ROOT safe-buffer@5.2.1 OK for: string_decoder@1.3.0 want: ~5.2.0
855 silly placeDep ROOT ansi-regex@6.1.0 OK for: strip-ansi@7.1.0 want: ^6.0.1
856 silly placeDep ROOT is-number@7.0.0 OK for: to-regex-range@5.0.1 want: ^7.0.0
857 silly placeDep ROOT @ts-morph/common@0.19.0 OK for: ts-morph@18.0.0 want: ~0.19.0
858 silly placeDep ROOT code-block-writer@12.0.0 OK for: ts-morph@18.0.0 want: ^12.0.0
859 silly fetch manifest mkdirp@^2.1.6
860 silly packumentCache full:https://registry.npmjs.org/mkdirp cache-miss
861 silly fetch manifest minimatch@^7.4.3
862 silly packumentCache full:https://registry.npmjs.org/minimatch cache-miss
863 silly fetch manifest path-browserify@^1.0.1
864 silly packumentCache full:https://registry.npmjs.org/path-browserify cache-miss
865 http fetch GET 200 https://registry.npmjs.org/mkdirp 242ms (cache revalidated)
866 silly packumentCache full:https://registry.npmjs.org/mkdirp set size:116455 disposed:false
867 http fetch GET 200 https://registry.npmjs.org/path-browserify 266ms (cache revalidated)
868 silly packumentCache full:https://registry.npmjs.org/path-browserify set size:19359 disposed:false
869 http fetch GET 200 https://registry.npmjs.org/minimatch 320ms (cache revalidated)
870 silly packumentCache full:https://registry.npmjs.org/minimatch set size:398328 disposed:false
871 silly placeDep ROOT minimatch@7.4.6 OK for: @ts-morph/common@0.19.0 want: ^7.4.3
872 silly placeDep ROOT mkdirp@2.1.6 OK for: @ts-morph/common@0.19.0 want: ^2.1.6
873 silly placeDep ROOT path-browserify@1.0.1 OK for: @ts-morph/common@0.19.0 want: ^1.0.1
874 silly fetch manifest brace-expansion@^2.0.1
875 silly packumentCache full:https://registry.npmjs.org/brace-expansion cache-miss
876 http fetch GET 200 https://registry.npmjs.org/brace-expansion 157ms (cache revalidated)
877 silly packumentCache full:https://registry.npmjs.org/brace-expansion set size:42345 disposed:false
878 silly placeDep ROOT brace-expansion@2.0.1 OK for: minimatch@7.4.6 want: ^2.0.1
879 silly fetch manifest balanced-match@^1.0.0
880 silly packumentCache full:https://registry.npmjs.org/balanced-match cache-miss
881 http fetch GET 200 https://registry.npmjs.org/balanced-match 150ms (cache revalidated)
882 silly packumentCache full:https://registry.npmjs.org/balanced-match set size:33860 disposed:false
883 silly placeDep ROOT balanced-match@1.0.2 OK for: brace-expansion@2.0.1 want: ^1.0.0
884 silly placeDep ROOT minimist@1.2.8 OK for: tsconfig-paths@4.2.0 want: ^1.2.6
885 silly placeDep ROOT strip-bom@3.0.0 OK for: tsconfig-paths@4.2.0 want: ^3.0.0
886 silly placeDep ROOT escalade@3.2.0 OK for: update-browserslist-db@1.1.0 want: ^3.1.2
887 silly placeDep ROOT defaults@1.0.4 OK for: wcwidth@1.0.1 want: ^1.0.3
888 silly fetch manifest clone@^1.0.2
889 silly packumentCache full:https://registry.npmjs.org/clone cache-miss
890 http fetch GET 200 https://registry.npmjs.org/clone 181ms (cache revalidated)
891 silly packumentCache full:https://registry.npmjs.org/clone set size:82973 disposed:false
892 silly placeDep ROOT clone@1.0.4 OK for: defaults@1.0.4 want: ^1.0.2
893 silly placeDep ROOT isexe@2.0.0 OK for: which@2.0.2 want: ^2.0.0
894 silly placeDep ROOT ansi-styles@3.2.1 OK for: chalk@2.4.2 want: ^3.2.1
895 silly placeDep ROOT escape-string-regexp@1.0.5 OK for: chalk@2.4.2 want: ^1.0.5
896 silly placeDep ROOT supports-color@5.5.0 OK for: chalk@2.4.2 want: ^5.3.0
897 silly fetch manifest color-convert@^1.9.0
898 silly packumentCache full:https://registry.npmjs.org/color-convert cache-miss
899 silly fetch manifest has-flag@^3.0.0
900 silly packumentCache full:https://registry.npmjs.org/has-flag cache-miss
901 http fetch GET 200 https://registry.npmjs.org/color-convert 231ms (cache revalidated)
902 silly packumentCache full:https://registry.npmjs.org/color-convert set size:61781 disposed:false
903 http fetch GET 200 https://registry.npmjs.org/has-flag 262ms (cache revalidated)
904 silly packumentCache full:https://registry.npmjs.org/has-flag set size:15180 disposed:false
905 silly placeDep ROOT color-convert@1.9.3 OK for: ansi-styles@3.2.1 want: ^1.9.0
906 silly fetch manifest color-name@1.1.3
907 silly packumentCache full:https://registry.npmjs.org/color-name cache-miss
908 http fetch GET 200 https://registry.npmjs.org/color-name 246ms (cache revalidated)
909 silly packumentCache full:https://registry.npmjs.org/color-name set size:16325 disposed:false
910 silly placeDep ROOT color-name@1.1.3 OK for: color-convert@1.9.3 want: 1.1.3
911 silly placeDep ROOT has-flag@3.0.0 OK for: supports-color@5.5.0 want: ^3.0.0
912 silly placeDep node_modules/restore-cursor mimic-fn@2.1.0 OK for: onetime@5.1.2 want: ^2.1.0
913 silly reify moves {}
914 silly audit bulk request {
914 silly audit   'shadcn-ui': [ '0.9.1' ],
914 silly audit   '@antfu/ni': [ '0.21.12' ],
914 silly audit   '@babel/core': [ '7.25.2' ],
914 silly audit   '@babel/parser': [ '7.25.6' ],
914 silly audit   '@babel/plugin-transform-typescript': [ '7.25.2' ],
914 silly audit   chalk: [ '5.2.0', '2.4.2' ],
914 silly audit   commander: [ '10.0.1' ],
914 silly audit   cosmiconfig: [ '8.3.6' ],
914 silly audit   diff: [ '5.2.0' ],
914 silly audit   execa: [ '7.2.0' ],
914 silly audit   'fast-glob': [ '3.3.2' ],
914 silly audit   'fs-extra': [ '11.2.0' ],
914 silly audit   'https-proxy-agent': [ '6.2.1' ],
914 silly audit   'lodash.template': [ '4.5.0' ],
914 silly audit   'node-fetch': [ '3.3.2' ],
914 silly audit   ora: [ '6.3.1' ],
914 silly audit   prompts: [ '2.4.2' ],
914 silly audit   recast: [ '0.23.9' ],
914 silly audit   'ts-morph': [ '18.0.0' ],
914 silly audit   'tsconfig-paths': [ '4.2.0' ],
914 silly audit   zod: [ '3.23.8' ],
914 silly audit   '@ampproject/remapping': [ '2.3.0' ],
914 silly audit   '@babel/code-frame': [ '7.24.7' ],
914 silly audit   '@babel/generator': [ '7.25.6' ],
914 silly audit   '@babel/helper-compilation-targets': [ '7.25.2' ],
914 silly audit   '@babel/helper-module-transforms': [ '7.25.2' ],
914 silly audit   '@babel/helpers': [ '7.25.6' ],
914 silly audit   '@babel/template': [ '7.25.0' ],
914 silly audit   '@babel/traverse': [ '7.25.6' ],
914 silly audit   '@babel/types': [ '7.25.6' ],
914 silly audit   'convert-source-map': [ '2.0.0' ],
914 silly audit   debug: [ '4.3.7' ],
914 silly audit   gensync: [ '1.0.0-beta.2' ],
914 silly audit   json5: [ '2.2.3' ],
914 silly audit   semver: [ '6.3.1' ],
914 silly audit   '@jridgewell/gen-mapping': [ '0.3.5' ],
914 silly audit   '@jridgewell/trace-mapping': [ '0.3.25' ],
914 silly audit   '@babel/highlight': [ '7.24.7' ],
914 silly audit   picocolors: [ '1.1.0' ],
914 silly audit   jsesc: [ '2.5.2' ],
914 silly audit   '@babel/compat-data': [ '7.25.4' ],
914 silly audit   '@babel/helper-validator-option': [ '7.24.8' ],
914 silly audit   browserslist: [ '4.23.3' ],
914 silly audit   'lru-cache': [ '5.1.1' ],
914 silly audit   '@babel/helper-module-imports': [ '7.24.7' ],
914 silly audit   '@babel/helper-simple-access': [ '7.24.7' ],
914 silly audit   '@babel/helper-validator-identifier': [ '7.24.7' ],
914 silly audit   'js-tokens': [ '4.0.0' ],
914 silly audit   '@babel/helper-annotate-as-pure': [ '7.24.7' ],
914 silly audit   '@babel/helper-create-class-features-plugin': [ '7.25.4' ],
914 silly audit   '@babel/helper-plugin-utils': [ '7.24.8' ],
914 silly audit   '@babel/helper-skip-transparent-expression-wrappers': [ '7.24.7' ],
914 silly audit   '@babel/plugin-syntax-typescript': [ '7.25.4' ],
914 silly audit   '@babel/helper-member-expression-to-functions': [ '7.24.8' ],
914 silly audit   '@babel/helper-optimise-call-expression': [ '7.24.7' ],
914 silly audit   '@babel/helper-replace-supers': [ '7.25.0' ],
914 silly audit   globals: [ '11.12.0' ],
914 silly audit   '@babel/helper-string-parser': [ '7.24.8' ],
914 silly audit   'to-fast-properties': [ '2.0.0' ],
914 silly audit   '@jridgewell/set-array': [ '1.2.1' ],
914 silly audit   '@jridgewell/sourcemap-codec': [ '1.5.0' ],
914 silly audit   '@jridgewell/resolve-uri': [ '3.1.2' ],
914 silly audit   'caniuse-lite': [ '1.0.30001662' ],
914 silly audit   'electron-to-chromium': [ '1.5.25' ],
914 silly audit   'node-releases': [ '2.0.18' ],
914 silly audit   'update-browserslist-db': [ '1.1.0' ],
914 silly audit   'import-fresh': [ '3.3.0' ],
914 silly audit   'js-yaml': [ '4.1.0' ],
914 silly audit   'parse-json': [ '5.2.0' ],
914 silly audit   'path-type': [ '4.0.0' ],
914 silly audit   ms: [ '2.1.3' ],
914 silly audit   'cross-spawn': [ '7.0.3' ],
914 silly audit   'get-stream': [ '6.0.1' ],
914 silly audit   'human-signals': [ '4.3.1' ],
914 silly audit   'is-stream': [ '3.0.0' ],
914 silly audit   'merge-stream': [ '2.0.0' ],
914 silly audit   'npm-run-path': [ '5.3.0' ],
914 silly audit   onetime: [ '6.0.0', '5.1.2' ],
914 silly audit   'signal-exit': [ '3.0.7' ],
914 silly audit   'strip-final-newline': [ '3.0.0' ],
914 silly audit   'path-key': [ '3.1.1', '4.0.0' ],
914 silly audit   'shebang-command': [ '2.0.0' ],
914 silly audit   which: [ '2.0.2' ],
914 silly audit   '@nodelib/fs.stat': [ '2.0.5' ],
914 silly audit   '@nodelib/fs.walk': [ '1.2.8' ],
914 silly audit   'glob-parent': [ '5.1.2' ],
914 silly audit   merge2: [ '1.4.1' ],
914 silly audit   micromatch: [ '4.0.8' ],
914 silly audit   '@nodelib/fs.scandir': [ '2.1.5' ],
914 silly audit   fastq: [ '1.17.1' ],
914 silly audit   'run-parallel': [ '1.2.0' ],
914 silly audit   reusify: [ '1.0.4' ],
914 silly audit   'graceful-fs': [ '4.2.11' ],
914 silly audit   jsonfile: [ '6.1.0' ],
914 silly audit   universalify: [ '2.0.1' ],
914 silly audit   'is-glob': [ '4.0.3' ],
914 silly audit   'agent-base': [ '7.1.1' ],
914 silly audit   'parent-module': [ '1.0.1' ],
914 silly audit   'resolve-from': [ '4.0.0' ],
914 silly audit   'is-extglob': [ '2.1.1' ],
914 silly audit   argparse: [ '2.0.1' ],
914 silly audit   'lodash._reinterpolate': [ '3.0.0' ],
914 silly audit   'lodash.templatesettings': [ '4.2.0' ],
914 silly audit   yallist: [ '3.1.1' ],
914 silly audit   braces: [ '3.0.3' ],
914 silly audit   picomatch: [ '2.3.1' ],
914 silly audit   'fill-range': [ '7.1.1' ],
914 silly audit   'to-regex-range': [ '5.0.1' ],
914 silly audit   'data-uri-to-buffer': [ '4.0.1' ],
914 silly audit   'fetch-blob': [ '3.2.0' ],
914 silly audit   'formdata-polyfill': [ '4.0.10' ],
914 silly audit   'node-domexception': [ '1.0.0' ],
914 silly audit   'web-streams-polyfill': [ '3.3.3' ],
914 silly audit   'mimic-fn': [ '4.0.0', '2.1.0' ],
914 silly audit   'cli-cursor': [ '4.0.0' ],
914 silly audit   'cli-spinners': [ '2.9.2' ],
914 silly audit   'is-interactive': [ '2.0.0' ],
914 silly audit   'is-unicode-supported': [ '1.3.0' ],
914 silly audit   'log-symbols': [ '5.1.0' ],
914 silly audit   'stdin-discarder': [ '0.1.0' ],
914 silly audit   'strip-ansi': [ '7.1.0' ],
914 silly audit   wcwidth: [ '1.0.1' ],
914 silly audit   'restore-cursor': [ '4.0.0' ],
914 silly audit   callsites: [ '3.1.0' ],
914 silly audit   'error-ex': [ '1.3.2' ],
914 silly audit   'json-parse-even-better-errors': [ '2.3.1' ],
914 silly audit   'lines-and-columns': [ '1.2.4' ],
914 silly audit   'is-arrayish': [ '0.2.1' ],
914 silly audit   kleur: [ '3.0.3' ],
914 silly audit   sisteransi: [ '1.0.5' ],
914 silly audit   'ast-types': [ '0.16.1' ],
914 silly audit   esprima: [ '4.0.1' ],
914 silly audit   'source-map': [ '0.6.1' ],
914 silly audit   'tiny-invariant': [ '1.3.3' ],
914 silly audit   tslib: [ '2.7.0' ],
914 silly audit   'queue-microtask': [ '1.2.3' ],
914 silly audit   'shebang-regex': [ '3.0.0' ],
914 silly audit   bl: [ '5.1.0' ],
914 silly audit   buffer: [ '6.0.3' ],
914 silly audit   inherits: [ '2.0.4' ],
914 silly audit   'readable-stream': [ '3.6.2' ],
914 silly audit   'base64-js': [ '1.5.1' ],
914 silly audit   ieee754: [ '1.2.1' ],
914 silly audit   string_decoder: [ '1.3.0' ],
914 silly audit   'util-deprecate': [ '1.0.2' ],
914 silly audit   'safe-buffer': [ '5.2.1' ],
914 silly audit   'ansi-regex': [ '6.1.0' ],
914 silly audit   'is-number': [ '7.0.0' ],
914 silly audit   '@ts-morph/common': [ '0.19.0' ],
914 silly audit   'code-block-writer': [ '12.0.0' ],
914 silly audit   minimatch: [ '7.4.6' ],
914 silly audit   mkdirp: [ '2.1.6' ],
914 silly audit   'path-browserify': [ '1.0.1' ],
914 silly audit   'brace-expansion': [ '2.0.1' ],
914 silly audit   'balanced-match': [ '1.0.2' ],
914 silly audit   minimist: [ '1.2.8' ],
914 silly audit   'strip-bom': [ '3.0.0' ],
914 silly audit   escalade: [ '3.2.0' ],
914 silly audit   defaults: [ '1.0.4' ],
914 silly audit   clone: [ '1.0.4' ],
914 silly audit   isexe: [ '2.0.0' ],
914 silly audit   'ansi-styles': [ '3.2.1' ],
914 silly audit   'escape-string-regexp': [ '1.0.5' ],
914 silly audit   'supports-color': [ '5.5.0' ],
914 silly audit   'color-convert': [ '1.9.3' ],
914 silly audit   'color-name': [ '1.1.3' ],
914 silly audit   'has-flag': [ '3.0.0' ]
914 silly audit }
915 silly tarball no local data for ansi-regex@https://registry.npmjs.org/ansi-regex/-/ansi-regex-6.1.0.tgz. Extracting by manifest.
916 silly tarball no local data for electron-to-chromium@https://registry.npmjs.org/electron-to-chromium/-/electron-to-chromium-1.5.25.tgz. Extracting by manifest.
917 silly tarball no local data for caniuse-lite@https://registry.npmjs.org/caniuse-lite/-/caniuse-lite-1.0.30001662.tgz. Extracting by manifest.
918 silly tarball no local data for shadcn-ui@https://registry.npmjs.org/shadcn-ui/-/shadcn-ui-0.9.1.tgz. Extracting by manifest.
919 http fetch GET 200 https://registry.npmjs.org/ansi-regex/-/ansi-regex-6.1.0.tgz 400ms (cache miss)
920 http fetch GET 200 https://registry.npmjs.org/shadcn-ui/-/shadcn-ui-0.9.1.tgz 453ms (cache miss)
921 http fetch POST 200 https://registry.npmjs.org/-/npm/v1/security/advisories/bulk 528ms
922 silly audit report {
922 silly audit report   'lodash.template': [
922 silly audit report     {
922 silly audit report       id: 1096993,
922 silly audit report       url: 'https://github.com/advisories/GHSA-35jh-r3h4-6jhm',
922 silly audit report       title: 'Command Injection in lodash',
922 silly audit report       severity: 'high',
922 silly audit report       vulnerable_versions: '<=4.5.0',
922 silly audit report       cwe: [Array],
922 silly audit report       cvss: [Object]
922 silly audit report     }
922 silly audit report   ]
922 silly audit report }
923 silly packumentCache corgi:https://registry.npmjs.org/lodash.template cache-miss
924 http fetch GET 200 https://registry.npmjs.org/electron-to-chromium/-/electron-to-chromium-1.5.25.tgz 624ms (cache miss)
925 http fetch GET 200 https://registry.npmjs.org/lodash.template 252ms (cache revalidated)
926 silly packumentCache corgi:https://registry.npmjs.org/lodash.template set size:25214 disposed:false
927 silly packumentCache corgi:https://registry.npmjs.org/shadcn-ui cache-miss
928 http fetch GET 200 https://registry.npmjs.org/shadcn-ui 37ms (cache hit)
929 silly packumentCache corgi:https://registry.npmjs.org/shadcn-ui set size:63999 disposed:false
930 http fetch GET 200 https://registry.npmjs.org/caniuse-lite/-/caniuse-lite-1.0.30001662.tgz 1955ms (cache miss)
931 verbose cwd C:\Users\angit\React\image-ine
932 verbose os Windows_NT 10.0.22631
933 verbose node v20.13.1
934 verbose npm  v10.8.3
935 verbose exit 1
936 verbose code 1
