0 verbose cli C:\Program Files\nodejs\node.exe C:\Users\angit\AppData\Roaming\npm\node_modules\npm\bin\npm-cli.js
1 info using npm@10.8.3
2 info using node@v20.13.1
3 silly config load:file:C:\Users\angit\AppData\Roaming\npm\node_modules\npm\npmrc
4 silly config load:file:C:\Users\angit\React\image-ine\.npmrc
5 silly config load:file:C:\Users\angit\.npmrc
6 silly config load:file:C:\Users\angit\AppData\Roaming\npm\etc\npmrc
7 verbose title npm install mongodb mongoose
8 verbose argv "install" "mongodb" "mongoose"
9 verbose logfile logs-max:10 dir:C:\Users\angit\React\image-ine\UsersangitAppDataRoamingnpm-cache\_logs\2024-09-22T13_09_44_927Z-
10 verbose logfile C:\Users\angit\React\image-ine\UsersangitAppDataRoamingnpm-cache\_logs\2024-09-22T13_09_44_927Z-debug-0.log
11 silly packumentCache heap:4345298944 maxSize:1086324736 maxEntrySize:543162368
12 silly logfile start cleaning logs, removing 1 files
13 silly logfile done cleaning log files
14 silly idealTree buildDeps
15 silly fetch manifest mongodb@*
16 silly packumentCache full:https://registry.npmjs.org/mongodb cache-miss
17 http fetch GET 200 https://registry.npmjs.org/mongodb 370ms (cache miss)
18 silly packumentCache full:https://registry.npmjs.org/mongodb set size:undefined disposed:false
19 silly fetch manifest @aws-sdk/credential-providers@^3.188.0
20 silly packumentCache full:https://registry.npmjs.org/@aws-sdk%2fcredential-providers cache-miss
21 http fetch GET 200 https://registry.npmjs.org/@aws-sdk%2fcredential-providers 116ms (cache miss)
22 silly packumentCache full:https://registry.npmjs.org/@aws-sdk%2fcredential-providers set size:undefined disposed:false
23 silly fetch manifest @mongodb-js/zstd@^1.1.0
24 silly packumentCache full:https://registry.npmjs.org/@mongodb-js%2fzstd cache-miss
25 http fetch GET 200 https://registry.npmjs.org/@mongodb-js%2fzstd 83ms (cache miss)
26 silly packumentCache full:https://registry.npmjs.org/@mongodb-js%2fzstd set size:undefined disposed:false
27 silly fetch manifest gcp-metadata@^5.2.0
28 silly packumentCache full:https://registry.npmjs.org/gcp-metadata cache-miss
29 http fetch GET 200 https://registry.npmjs.org/gcp-metadata 76ms (cache miss)
30 silly packumentCache full:https://registry.npmjs.org/gcp-metadata set size:undefined disposed:false
31 silly fetch manifest kerberos@^2.0.1
32 silly packumentCache full:https://registry.npmjs.org/kerberos cache-miss
33 http fetch GET 200 https://registry.npmjs.org/kerberos 68ms (cache miss)
34 silly packumentCache full:https://registry.npmjs.org/kerberos set size:undefined disposed:false
35 silly fetch manifest mongodb-client-encryption@>=6.0.0 <7
36 silly packumentCache full:https://registry.npmjs.org/mongodb-client-encryption cache-miss
37 http fetch GET 200 https://registry.npmjs.org/mongodb-client-encryption 65ms (cache miss)
38 silly packumentCache full:https://registry.npmjs.org/mongodb-client-encryption set size:undefined disposed:false
39 silly fetch manifest snappy@^7.2.2
40 silly packumentCache full:https://registry.npmjs.org/snappy cache-miss
41 http fetch GET 200 https://registry.npmjs.org/snappy 67ms (cache miss)
42 silly packumentCache full:https://registry.npmjs.org/snappy set size:undefined disposed:false
43 silly fetch manifest socks@^2.7.1
44 silly packumentCache full:https://registry.npmjs.org/socks cache-miss
45 http fetch GET 200 https://registry.npmjs.org/socks 73ms (cache miss)
46 silly packumentCache full:https://registry.npmjs.org/socks set size:undefined disposed:false
47 silly fetch manifest mongoose@*
48 silly packumentCache full:https://registry.npmjs.org/mongoose cache-miss
49 http fetch GET 200 https://registry.npmjs.org/mongoose 107ms (cache miss)
50 silly packumentCache full:https://registry.npmjs.org/mongoose set size:undefined disposed:false
51 silly placeDep ROOT mongodb@6.9.0 OK for: image-ine@0.1.0 want: *
52 silly placeDep ROOT mongoose@8.6.3 OK for: image-ine@0.1.0 want: *
53 silly fetch manifest bson@^6.7.0
54 silly packumentCache full:https://registry.npmjs.org/bson cache-miss
55 silly fetch manifest @mongodb-js/saslprep@^1.1.5
56 silly packumentCache full:https://registry.npmjs.org/@mongodb-js%2fsaslprep cache-miss
57 silly fetch manifest mongodb-connection-string-url@^3.0.0
58 silly packumentCache full:https://registry.npmjs.org/mongodb-connection-string-url cache-miss
59 silly fetch manifest bson@^6.7.0
60 silly packumentCache full:https://registry.npmjs.org/bson cache-miss
61 silly fetch manifest kareem@2.6.3
62 silly packumentCache full:https://registry.npmjs.org/kareem cache-miss
63 silly fetch manifest mongodb@6.8.0
64 silly packumentCache full:https://registry.npmjs.org/mongodb cache-miss
65 silly fetch manifest mpath@0.9.0
66 silly packumentCache full:https://registry.npmjs.org/mpath cache-miss
67 silly fetch manifest mquery@5.0.0
68 silly packumentCache full:https://registry.npmjs.org/mquery cache-miss
69 silly fetch manifest sift@17.1.3
70 silly packumentCache full:https://registry.npmjs.org/sift cache-miss
71 http fetch GET 200 https://registry.npmjs.org/mongodb 29ms (cache hit)
72 silly packumentCache full:https://registry.npmjs.org/mongodb set size:2245881 disposed:false
73 http fetch GET 200 https://registry.npmjs.org/bson 80ms (cache miss)
74 silly packumentCache full:https://registry.npmjs.org/bson set size:undefined disposed:false
75 http fetch GET 200 https://registry.npmjs.org/mpath 205ms (cache miss)
76 silly packumentCache full:https://registry.npmjs.org/mpath set size:undefined disposed:false
77 http fetch GET 200 https://registry.npmjs.org/kareem 232ms (cache miss)
78 silly packumentCache full:https://registry.npmjs.org/kareem set size:undefined disposed:false
79 http fetch GET 200 https://registry.npmjs.org/mquery 237ms (cache miss)
80 silly packumentCache full:https://registry.npmjs.org/mquery set size:undefined disposed:false
81 http fetch GET 200 https://registry.npmjs.org/mongodb-connection-string-url 243ms (cache miss)
82 silly packumentCache full:https://registry.npmjs.org/mongodb-connection-string-url set size:undefined disposed:false
83 http fetch GET 200 https://registry.npmjs.org/@mongodb-js%2fsaslprep 248ms (cache miss)
84 silly packumentCache full:https://registry.npmjs.org/@mongodb-js%2fsaslprep set size:undefined disposed:false
85 http fetch GET 200 https://registry.npmjs.org/sift 252ms (cache miss)
86 silly packumentCache full:https://registry.npmjs.org/sift set size:undefined disposed:false
87 http fetch GET 200 https://registry.npmjs.org/bson 257ms (cache miss)
88 silly packumentCache full:https://registry.npmjs.org/bson set size:undefined disposed:false
89 silly placeDep ROOT @mongodb-js/saslprep@1.1.9 OK for: mongodb@6.9.0 want: ^1.1.5
90 silly placeDep ROOT bson@6.8.0 OK for: mongodb@6.9.0 want: ^6.7.0
91 silly placeDep ROOT mongodb-connection-string-url@3.0.1 OK for: mongodb@6.9.0 want: ^3.0.0
92 silly fetch manifest sparse-bitfield@^3.0.3
93 silly packumentCache full:https://registry.npmjs.org/sparse-bitfield cache-miss
94 silly fetch manifest whatwg-url@^13.0.0
95 silly packumentCache full:https://registry.npmjs.org/whatwg-url cache-miss
96 silly fetch manifest @types/whatwg-url@^11.0.2
97 silly packumentCache full:https://registry.npmjs.org/@types%2fwhatwg-url cache-miss
98 http fetch GET 200 https://registry.npmjs.org/@types%2fwhatwg-url 83ms (cache miss)
99 silly packumentCache full:https://registry.npmjs.org/@types%2fwhatwg-url set size:undefined disposed:false
100 http fetch GET 200 https://registry.npmjs.org/whatwg-url 85ms (cache miss)
101 silly packumentCache full:https://registry.npmjs.org/whatwg-url set size:undefined disposed:false
102 http fetch GET 200 https://registry.npmjs.org/sparse-bitfield 96ms (cache miss)
103 silly packumentCache full:https://registry.npmjs.org/sparse-bitfield set size:undefined disposed:false
104 silly placeDep ROOT sparse-bitfield@3.0.3 OK for: @mongodb-js/saslprep@1.1.9 want: ^3.0.3
105 silly fetch manifest memory-pager@^1.0.2
106 silly packumentCache full:https://registry.npmjs.org/memory-pager cache-miss
107 http fetch GET 200 https://registry.npmjs.org/memory-pager 73ms (cache miss)
108 silly packumentCache full:https://registry.npmjs.org/memory-pager set size:undefined disposed:false
109 silly placeDep ROOT @types/whatwg-url@11.0.5 OK for: mongodb-connection-string-url@3.0.1 want: ^11.0.2
110 silly placeDep ROOT whatwg-url@13.0.0 OK for: mongodb-connection-string-url@3.0.1 want: ^13.0.0
111 silly fetch manifest @types/webidl-conversions@*
112 silly packumentCache full:https://registry.npmjs.org/@types%2fwebidl-conversions cache-miss
113 silly fetch manifest tr46@^4.1.1
114 silly packumentCache full:https://registry.npmjs.org/tr46 cache-miss
115 silly fetch manifest webidl-conversions@^7.0.0
116 silly packumentCache full:https://registry.npmjs.org/webidl-conversions cache-miss
117 http fetch GET 200 https://registry.npmjs.org/tr46 80ms (cache miss)
118 silly packumentCache full:https://registry.npmjs.org/tr46 set size:undefined disposed:false
119 http fetch GET 200 https://registry.npmjs.org/webidl-conversions 81ms (cache miss)
120 silly packumentCache full:https://registry.npmjs.org/webidl-conversions set size:undefined disposed:false
121 http fetch GET 200 https://registry.npmjs.org/@types%2fwebidl-conversions 83ms (cache miss)
122 silly packumentCache full:https://registry.npmjs.org/@types%2fwebidl-conversions set size:undefined disposed:false
123 silly placeDep ROOT @types/webidl-conversions@7.0.3 OK for: @types/whatwg-url@11.0.5 want: *
124 silly placeDep ROOT kareem@2.6.3 OK for: mongoose@8.6.3 want: 2.6.3
125 silly placeDep node_modules/mongoose mongodb@6.8.0 OK for: mongoose@8.6.3 want: 6.8.0
126 silly placeDep ROOT mpath@0.9.0 OK for: mongoose@8.6.3 want: 0.9.0
127 silly placeDep ROOT mquery@5.0.0 OK for: mongoose@8.6.3 want: 5.0.0
128 silly placeDep ROOT sift@17.1.3 OK for: mongoose@8.6.3 want: 17.1.3
129 silly placeDep ROOT memory-pager@1.5.0 OK for: sparse-bitfield@3.0.3 want: ^1.0.2
130 silly placeDep ROOT tr46@4.1.1 OK for: whatwg-url@13.0.0 want: ^4.1.1
131 silly placeDep ROOT webidl-conversions@7.0.0 OK for: whatwg-url@13.0.0 want: ^7.0.0
132 silly reify mark retired [
132 silly reify   'C:\\Users\\angit\\React\\image-ine\\node_modules\\shadcn-ui',
132 silly reify   'C:\\Users\\angit\\React\\image-ine\\node_modules\\.bin\\shadcn-ui',
132 silly reify   'C:\\Users\\angit\\React\\image-ine\\node_modules\\.bin\\shadcn-ui.cmd',
132 silly reify   'C:\\Users\\angit\\React\\image-ine\\node_modules\\.bin\\shadcn-ui.ps1'
132 silly reify ]
133 silly reify moves {
133 silly reify   'C:\\Users\\angit\\React\\image-ine\\node_modules\\shadcn-ui': 'C:\\Users\\angit\\React\\image-ine\\node_modules\\.shadcn-ui-4xw193T1',
133 silly reify   'C:\\Users\\angit\\React\\image-ine\\node_modules\\.bin\\shadcn-ui': 'C:\\Users\\angit\\React\\image-ine\\node_modules\\.bin\\.shadcn-ui-UFEwtdxH',
133 silly reify   'C:\\Users\\angit\\React\\image-ine\\node_modules\\.bin\\shadcn-ui.cmd': 'C:\\Users\\angit\\React\\image-ine\\node_modules\\.bin\\.shadcn-ui.cmd-4kYuWWzh',
133 silly reify   'C:\\Users\\angit\\React\\image-ine\\node_modules\\.bin\\shadcn-ui.ps1': 'C:\\Users\\angit\\React\\image-ine\\node_modules\\.bin\\.shadcn-ui.ps1-Kad9GqPJ'
133 silly reify }
134 silly audit bulk request {
134 silly audit   '@alloc/quick-lru': [ '5.2.0' ],
134 silly audit   '@ampproject/remapping': [ '2.3.0' ],
134 silly audit   '@antfu/ni': [ '0.21.12' ],
134 silly audit   '@babel/code-frame': [ '7.24.7' ],
134 silly audit   '@babel/compat-data': [ '7.25.4' ],
134 silly audit   '@babel/core': [ '7.25.2' ],
134 silly audit   json5: [ '2.2.3', '1.0.2' ],
134 silly audit   semver: [ '6.3.1', '7.6.3' ],
134 silly audit   '@babel/generator': [ '7.25.6' ],
134 silly audit   '@babel/helper-annotate-as-pure': [ '7.24.7' ],
134 silly audit   '@babel/helper-compilation-targets': [ '7.25.2' ],
134 silly audit   'lru-cache': [ '5.1.1', '10.4.3' ],
134 silly audit   '@babel/helper-create-class-features-plugin': [ '7.25.4' ],
134 silly audit   '@babel/helper-member-expression-to-functions': [ '7.24.8' ],
134 silly audit   '@babel/helper-module-imports': [ '7.24.7' ],
134 silly audit   '@babel/helper-module-transforms': [ '7.25.2' ],
134 silly audit   '@babel/helper-optimise-call-expression': [ '7.24.7' ],
134 silly audit   '@babel/helper-plugin-utils': [ '7.24.8' ],
134 silly audit   '@babel/helper-replace-supers': [ '7.25.0' ],
134 silly audit   '@babel/helper-simple-access': [ '7.24.7' ],
134 silly audit   '@babel/helper-skip-transparent-expression-wrappers': [ '7.24.7' ],
134 silly audit   '@babel/helper-string-parser': [ '7.24.8' ],
134 silly audit   '@babel/helper-validator-identifier': [ '7.24.7' ],
134 silly audit   '@babel/helper-validator-option': [ '7.24.8' ],
134 silly audit   '@babel/helpers': [ '7.25.6' ],
134 silly audit   '@babel/highlight': [ '7.24.7' ],
134 silly audit   'ansi-styles': [ '3.2.1', '4.3.0', '6.2.1' ],
134 silly audit   chalk: [ '2.4.2', '4.1.2', '5.3.0', '5.2.0' ],
134 silly audit   'color-convert': [ '1.9.3', '2.0.1' ],
134 silly audit   'color-name': [ '1.1.3', '1.1.4' ],
134 silly audit   'escape-string-regexp': [ '1.0.5', '4.0.0' ],
134 silly audit   'has-flag': [ '3.0.0', '4.0.0' ],
134 silly audit   'supports-color': [ '5.5.0', '7.2.0' ],
134 silly audit   '@babel/parser': [ '7.25.6' ],
134 silly audit   '@babel/plugin-syntax-typescript': [ '7.25.4' ],
134 silly audit   '@babel/plugin-transform-typescript': [ '7.25.2' ],
134 silly audit   '@babel/template': [ '7.25.0' ],
134 silly audit   '@babel/traverse': [ '7.25.6' ],
134 silly audit   globals: [ '11.12.0', '13.24.0' ],
134 silly audit   '@babel/types': [ '7.25.6' ],
134 silly audit   '@clerk/backend': [ '1.9.2' ],
134 silly audit   tslib: [ '2.4.1', '2.7.0' ],
134 silly audit   '@clerk/clerk-react': [ '5.7.0' ],
134 silly audit   '@clerk/nextjs': [ '5.4.1' ],
134 silly audit   '@clerk/shared': [ '2.6.2' ],
134 silly audit   '@clerk/types': [ '4.19.0' ],
134 silly audit   csstype: [ '3.1.1', '3.1.3' ],
134 silly audit   '@eslint-community/eslint-utils': [ '4.4.0' ],
134 silly audit   '@eslint-community/regexpp': [ '4.11.0' ],
134 silly audit   '@eslint/eslintrc': [ '2.1.4' ],
134 silly audit   '@eslint/js': [ '8.57.0' ],
134 silly audit   '@humanwhocodes/config-array': [ '0.11.14' ],
134 silly audit   '@humanwhocodes/module-importer': [ '1.0.1' ],
134 silly audit   '@humanwhocodes/object-schema': [ '2.0.3' ],
134 silly audit   '@isaacs/cliui': [ '8.0.2' ],
134 silly audit   'ansi-regex': [ '6.0.1', '5.0.1' ],
134 silly audit   'strip-ansi': [ '7.1.0', '6.0.1' ],
134 silly audit   '@jridgewell/gen-mapping': [ '0.3.5' ],
134 silly audit   '@jridgewell/resolve-uri': [ '3.1.2' ],
134 silly audit   '@jridgewell/set-array': [ '1.2.1' ],
134 silly audit   '@jridgewell/sourcemap-codec': [ '1.5.0' ],
134 silly audit   '@jridgewell/trace-mapping': [ '0.3.25' ],
134 silly audit   '@next/env': [ '14.2.8' ],
134 silly audit   '@next/eslint-plugin-next': [ '14.2.8' ],
134 silly audit   '@next/swc-darwin-arm64': [ '14.2.8' ],
134 silly audit   '@next/swc-darwin-x64': [ '14.2.8' ],
134 silly audit   '@next/swc-linux-arm64-gnu': [ '14.2.8' ],
134 silly audit   '@next/swc-linux-arm64-musl': [ '14.2.8' ],
134 silly audit   '@next/swc-linux-x64-gnu': [ '14.2.8' ],
134 silly audit   '@next/swc-linux-x64-musl': [ '14.2.8' ],
134 silly audit   '@next/swc-win32-arm64-msvc': [ '14.2.8' ],
134 silly audit   '@next/swc-win32-ia32-msvc': [ '14.2.8' ],
134 silly audit   '@next/swc-win32-x64-msvc': [ '14.2.8' ],
134 silly audit   '@nodelib/fs.scandir': [ '2.1.5' ],
134 silly audit   '@nodelib/fs.stat': [ '2.0.5' ],
134 silly audit   '@nodelib/fs.walk': [ '1.2.8' ],
134 silly audit   '@nolyfill/is-core-module': [ '1.0.39' ],
134 silly audit   '@pkgjs/parseargs': [ '0.11.0' ],
134 silly audit   '@radix-ui/primitive': [ '1.1.0' ],
134 silly audit   '@radix-ui/react-compose-refs': [ '1.1.0' ],
134 silly audit   '@radix-ui/react-context': [ '1.1.0' ],
134 silly audit   '@radix-ui/react-dialog': [ '1.1.1' ],
134 silly audit   '@radix-ui/react-dismissable-layer': [ '1.1.0' ],
134 silly audit   '@radix-ui/react-focus-guards': [ '1.1.0' ],
134 silly audit   '@radix-ui/react-focus-scope': [ '1.1.0' ],
134 silly audit   '@radix-ui/react-id': [ '1.1.0' ],
134 silly audit   '@radix-ui/react-portal': [ '1.1.1' ],
134 silly audit   '@radix-ui/react-presence': [ '1.1.0' ],
134 silly audit   '@radix-ui/react-primitive': [ '2.0.0' ],
134 silly audit   '@radix-ui/react-slot': [ '1.1.0' ],
134 silly audit   '@radix-ui/react-use-callback-ref': [ '1.1.0' ],
134 silly audit   '@radix-ui/react-use-controllable-state': [ '1.1.0' ],
134 silly audit   '@radix-ui/react-use-escape-keydown': [ '1.1.0' ],
134 silly audit   '@radix-ui/react-use-layout-effect': [ '1.1.0' ],
134 silly audit   '@rtsao/scc': [ '1.1.0' ],
134 silly audit   '@rushstack/eslint-patch': [ '1.10.4' ],
134 silly audit   '@swc/counter': [ '0.1.3' ],
134 silly audit   '@swc/helpers': [ '0.5.5' ],
134 silly audit   '@ts-morph/common': [ '0.19.0' ],
134 silly audit   'brace-expansion': [ '2.0.1', '1.1.11' ],
134 silly audit   minimatch: [ '7.4.6', '9.0.3', '9.0.5', '3.1.2' ],
134 silly audit   '@types/json-schema': [ '7.0.15' ],
134 silly audit   '@types/json5': [ '0.0.29' ],
134 silly audit   '@types/node': [ '20.16.5' ],
134 silly audit   '@types/prop-types': [ '15.7.12' ],
134 silly audit   '@types/react': [ '18.3.5' ],
134 silly audit   '@types/react-dom': [ '18.3.0' ],
134 silly audit   '@types/semver': [ '7.5.8' ],
134 silly audit   '@typescript-eslint/eslint-plugin': [ '7.2.0' ],
134 silly audit   '@typescript-eslint/parser': [ '7.2.0' ],
134 silly audit   '@typescript-eslint/scope-manager': [ '7.2.0' ],
134 silly audit   '@typescript-eslint/type-utils': [ '7.2.0' ],
134 silly audit   '@typescript-eslint/types': [ '7.2.0' ],
134 silly audit   '@typescript-eslint/typescript-estree': [ '7.2.0' ],
134 silly audit   '@typescript-eslint/utils': [ '7.2.0' ],
134 silly audit   '@typescript-eslint/visitor-keys': [ '7.2.0' ],
134 silly audit   '@ungap/structured-clone': [ '1.2.0' ],
134 silly audit   acorn: [ '8.12.1' ],
134 silly audit   'acorn-jsx': [ '5.3.2' ],
134 silly audit   'agent-base': [ '7.1.1' ],
134 silly audit   ajv: [ '6.12.6' ],
134 silly audit   'any-promise': [ '1.3.0' ],
134 silly audit   anymatch: [ '3.1.3' ],
134 silly audit   arg: [ '5.0.2' ],
134 silly audit   argparse: [ '2.0.1' ],
134 silly audit   'aria-hidden': [ '1.2.4' ],
134 silly audit   'aria-query': [ '5.1.3' ],
134 silly audit   'array-buffer-byte-length': [ '1.0.1' ],
134 silly audit   'array-includes': [ '3.1.8' ],
134 silly audit   'array-union': [ '2.1.0' ],
134 silly audit   'array.prototype.findlast': [ '1.2.5' ],
134 silly audit   'array.prototype.findlastindex': [ '1.2.5' ],
134 silly audit   'array.prototype.flat': [ '1.3.2' ],
134 silly audit   'array.prototype.flatmap': [ '1.3.2' ],
134 silly audit   'array.prototype.tosorted': [ '1.1.4' ],
134 silly audit   'arraybuffer.prototype.slice': [ '1.0.3' ],
134 silly audit   'ast-types': [ '0.16.1' ],
134 silly audit   'ast-types-flow': [ '0.0.8' ],
134 silly audit   'available-typed-arrays': [ '1.0.7' ],
134 silly audit   'axe-core': [ '4.10.0' ],
134 silly audit   'axobject-query': [ '4.1.0' ],
134 silly audit   'balanced-match': [ '1.0.2' ],
134 silly audit   'base64-js': [ '1.5.1' ],
134 silly audit   'binary-extensions': [ '2.3.0' ],
134 silly audit   bl: [ '5.1.0' ],
134 silly audit   braces: [ '3.0.3' ],
134 silly audit   browserslist: [ '4.23.3' ],
134 silly audit   buffer: [ '6.0.3' ],
134 silly audit   busboy: [ '1.6.0' ],
134 silly audit   'call-bind': [ '1.0.7' ],
134 silly audit   callsites: [ '3.1.0' ],
134 silly audit   'camelcase-css': [ '2.0.1' ],
134 silly audit   'caniuse-lite': [ '1.0.30001659' ],
134 silly audit   chokidar: [ '3.6.0' ],
134 silly audit   'glob-parent': [ '5.1.2', '6.0.2' ],
134 silly audit   'class-variance-authority': [ '0.7.0' ],
134 silly audit   clsx: [ '2.0.0', '2.1.1' ],
134 silly audit   'cli-cursor': [ '4.0.0' ],
134 silly audit   'cli-spinners': [ '2.9.2' ],
134 silly audit   'client-only': [ '0.0.1' ],
134 silly audit   clone: [ '1.0.4' ],
134 silly audit   'code-block-writer': [ '12.0.0' ],
134 silly audit   commander: [ '4.1.1', '10.0.1' ],
134 silly audit   'concat-map': [ '0.0.1' ],
134 silly audit   'convert-source-map': [ '2.0.0' ],
134 silly audit   cookie: [ '0.5.0' ],
134 silly audit   cosmiconfig: [ '8.3.6' ],
134 silly audit   'cross-spawn': [ '7.0.3' ],
134 silly audit   'crypto-js': [ '4.2.0' ],
134 silly audit   cssesc: [ '3.0.0' ],
134 silly audit   'damerau-levenshtein': [ '1.0.8' ],
134 silly audit   'data-uri-to-buffer': [ '4.0.1' ],
134 silly audit   'data-view-buffer': [ '1.0.1' ],
134 silly audit   'data-view-byte-length': [ '1.0.1' ],
134 silly audit   'data-view-byte-offset': [ '1.0.0' ],
134 silly audit   debug: [ '4.3.7', '3.2.7' ],
134 silly audit   'deep-equal': [ '2.2.3' ],
134 silly audit   'deep-is': [ '0.1.4' ],
134 silly audit   defaults: [ '1.0.4' ],
134 silly audit   'define-data-property': [ '1.1.4' ],
134 silly audit   'define-properties': [ '1.2.1' ],
134 silly audit   'detect-node-es': [ '1.1.0' ],
134 silly audit   didyoumean: [ '1.2.2' ],
134 silly audit   diff: [ '5.2.0' ],
134 silly audit   'dir-glob': [ '3.0.1' ],
134 silly audit   dlv: [ '1.1.3' ],
134 silly audit   doctrine: [ '3.0.0', '2.1.0' ],
134 silly audit   'dot-case': [ '3.0.4' ],
134 silly audit   eastasianwidth: [ '0.2.0' ],
134 silly audit   'electron-to-chromium': [ '1.5.18' ],
134 silly audit   'emoji-regex': [ '9.2.2', '8.0.0' ],
134 silly audit   'enhanced-resolve': [ '5.17.1' ],
134 silly audit   'error-ex': [ '1.3.2' ],
134 silly audit   'es-abstract': [ '1.23.3' ],
134 silly audit   'es-define-property': [ '1.0.0' ],
134 silly audit   'es-errors': [ '1.3.0' ],
134 silly audit   'es-get-iterator': [ '1.1.3' ],
134 silly audit   'es-iterator-helpers': [ '1.0.19' ],
134 silly audit   'es-object-atoms': [ '1.0.0' ],
134 silly audit   'es-set-tostringtag': [ '2.0.3' ],
134 silly audit   'es-shim-unscopables': [ '1.0.2' ],
134 silly audit   'es-to-primitive': [ '1.2.1' ],
134 silly audit   escalade: [ '3.2.0' ],
134 silly audit   eslint: [ '8.57.0' ],
134 silly audit   'eslint-config-next': [ '14.2.8' ],
134 silly audit   'eslint-import-resolver-node': [ '0.3.9' ],
134 silly audit   'eslint-import-resolver-typescript': [ '3.6.3' ],
134 silly audit   'eslint-module-utils': [ '2.11.0' ],
134 silly audit   'eslint-plugin-import': [ '2.30.0' ],
134 silly audit   'eslint-plugin-jsx-a11y': [ '6.10.0' ],
134 silly audit   'eslint-plugin-react': [ '7.35.2' ],
134 silly audit   'eslint-plugin-react-hooks': [ '4.6.2' ],
134 silly audit   resolve: [ '2.0.0-next.5', '1.22.8' ],
134 silly audit   'eslint-scope': [ '7.2.2' ],
134 silly audit   'eslint-visitor-keys': [ '3.4.3' ],
134 silly audit   espree: [ '9.6.1' ],
134 silly audit   esprima: [ '4.0.1' ],
134 silly audit   esquery: [ '1.6.0' ],
134 silly audit   esrecurse: [ '4.3.0' ],
134 silly audit   estraverse: [ '5.3.0' ],
134 silly audit   esutils: [ '2.0.3' ],
134 silly audit   execa: [ '7.2.0' ],
134 silly audit   'signal-exit': [ '3.0.7', '4.1.0' ],
134 silly audit   'fast-deep-equal': [ '3.1.3' ],
134 silly audit   'fast-glob': [ '3.3.2' ],
134 silly audit   'fast-json-stable-stringify': [ '2.1.0' ],
134 silly audit   'fast-levenshtein': [ '2.0.6' ],
134 silly audit   fastq: [ '1.17.1' ],
134 silly audit   'fetch-blob': [ '3.2.0' ],
134 silly audit   'file-entry-cache': [ '6.0.1' ],
134 silly audit   'fill-range': [ '7.1.1' ],
134 silly audit   'find-up': [ '5.0.0' ],
134 silly audit   'flat-cache': [ '3.2.0' ],
134 silly audit   flatted: [ '3.3.1' ],
134 silly audit   'for-each': [ '0.3.3' ],
134 silly audit   'foreground-child': [ '3.3.0' ],
134 silly audit   'formdata-polyfill': [ '4.0.10' ],
134 silly audit   'fs-extra': [ '11.2.0' ],
134 silly audit   'fs.realpath': [ '1.0.0' ],
134 silly audit   fsevents: [ '2.3.3' ],
134 silly audit   'function-bind': [ '1.1.2' ],
134 silly audit   'function.prototype.name': [ '1.1.6' ],
134 silly audit   'functions-have-names': [ '1.2.3' ],
134 silly audit   gensync: [ '1.0.0-beta.2' ],
134 silly audit   'get-intrinsic': [ '1.2.4' ],
134 silly audit   'get-nonce': [ '1.0.1' ],
134 silly audit   'get-stream': [ '6.0.1' ],
134 silly audit   'get-symbol-description': [ '1.0.2' ],
134 silly audit   'get-tsconfig': [ '4.8.0' ],
134 silly audit   glob: [ '10.3.10', '7.2.3' ],
134 silly audit   'glob-to-regexp': [ '0.4.1' ],
134 silly audit   globalthis: [ '1.0.4' ],
134 silly audit   globby: [ '11.1.0' ],
134 silly audit   gopd: [ '1.0.1' ],
134 silly audit   'graceful-fs': [ '4.2.11' ],
134 silly audit   graphemer: [ '1.4.0' ],
134 silly audit   'has-bigints': [ '1.0.2' ],
134 silly audit   'has-property-descriptors': [ '1.0.2' ],
134 silly audit   'has-proto': [ '1.0.3' ],
134 silly audit   'has-symbols': [ '1.0.3' ],
134 silly audit   'has-tostringtag': [ '1.0.2' ],
134 silly audit   hasown: [ '2.0.2' ],
134 silly audit   'https-proxy-agent': [ '6.2.1' ],
134 silly audit   'human-signals': [ '4.3.1' ],
134 silly audit   ieee754: [ '1.2.1' ],
134 silly audit   ignore: [ '5.3.2' ],
134 silly audit   'import-fresh': [ '3.3.0' ],
134 silly audit   imurmurhash: [ '0.1.4' ],
134 silly audit   inflight: [ '1.0.6' ],
134 silly audit   inherits: [ '2.0.4' ],
134 silly audit   'internal-slot': [ '1.0.7' ],
134 silly audit   invariant: [ '2.2.4' ],
134 silly audit   'is-arguments': [ '1.1.1' ],
134 silly audit   'is-array-buffer': [ '3.0.4' ],
134 silly audit   'is-arrayish': [ '0.2.1' ],
134 silly audit   'is-async-function': [ '2.0.0' ],
134 silly audit   'is-bigint': [ '1.0.4' ],
134 silly audit   'is-binary-path': [ '2.1.0' ],
134 silly audit   'is-boolean-object': [ '1.1.2' ],
134 silly audit   'is-bun-module': [ '1.2.1' ],
134 silly audit   'is-callable': [ '1.2.7' ],
134 silly audit   'is-core-module': [ '2.15.1' ],
134 silly audit   'is-data-view': [ '1.0.1' ],
134 silly audit   'is-date-object': [ '1.0.5' ],
134 silly audit   'is-extglob': [ '2.1.1' ],
134 silly audit   'is-finalizationregistry': [ '1.0.2' ],
134 silly audit   'is-fullwidth-code-point': [ '3.0.0' ],
134 silly audit   'is-generator-function': [ '1.0.10' ],
134 silly audit   'is-glob': [ '4.0.3' ],
134 silly audit   'is-interactive': [ '2.0.0' ],
134 silly audit   'is-map': [ '2.0.3' ],
134 silly audit   'is-negative-zero': [ '2.0.3' ],
134 silly audit   'is-number': [ '7.0.0' ],
134 silly audit   'is-number-object': [ '1.0.7' ],
134 silly audit   'is-path-inside': [ '3.0.3' ],
134 silly audit   'is-regex': [ '1.1.4' ],
134 silly audit   'is-set': [ '2.0.3' ],
134 silly audit   'is-shared-array-buffer': [ '1.0.3' ],
134 silly audit   'is-stream': [ '3.0.0' ],
134 silly audit   'is-string': [ '1.0.7' ],
134 silly audit   'is-symbol': [ '1.0.4' ],
134 silly audit   'is-typed-array': [ '1.1.13' ],
134 silly audit   'is-unicode-supported': [ '1.3.0' ],
134 silly audit   'is-weakmap': [ '2.0.2' ],
134 silly audit   'is-weakref': [ '1.0.2' ],
134 silly audit   'is-weakset': [ '2.0.3' ],
134 silly audit   isarray: [ '2.0.5' ],
134 silly audit   isexe: [ '2.0.0' ],
134 silly audit   'iterator.prototype': [ '1.1.2' ],
134 silly audit   jackspeak: [ '2.3.6' ],
134 silly audit   jiti: [ '1.21.6' ],
134 silly audit   'js-cookie': [ '3.0.5' ],
134 silly audit   'js-tokens': [ '4.0.0' ],
134 silly audit   'js-yaml': [ '4.1.0' ],
134 silly audit   jsesc: [ '2.5.2' ],
134 silly audit   'json-buffer': [ '3.0.1' ],
134 silly audit   'json-parse-even-better-errors': [ '2.3.1' ],
134 silly audit   'json-schema-traverse': [ '0.4.1' ],
134 silly audit   'json-stable-stringify-without-jsonify': [ '1.0.1' ],
134 silly audit   jsonfile: [ '6.1.0' ],
134 silly audit   'jsx-ast-utils': [ '3.3.5' ],
134 silly audit   keyv: [ '4.5.4' ],
134 silly audit   kleur: [ '3.0.3' ],
134 silly audit   'language-subtag-registry': [ '0.3.23' ],
134 silly audit   'language-tags': [ '1.0.9' ],
134 silly audit   levn: [ '0.4.1' ],
134 silly audit   lilconfig: [ '2.1.0', '3.1.2' ],
134 silly audit   'lines-and-columns': [ '1.2.4' ],
134 silly audit   'locate-path': [ '6.0.0' ],
134 silly audit   'lodash._reinterpolate': [ '3.0.0' ],
134 silly audit   'lodash.merge': [ '4.6.2' ],
134 silly audit   'lodash.template': [ '4.5.0' ],
134 silly audit   'lodash.templatesettings': [ '4.2.0' ],
134 silly audit   'log-symbols': [ '5.1.0' ],
134 silly audit   'loose-envify': [ '1.4.0' ],
134 silly audit   'lower-case': [ '2.0.2' ],
134 silly audit   'lucide-react': [ '0.439.0' ],
134 silly audit   'map-obj': [ '4.3.0' ],
134 silly audit   'merge-stream': [ '2.0.0' ],
134 silly audit   merge2: [ '1.4.1' ],
134 silly audit   micromatch: [ '4.0.8' ],
134 silly audit   'mimic-fn': [ '4.0.0', '2.1.0' ],
134 silly audit   minimist: [ '1.2.8' ],
134 silly audit   minipass: [ '7.1.2' ],
134 silly audit   mkdirp: [ '2.1.6' ],
134 silly audit   ms: [ '2.1.3' ],
134 silly audit   mz: [ '2.7.0' ],
134 silly audit   nanoid: [ '3.3.7' ],
134 silly audit   'natural-compare': [ '1.4.0' ],
134 silly audit   next: [ '14.2.8' ],
134 silly audit   postcss: [ '8.4.31', '8.4.45' ],
134 silly audit   'no-case': [ '3.0.4' ],
134 silly audit   'node-domexception': [ '1.0.0' ],
134 silly audit   'node-fetch': [ '3.3.2' ],
134 silly audit   'node-releases': [ '2.0.18' ],
134 silly audit   'normalize-path': [ '3.0.0' ],
134 silly audit   'npm-run-path': [ '5.3.0' ],
134 silly audit   'path-key': [ '4.0.0', '3.1.1' ],
134 silly audit   'object-assign': [ '4.1.1' ],
134 silly audit   'object-hash': [ '3.0.0' ],
134 silly audit   'object-inspect': [ '1.13.2' ],
134 silly audit   'object-is': [ '1.1.6' ],
134 silly audit   'object-keys': [ '1.1.1' ],
134 silly audit   'object.assign': [ '4.1.5' ],
134 silly audit   'object.entries': [ '1.1.8' ],
134 silly audit   'object.fromentries': [ '2.0.8' ],
134 silly audit   'object.groupby': [ '1.0.3' ],
134 silly audit   'object.values': [ '1.2.0' ],
134 silly audit   once: [ '1.4.0' ],
134 silly audit   onetime: [ '6.0.0', '5.1.2' ],
134 silly audit   optionator: [ '0.9.4' ],
134 silly audit   ora: [ '6.3.1' ],
134 silly audit   'p-limit': [ '3.1.0' ],
134 silly audit   'p-locate': [ '5.0.0' ],
134 silly audit   'parent-module': [ '1.0.1' ],
134 silly audit   'parse-json': [ '5.2.0' ],
134 silly audit   'path-browserify': [ '1.0.1' ],
134 silly audit   'path-exists': [ '4.0.0' ],
134 silly audit   'path-is-absolute': [ '1.0.1' ],
134 silly audit   'path-parse': [ '1.0.7' ],
134 silly audit   'path-scurry': [ '1.11.1' ],
134 silly audit   'path-to-regexp': [ '6.2.2' ],
134 silly audit   'path-type': [ '4.0.0' ],
134 silly audit   picocolors: [ '1.1.0' ],
134 silly audit   picomatch: [ '2.3.1' ],
134 silly audit   pify: [ '2.3.0' ],
134 silly audit   pirates: [ '4.0.6' ],
134 silly audit   'possible-typed-array-names': [ '1.0.0' ],
134 silly audit   'postcss-import': [ '15.1.0' ],
134 silly audit   'postcss-js': [ '4.0.1' ],
134 silly audit   'postcss-load-config': [ '4.0.2' ],
134 silly audit   'postcss-nested': [ '6.2.0' ],
134 silly audit   'postcss-selector-parser': [ '6.1.2' ],
134 silly audit   'postcss-value-parser': [ '4.2.0' ],
134 silly audit   'prelude-ls': [ '1.2.1' ],
134 silly audit   prompts: [ '2.4.2' ],
134 silly audit   'prop-types': [ '15.8.1' ],
134 silly audit   punycode: [ '2.3.1' ],
134 silly audit   'queue-microtask': [ '1.2.3' ],
134 silly audit   react: [ '18.3.1' ],
134 silly audit   'react-dom': [ '18.3.1' ],
134 silly audit   'react-is': [ '16.13.1' ],
134 silly audit   'react-remove-scroll': [ '2.5.7' ],
134 silly audit   'react-remove-scroll-bar': [ '2.3.6' ],
134 silly audit   'react-style-singleton': [ '2.2.1' ],
134 silly audit   'read-cache': [ '1.0.0' ],
134 silly audit   'readable-stream': [ '3.6.2' ],
134 silly audit   readdirp: [ '3.6.0' ],
134 silly audit   recast: [ '0.23.9' ],
134 silly audit   'reflect.getprototypeof': [ '1.0.6' ],
134 silly audit   'regexp.prototype.flags': [ '1.5.2' ],
134 silly audit   'resolve-from': [ '4.0.0' ],
134 silly audit   'resolve-pkg-maps': [ '1.0.0' ],
134 silly audit   'restore-cursor': [ '4.0.0' ],
134 silly audit   reusify: [ '1.0.4' ],
134 silly audit   rimraf: [ '3.0.2' ],
134 silly audit   'run-parallel': [ '1.2.0' ],
134 silly audit   'safe-array-concat': [ '1.1.2' ],
134 silly audit   'safe-buffer': [ '5.2.1' ],
134 silly audit   'safe-regex-test': [ '1.0.3' ],
134 silly audit   scheduler: [ '0.23.2' ],
134 silly audit   'server-only': [ '0.0.1' ],
134 silly audit   'set-function-length': [ '1.2.2' ],
134 silly audit   'set-function-name': [ '2.0.2' ],
134 silly audit   'shadcn-ui': [ '0.9.0' ],
134 silly audit   'tsconfig-paths': [ '4.2.0', '3.15.0' ],
134 silly audit   'shebang-command': [ '2.0.0' ],
134 silly audit   'shebang-regex': [ '3.0.0' ],
134 silly audit   'side-channel': [ '1.0.6' ],
134 silly audit   sisteransi: [ '1.0.5' ],
134 silly audit   slash: [ '3.0.0' ],
134 silly audit   'snake-case': [ '3.0.4' ],
134 silly audit   'snakecase-keys': [ '5.4.4' ],
134 silly audit   'type-fest': [ '2.19.0', '0.20.2' ],
134 silly audit   'source-map': [ '0.6.1' ],
134 silly audit   'source-map-js': [ '1.2.1' ],
134 silly audit   'std-env': [ '3.7.0' ],
134 silly audit   'stdin-discarder': [ '0.1.0' ],
134 silly audit   'stop-iteration-iterator': [ '1.0.0' ],
134 silly audit   streamsearch: [ '1.1.0' ],
134 silly audit   string_decoder: [ '1.3.0' ],
134 silly audit   'string-width': [ '5.1.2', '4.2.3' ],
134 silly audit   'string.prototype.includes': [ '2.0.0' ],
134 silly audit   'string.prototype.matchall': [ '4.0.11' ],
134 silly audit   'string.prototype.repeat': [ '1.0.0' ],
134 silly audit   'string.prototype.trim': [ '1.2.9' ],
134 silly audit   'string.prototype.trimend': [ '1.0.8' ],
134 silly audit   'string.prototype.trimstart': [ '1.0.8' ],
134 silly audit   'strip-bom': [ '3.0.0' ],
134 silly audit   'strip-final-newline': [ '3.0.0' ],
134 silly audit   'strip-json-comments': [ '3.1.1' ],
134 silly audit   'styled-jsx': [ '5.1.1' ],
134 silly audit   sucrase: [ '3.35.0' ],
134 silly audit   'supports-preserve-symlinks-flag': [ '1.0.0' ],
134 silly audit   swr: [ '2.2.5' ],
134 silly audit   'tailwind-merge': [ '2.5.2' ],
134 silly audit   tailwindcss: [ '3.4.10' ],
134 silly audit   'tailwindcss-animate': [ '1.0.7' ],
134 silly audit   tapable: [ '2.2.1' ],
134 silly audit   'text-table': [ '0.2.0' ],
134 silly audit   thenify: [ '3.3.1' ],
134 silly audit   'thenify-all': [ '1.6.0' ],
134 silly audit   'tiny-invariant': [ '1.3.3' ],
134 silly audit   'to-fast-properties': [ '2.0.0' ],
134 silly audit   'to-regex-range': [ '5.0.1' ],
134 silly audit   'ts-api-utils': [ '1.3.0' ],
134 silly audit   'ts-interface-checker': [ '0.1.13' ],
134 silly audit   'ts-morph': [ '18.0.0' ],
134 silly audit   'type-check': [ '0.4.0' ],
134 silly audit   'typed-array-buffer': [ '1.0.2' ],
134 silly audit   'typed-array-byte-length': [ '1.0.1' ],
134 silly audit   'typed-array-byte-offset': [ '1.0.2' ],
134 silly audit   'typed-array-length': [ '1.0.6' ],
134 silly audit   typescript: [ '5.5.4' ],
134 silly audit   'unbox-primitive': [ '1.0.2' ],
134 silly audit   'undici-types': [ '6.19.8' ],
134 silly audit   universalify: [ '2.0.1' ],
134 silly audit   'update-browserslist-db': [ '1.1.0' ],
134 silly audit   'uri-js': [ '4.4.1' ],
134 silly audit   'use-callback-ref': [ '1.3.2' ],
134 silly audit   'use-sidecar': [ '1.1.2' ],
134 silly audit   'use-sync-external-store': [ '1.2.2' ],
134 silly audit   'util-deprecate': [ '1.0.2' ],
134 silly audit   wcwidth: [ '1.0.1' ],
134 silly audit   'web-streams-polyfill': [ '3.3.3' ],
134 silly audit   which: [ '2.0.2' ],
134 silly audit   'which-boxed-primitive': [ '1.0.2' ],
134 silly audit   'which-builtin-type': [ '1.1.4' ],
134 silly audit   'which-collection': [ '1.0.2' ],
134 silly audit   'which-typed-array': [ '1.1.15' ],
134 silly audit   'word-wrap': [ '1.2.5' ],
134 silly audit   'wrap-ansi': [ '8.1.0', '7.0.0' ],
134 silly audit   wrappy: [ '1.0.2' ],
134 silly audit   yallist: [ '3.1.1' ],
134 silly audit   yaml: [ '2.5.1' ],
134 silly audit   'yocto-queue': [ '0.1.0' ],
134 silly audit   zod: [ '3.23.8' ],
134 silly audit   mongodb: [ '6.9.0', '6.8.0' ],
134 silly audit   mongoose: [ '8.6.3' ],
134 silly audit   '@mongodb-js/saslprep': [ '1.1.9' ],
134 silly audit   bson: [ '6.8.0' ],
134 silly audit   'mongodb-connection-string-url': [ '3.0.1' ],
134 silly audit   'sparse-bitfield': [ '3.0.3' ],
134 silly audit   '@types/whatwg-url': [ '11.0.5' ],
134 silly audit   'whatwg-url': [ '13.0.0' ],
134 silly audit   '@types/webidl-conversions': [ '7.0.3' ],
134 silly audit   kareem: [ '2.6.3' ],
134 silly audit   mpath: [ '0.9.0' ],
134 silly audit   mquery: [ '5.0.0' ],
134 silly audit   sift: [ '17.1.3' ],
134 silly audit   'memory-pager': [ '1.5.0' ],
134 silly audit   tr46: [ '4.1.1' ],
134 silly audit   'webidl-conversions': [ '7.0.0' ]
134 silly audit }
135 verbose reify failed optional dependency C:\Users\angit\React\image-ine\node_modules\fsevents
136 silly reify mark deleted [ 'C:\\Users\\angit\\React\\image-ine\\node_modules\\fsevents' ]
137 verbose reify failed optional dependency C:\Users\angit\React\image-ine\node_modules\@next\swc-win32-ia32-msvc
138 silly reify mark deleted [
138 silly reify   'C:\\Users\\angit\\React\\image-ine\\node_modules\\@next\\swc-win32-ia32-msvc'
138 silly reify ]
139 verbose reify failed optional dependency C:\Users\angit\React\image-ine\node_modules\@next\swc-win32-arm64-msvc
140 silly reify mark deleted [
140 silly reify   'C:\\Users\\angit\\React\\image-ine\\node_modules\\@next\\swc-win32-arm64-msvc'
140 silly reify ]
141 verbose reify failed optional dependency C:\Users\angit\React\image-ine\node_modules\@next\swc-linux-x64-musl
142 silly reify mark deleted [
142 silly reify   'C:\\Users\\angit\\React\\image-ine\\node_modules\\@next\\swc-linux-x64-musl'
142 silly reify ]
143 verbose reify failed optional dependency C:\Users\angit\React\image-ine\node_modules\@next\swc-linux-x64-gnu
144 silly reify mark deleted [
144 silly reify   'C:\\Users\\angit\\React\\image-ine\\node_modules\\@next\\swc-linux-x64-gnu'
144 silly reify ]
145 verbose reify failed optional dependency C:\Users\angit\React\image-ine\node_modules\@next\swc-linux-arm64-musl
146 silly reify mark deleted [
146 silly reify   'C:\\Users\\angit\\React\\image-ine\\node_modules\\@next\\swc-linux-arm64-musl'
146 silly reify ]
147 verbose reify failed optional dependency C:\Users\angit\React\image-ine\node_modules\@next\swc-linux-arm64-gnu
148 silly reify mark deleted [
148 silly reify   'C:\\Users\\angit\\React\\image-ine\\node_modules\\@next\\swc-linux-arm64-gnu'
148 silly reify ]
149 verbose reify failed optional dependency C:\Users\angit\React\image-ine\node_modules\@next\swc-darwin-x64
150 silly reify mark deleted [
150 silly reify   'C:\\Users\\angit\\React\\image-ine\\node_modules\\@next\\swc-darwin-x64'
150 silly reify ]
151 verbose reify failed optional dependency C:\Users\angit\React\image-ine\node_modules\@next\swc-darwin-arm64
152 silly reify mark deleted [
152 silly reify   'C:\\Users\\angit\\React\\image-ine\\node_modules\\@next\\swc-darwin-arm64'
152 silly reify ]
153 silly tarball no local data for webidl-conversions@https://registry.npmjs.org/webidl-conversions/-/webidl-conversions-7.0.0.tgz. Extracting by manifest.
154 silly tarball no local data for memory-pager@https://registry.npmjs.org/memory-pager/-/memory-pager-1.5.0.tgz. Extracting by manifest.
155 silly tarball no local data for tr46@https://registry.npmjs.org/tr46/-/tr46-4.1.1.tgz. Extracting by manifest.
156 silly tarball no local data for sift@https://registry.npmjs.org/sift/-/sift-17.1.3.tgz. Extracting by manifest.
157 silly tarball no local data for mquery@https://registry.npmjs.org/mquery/-/mquery-5.0.0.tgz. Extracting by manifest.
158 silly tarball no local data for @types/webidl-conversions@https://registry.npmjs.org/@types/webidl-conversions/-/webidl-conversions-7.0.3.tgz. Extracting by manifest.
159 silly tarball no local data for mpath@https://registry.npmjs.org/mpath/-/mpath-0.9.0.tgz. Extracting by manifest.
160 silly tarball no local data for kareem@https://registry.npmjs.org/kareem/-/kareem-2.6.3.tgz. Extracting by manifest.
161 silly tarball no local data for whatwg-url@https://registry.npmjs.org/whatwg-url/-/whatwg-url-13.0.0.tgz. Extracting by manifest.
162 silly tarball no local data for @types/whatwg-url@https://registry.npmjs.org/@types/whatwg-url/-/whatwg-url-11.0.5.tgz. Extracting by manifest.
163 silly tarball no local data for sparse-bitfield@https://registry.npmjs.org/sparse-bitfield/-/sparse-bitfield-3.0.3.tgz. Extracting by manifest.
164 silly tarball no local data for mongodb-connection-string-url@https://registry.npmjs.org/mongodb-connection-string-url/-/mongodb-connection-string-url-3.0.1.tgz. Extracting by manifest.
165 silly tarball no local data for bson@https://registry.npmjs.org/bson/-/bson-6.8.0.tgz. Extracting by manifest.
166 silly tarball no local data for @mongodb-js/saslprep@https://registry.npmjs.org/@mongodb-js/saslprep/-/saslprep-1.1.9.tgz. Extracting by manifest.
167 silly tarball no local data for mongoose@https://registry.npmjs.org/mongoose/-/mongoose-8.6.3.tgz. Extracting by manifest.
168 silly tarball no local data for mongodb@https://registry.npmjs.org/mongodb/-/mongodb-6.9.0.tgz. Extracting by manifest.
169 silly tarball no local data for mongodb@https://registry.npmjs.org/mongodb/-/mongodb-6.8.0.tgz. Extracting by manifest.
170 http fetch GET 200 https://registry.npmjs.org/webidl-conversions/-/webidl-conversions-7.0.0.tgz 103ms (cache miss)
171 http fetch GET 200 https://registry.npmjs.org/memory-pager/-/memory-pager-1.5.0.tgz 107ms (cache miss)
172 http fetch GET 200 https://registry.npmjs.org/tr46/-/tr46-4.1.1.tgz 128ms (cache miss)
173 http fetch GET 200 https://registry.npmjs.org/mpath/-/mpath-0.9.0.tgz 128ms (cache miss)
174 http fetch GET 200 https://registry.npmjs.org/mquery/-/mquery-5.0.0.tgz 137ms (cache miss)
175 http fetch GET 200 https://registry.npmjs.org/sift/-/sift-17.1.3.tgz 168ms (cache miss)
176 http fetch GET 200 https://registry.npmjs.org/@types/webidl-conversions/-/webidl-conversions-7.0.3.tgz 225ms (cache miss)
177 http fetch GET 200 https://registry.npmjs.org/sparse-bitfield/-/sparse-bitfield-3.0.3.tgz 262ms (cache miss)
178 http fetch GET 200 https://registry.npmjs.org/mongodb-connection-string-url/-/mongodb-connection-string-url-3.0.1.tgz 270ms (cache miss)
179 http fetch GET 200 https://registry.npmjs.org/kareem/-/kareem-2.6.3.tgz 292ms (cache miss)
180 http fetch GET 200 https://registry.npmjs.org/whatwg-url/-/whatwg-url-13.0.0.tgz 304ms (cache miss)
181 http fetch POST 200 https://registry.npmjs.org/-/npm/v1/security/advisories/bulk 435ms
182 silly audit report {
182 silly audit report   'lodash.template': [
182 silly audit report     {
182 silly audit report       id: 1096993,
182 silly audit report       url: 'https://github.com/advisories/GHSA-35jh-r3h4-6jhm',
182 silly audit report       title: 'Command Injection in lodash',
182 silly audit report       severity: 'high',
182 silly audit report       vulnerable_versions: '<=4.5.0',
182 silly audit report       cwe: [Array],
182 silly audit report       cvss: [Object]
182 silly audit report     }
182 silly audit report   ],
182 silly audit report   next: [
182 silly audit report     {
182 silly audit report       id: 1099638,
182 silly audit report       url: 'https://github.com/advisories/GHSA-gp8f-8m3g-qvj9',
182 silly audit report       title: 'Next.js Cache Poisoning',
182 silly audit report       severity: 'high',
182 silly audit report       vulnerable_versions: '>=14.0.0 <14.2.10',
182 silly audit report       cwe: [Array],
182 silly audit report       cvss: [Object]
182 silly audit report     }
182 silly audit report   ],
182 silly audit report   'path-to-regexp': [
182 silly audit report     {
182 silly audit report       id: 1099558,
182 silly audit report       url: 'https://github.com/advisories/GHSA-9wv6-86v2-598j',
182 silly audit report       title: 'path-to-regexp outputs backtracking regular expressions',
182 silly audit report       severity: 'high',
182 silly audit report       vulnerable_versions: '>=4.0.0 <6.3.0',
182 silly audit report       cwe: [Array],
182 silly audit report       cvss: [Object]
182 silly audit report     }
182 silly audit report   ]
182 silly audit report }
183 silly packumentCache corgi:https://registry.npmjs.org/lodash.template cache-miss
184 silly packumentCache corgi:https://registry.npmjs.org/next cache-miss
185 silly packumentCache corgi:https://registry.npmjs.org/path-to-regexp cache-miss
186 http fetch GET 200 https://registry.npmjs.org/@types/whatwg-url/-/whatwg-url-11.0.5.tgz 447ms (cache miss)
187 http fetch GET 200 https://registry.npmjs.org/bson/-/bson-6.8.0.tgz 486ms (cache miss)
188 http fetch GET 200 https://registry.npmjs.org/@mongodb-js/saslprep/-/saslprep-1.1.9.tgz 511ms (cache miss)
189 http fetch GET 200 https://registry.npmjs.org/next 128ms (cache revalidated)
190 silly packumentCache corgi:https://registry.npmjs.org/next set size:17093598 disposed:false
191 http fetch GET 200 https://registry.npmjs.org/lodash.template 418ms (cache revalidated)
192 silly packumentCache corgi:https://registry.npmjs.org/lodash.template set size:25214 disposed:false
193 http fetch GET 200 https://registry.npmjs.org/path-to-regexp 418ms (cache revalidated)
194 silly packumentCache corgi:https://registry.npmjs.org/path-to-regexp set size:61187 disposed:false
195 silly packumentCache corgi:https://registry.npmjs.org/shadcn-ui cache-miss
196 http fetch GET 200 https://registry.npmjs.org/mongoose/-/mongoose-8.6.3.tgz 981ms (cache miss)
197 http fetch GET 200 https://registry.npmjs.org/shadcn-ui 217ms (cache revalidated)
198 silly packumentCache corgi:https://registry.npmjs.org/shadcn-ui set size:63999 disposed:false
199 silly packumentCache corgi:https://registry.npmjs.org/@clerk%2fnextjs cache-miss
200 http fetch GET 200 https://registry.npmjs.org/mongodb/-/mongodb-6.8.0.tgz 1153ms (cache miss)
201 http fetch GET 200 https://registry.npmjs.org/mongodb/-/mongodb-6.9.0.tgz 1175ms (cache miss)
202 http fetch GET 200 https://registry.npmjs.org/@clerk%2fnextjs 518ms (cache revalidated)
203 silly packumentCache corgi:https://registry.npmjs.org/@clerk%2fnextjs set size:3364832 disposed:false
204 silly ADD node_modules/webidl-conversions
205 silly ADD node_modules/tr46
206 silly ADD node_modules/memory-pager
207 silly ADD node_modules/sift
208 silly ADD node_modules/mquery
209 silly ADD node_modules/mpath
210 silly ADD node_modules/kareem
211 silly ADD node_modules/@types/webidl-conversions
212 silly ADD node_modules/whatwg-url
213 silly ADD node_modules/@types/whatwg-url
214 silly ADD node_modules/sparse-bitfield
215 silly ADD node_modules/mongodb-connection-string-url
216 silly ADD node_modules/bson
217 silly ADD node_modules/@mongodb-js/saslprep
218 silly ADD node_modules/mongoose
219 silly ADD node_modules/mongoose/node_modules/mongodb
220 silly ADD node_modules/mongodb
221 silly ADD
222 silly ADD
223 silly ADD
224 silly ADD
225 silly ADD
226 silly ADD
227 silly ADD
228 silly ADD
229 silly ADD
230 silly CHANGE node_modules/shadcn-ui
231 verbose cwd C:\Users\angit\React\image-ine
232 verbose os Windows_NT 10.0.22631
233 verbose node v20.13.1
234 verbose npm  v10.8.3
235 verbose exit 0
236 info ok
