0 verbose cli C:\Program Files\nodejs\node.exe C:\Users\angit\AppData\Roaming\npm\node_modules\npm\bin\npm-cli.js
1 info using npm@10.8.3
2 info using node@v20.13.1
3 silly config load:file:C:\Users\angit\AppData\Roaming\npm\node_modules\npm\npmrc
4 silly config load:file:C:\Users\angit\React\image-ine\.npmrc
5 silly config load:file:C:\Users\angit\.npmrc
6 silly config load:file:C:\Users\angit\AppData\Roaming\npm\etc\npmrc
7 verbose title npm install @radix-ui/react-slot
8 verbose argv "install" "@radix-ui/react-slot"
9 verbose logfile logs-max:10 dir:C:\Users\angit\React\image-ine\UsersangitAppDataRoamingnpm-cache\_logs\2024-10-18T12_31_49_349Z-
10 verbose logfile C:\Users\angit\React\image-ine\UsersangitAppDataRoamingnpm-cache\_logs\2024-10-18T12_31_49_349Z-debug-0.log
11 silly packumentCache heap:4345298944 maxSize:1086324736 maxEntrySize:543162368
12 silly logfile start cleaning logs, removing 1 files
13 silly logfile done cleaning log files
14 silly idealTree buildDeps
15 silly fetch manifest @radix-ui/react-slot@^1.1.0
16 silly packumentCache full:https://registry.npmjs.org/@radix-ui%2freact-slot cache-miss
17 http fetch GET 200 https://registry.npmjs.org/@radix-ui%2freact-slot 912ms (cache revalidated)
18 silly packumentCache full:https://registry.npmjs.org/@radix-ui%2freact-slot set size:272432 disposed:false
19 silly fetch manifest @types/react@^18
20 silly packumentCache full:https://registry.npmjs.org/@types%2freact cache-miss
21 http fetch GET 200 https://registry.npmjs.org/@types%2freact 265ms (cache revalidated)
22 silly packumentCache full:https://registry.npmjs.org/@types%2freact set size:2219669 disposed:false
23 silly fetch manifest react@^18
24 silly packumentCache full:https://registry.npmjs.org/react cache-miss
25 http fetch GET 200 https://registry.npmjs.org/react 731ms (cache updated)
26 silly packumentCache full:https://registry.npmjs.org/react set size:undefined disposed:false
27 silly placeDep ROOT @radix-ui/react-slot@1.1.0 REPLACE for: image-ine@0.1.0 want: ^1.1.0
28 silly reify mark retired [
28 silly reify   'C:\\Users\\angit\\React\\image-ine\\node_modules\\shadcn-ui',
28 silly reify   'C:\\Users\\angit\\React\\image-ine\\node_modules\\.bin\\shadcn-ui',
28 silly reify   'C:\\Users\\angit\\React\\image-ine\\node_modules\\.bin\\shadcn-ui.cmd',
28 silly reify   'C:\\Users\\angit\\React\\image-ine\\node_modules\\.bin\\shadcn-ui.ps1'
28 silly reify ]
29 silly reify moves {
29 silly reify   'C:\\Users\\angit\\React\\image-ine\\node_modules\\shadcn-ui': 'C:\\Users\\angit\\React\\image-ine\\node_modules\\.shadcn-ui-4xw193T1',
29 silly reify   'C:\\Users\\angit\\React\\image-ine\\node_modules\\.bin\\shadcn-ui': 'C:\\Users\\angit\\React\\image-ine\\node_modules\\.bin\\.shadcn-ui-UFEwtdxH',
29 silly reify   'C:\\Users\\angit\\React\\image-ine\\node_modules\\.bin\\shadcn-ui.cmd': 'C:\\Users\\angit\\React\\image-ine\\node_modules\\.bin\\.shadcn-ui.cmd-4kYuWWzh',
29 silly reify   'C:\\Users\\angit\\React\\image-ine\\node_modules\\.bin\\shadcn-ui.ps1': 'C:\\Users\\angit\\React\\image-ine\\node_modules\\.bin\\.shadcn-ui.ps1-Kad9GqPJ'
29 silly reify }
30 silly audit bulk request {
30 silly audit   '@alloc/quick-lru': [ '5.2.0' ],
30 silly audit   '@ampproject/remapping': [ '2.3.0' ],
30 silly audit   '@antfu/ni': [ '0.21.12' ],
30 silly audit   '@babel/code-frame': [ '7.24.7' ],
30 silly audit   '@babel/compat-data': [ '7.25.4' ],
30 silly audit   '@babel/core': [ '7.25.2' ],
30 silly audit   json5: [ '2.2.3', '1.0.2' ],
30 silly audit   semver: [ '6.3.1', '7.6.3' ],
30 silly audit   '@babel/generator': [ '7.25.6' ],
30 silly audit   '@babel/helper-annotate-as-pure': [ '7.24.7' ],
30 silly audit   '@babel/helper-compilation-targets': [ '7.25.2' ],
30 silly audit   'lru-cache': [ '5.1.1', '10.4.3' ],
30 silly audit   '@babel/helper-create-class-features-plugin': [ '7.25.4' ],
30 silly audit   '@babel/helper-member-expression-to-functions': [ '7.24.8' ],
30 silly audit   '@babel/helper-module-imports': [ '7.24.7' ],
30 silly audit   '@babel/helper-module-transforms': [ '7.25.2' ],
30 silly audit   '@babel/helper-optimise-call-expression': [ '7.24.7' ],
30 silly audit   '@babel/helper-plugin-utils': [ '7.24.8' ],
30 silly audit   '@babel/helper-replace-supers': [ '7.25.0' ],
30 silly audit   '@babel/helper-simple-access': [ '7.24.7' ],
30 silly audit   '@babel/helper-skip-transparent-expression-wrappers': [ '7.24.7' ],
30 silly audit   '@babel/helper-string-parser': [ '7.24.8' ],
30 silly audit   '@babel/helper-validator-identifier': [ '7.24.7' ],
30 silly audit   '@babel/helper-validator-option': [ '7.24.8' ],
30 silly audit   '@babel/helpers': [ '7.25.6' ],
30 silly audit   '@babel/highlight': [ '7.24.7' ],
30 silly audit   'ansi-styles': [ '3.2.1', '4.3.0', '6.2.1' ],
30 silly audit   chalk: [ '2.4.2', '4.1.2', '5.3.0', '5.2.0' ],
30 silly audit   'color-convert': [ '1.9.3', '2.0.1' ],
30 silly audit   'color-name': [ '1.1.3', '1.1.4' ],
30 silly audit   'escape-string-regexp': [ '1.0.5', '4.0.0' ],
30 silly audit   'has-flag': [ '3.0.0', '4.0.0' ],
30 silly audit   'supports-color': [ '5.5.0', '7.2.0' ],
30 silly audit   '@babel/parser': [ '7.25.6' ],
30 silly audit   '@babel/plugin-syntax-typescript': [ '7.25.4' ],
30 silly audit   '@babel/plugin-transform-typescript': [ '7.25.2' ],
30 silly audit   '@babel/template': [ '7.25.0' ],
30 silly audit   '@babel/traverse': [ '7.25.6' ],
30 silly audit   globals: [ '11.12.0', '13.24.0' ],
30 silly audit   '@babel/types': [ '7.25.6' ],
30 silly audit   '@clerk/backend': [ '1.9.2' ],
30 silly audit   tslib: [ '2.4.1', '2.7.0' ],
30 silly audit   '@clerk/clerk-react': [ '5.7.0' ],
30 silly audit   '@clerk/nextjs': [ '5.4.1' ],
30 silly audit   '@clerk/shared': [ '2.6.2' ],
30 silly audit   '@clerk/types': [ '4.19.0' ],
30 silly audit   csstype: [ '3.1.1', '3.1.3' ],
30 silly audit   '@cloudinary-util/types': [ '1.5.8' ],
30 silly audit   '@cloudinary-util/url-loader': [ '5.10.3' ],
30 silly audit   '@cloudinary-util/util': [ '3.3.2' ],
30 silly audit   '@cloudinary/transformation-builder-sdk': [ '1.15.2' ],
30 silly audit   '@cloudinary/url-gen': [ '1.15.0' ],
30 silly audit   '@eslint-community/eslint-utils': [ '4.4.0' ],
30 silly audit   '@eslint-community/regexpp': [ '4.11.0' ],
30 silly audit   '@eslint/eslintrc': [ '2.1.4' ],
30 silly audit   '@eslint/js': [ '8.57.0' ],
30 silly audit   '@floating-ui/core': [ '1.6.8' ],
30 silly audit   '@floating-ui/dom': [ '1.6.11' ],
30 silly audit   '@floating-ui/react-dom': [ '2.1.2' ],
30 silly audit   '@floating-ui/utils': [ '0.2.8' ],
30 silly audit   '@hookform/resolvers': [ '3.9.0' ],
30 silly audit   '@humanwhocodes/config-array': [ '0.11.14' ],
30 silly audit   '@humanwhocodes/module-importer': [ '1.0.1' ],
30 silly audit   '@humanwhocodes/object-schema': [ '2.0.3' ],
30 silly audit   '@isaacs/cliui': [ '8.0.2' ],
30 silly audit   'ansi-regex': [ '6.0.1', '5.0.1' ],
30 silly audit   'strip-ansi': [ '7.1.0', '6.0.1' ],
30 silly audit   '@jridgewell/gen-mapping': [ '0.3.5' ],
30 silly audit   '@jridgewell/resolve-uri': [ '3.1.2' ],
30 silly audit   '@jridgewell/set-array': [ '1.2.1' ],
30 silly audit   '@jridgewell/sourcemap-codec': [ '1.5.0' ],
30 silly audit   '@jridgewell/trace-mapping': [ '0.3.25' ],
30 silly audit   '@mongodb-js/saslprep': [ '1.1.9' ],
30 silly audit   '@next/env': [ '14.2.8' ],
30 silly audit   '@next/eslint-plugin-next': [ '14.2.8' ],
30 silly audit   '@next/swc-darwin-arm64': [ '14.2.8' ],
30 silly audit   '@next/swc-darwin-x64': [ '14.2.8' ],
30 silly audit   '@next/swc-linux-arm64-gnu': [ '14.2.8' ],
30 silly audit   '@next/swc-linux-arm64-musl': [ '14.2.8' ],
30 silly audit   '@next/swc-linux-x64-gnu': [ '14.2.8' ],
30 silly audit   '@next/swc-linux-x64-musl': [ '14.2.8' ],
30 silly audit   '@next/swc-win32-arm64-msvc': [ '14.2.8' ],
30 silly audit   '@next/swc-win32-ia32-msvc': [ '14.2.8' ],
30 silly audit   '@next/swc-win32-x64-msvc': [ '14.2.8' ],
30 silly audit   '@nodelib/fs.scandir': [ '2.1.5' ],
30 silly audit   '@nodelib/fs.stat': [ '2.0.5' ],
30 silly audit   '@nodelib/fs.walk': [ '1.2.8' ],
30 silly audit   '@nolyfill/is-core-module': [ '1.0.39' ],
30 silly audit   '@pkgjs/parseargs': [ '0.11.0' ],
30 silly audit   '@radix-ui/number': [ '1.1.0' ],
30 silly audit   '@radix-ui/primitive': [ '1.1.0' ],
30 silly audit   '@radix-ui/react-alert-dialog': [ '1.1.2' ],
30 silly audit   '@radix-ui/react-context': [ '1.1.1', '1.1.0' ],
30 silly audit   '@radix-ui/react-arrow': [ '1.1.0' ],
30 silly audit   '@radix-ui/react-collection': [ '1.1.0' ],
30 silly audit   '@radix-ui/react-compose-refs': [ '1.1.0' ],
30 silly audit   '@radix-ui/react-dialog': [ '1.1.2' ],
30 silly audit   '@radix-ui/react-dismissable-layer': [ '1.1.1', '1.1.0' ],
30 silly audit   '@radix-ui/react-focus-guards': [ '1.1.1', '1.1.0' ],
30 silly audit   '@radix-ui/react-portal': [ '1.1.2', '1.1.1' ],
30 silly audit   'react-remove-scroll': [ '2.6.0', '2.5.7' ],
30 silly audit   '@radix-ui/react-direction': [ '1.1.0' ],
30 silly audit   '@radix-ui/react-focus-scope': [ '1.1.0' ],
30 silly audit   '@radix-ui/react-id': [ '1.1.0' ],
30 silly audit   '@radix-ui/react-label': [ '2.1.0' ],
30 silly audit   '@radix-ui/react-popper': [ '1.2.0' ],
30 silly audit   '@radix-ui/react-presence': [ '1.1.1' ],
30 silly audit   '@radix-ui/react-primitive': [ '2.0.0' ],
30 silly audit   '@radix-ui/react-select': [ '2.1.1' ],
30 silly audit   '@radix-ui/react-toast': [ '1.2.2' ],
30 silly audit   '@radix-ui/react-use-callback-ref': [ '1.1.0' ],
30 silly audit   '@radix-ui/react-use-controllable-state': [ '1.1.0' ],
30 silly audit   '@radix-ui/react-use-escape-keydown': [ '1.1.0' ],
30 silly audit   '@radix-ui/react-use-layout-effect': [ '1.1.0' ],
30 silly audit   '@radix-ui/react-use-previous': [ '1.1.0' ],
30 silly audit   '@radix-ui/react-use-rect': [ '1.1.0' ],
30 silly audit   '@radix-ui/react-use-size': [ '1.1.0' ],
30 silly audit   '@radix-ui/react-visually-hidden': [ '1.1.0' ],
30 silly audit   '@radix-ui/rect': [ '1.1.0' ],
30 silly audit   '@rtsao/scc': [ '1.1.0' ],
30 silly audit   '@rushstack/eslint-patch': [ '1.10.4' ],
30 silly audit   '@stablelib/base64': [ '1.0.1' ],
30 silly audit   '@swc/counter': [ '0.1.3' ],
30 silly audit   '@swc/helpers': [ '0.5.5' ],
30 silly audit   '@ts-morph/common': [ '0.19.0' ],
30 silly audit   'brace-expansion': [ '2.0.1', '1.1.11' ],
30 silly audit   minimatch: [ '7.4.6', '9.0.3', '9.0.5', '3.1.2' ],
30 silly audit   '@types/json-schema': [ '7.0.15' ],
30 silly audit   '@types/json5': [ '0.0.29' ],
30 silly audit   '@types/node': [ '20.16.5' ],
30 silly audit   '@types/prop-types': [ '15.7.12' ],
30 silly audit   '@types/qs': [ '6.9.16' ],
30 silly audit   '@types/react': [ '18.3.5' ],
30 silly audit   '@types/react-dom': [ '18.3.0' ],
30 silly audit   '@types/semver': [ '7.5.8' ],
30 silly audit   '@types/webidl-conversions': [ '7.0.3' ],
30 silly audit   '@types/whatwg-url': [ '11.0.5' ],
30 silly audit   '@typescript-eslint/eslint-plugin': [ '7.2.0' ],
30 silly audit   '@typescript-eslint/parser': [ '7.2.0' ],
30 silly audit   '@typescript-eslint/scope-manager': [ '7.2.0' ],
30 silly audit   '@typescript-eslint/type-utils': [ '7.2.0' ],
30 silly audit   '@typescript-eslint/types': [ '7.2.0' ],
30 silly audit   '@typescript-eslint/typescript-estree': [ '7.2.0' ],
30 silly audit   '@typescript-eslint/utils': [ '7.2.0' ],
30 silly audit   '@typescript-eslint/visitor-keys': [ '7.2.0' ],
30 silly audit   '@ungap/structured-clone': [ '1.2.0' ],
30 silly audit   acorn: [ '8.12.1' ],
30 silly audit   'acorn-jsx': [ '5.3.2' ],
30 silly audit   'agent-base': [ '7.1.1' ],
30 silly audit   ajv: [ '6.12.6' ],
30 silly audit   'any-promise': [ '1.3.0' ],
30 silly audit   anymatch: [ '3.1.3' ],
30 silly audit   arg: [ '5.0.2' ],
30 silly audit   argparse: [ '2.0.1' ],
30 silly audit   'aria-hidden': [ '1.2.4' ],
30 silly audit   'aria-query': [ '5.1.3' ],
30 silly audit   'array-buffer-byte-length': [ '1.0.1' ],
30 silly audit   'array-includes': [ '3.1.8' ],
30 silly audit   'array-union': [ '2.1.0' ],
30 silly audit   'array.prototype.findlast': [ '1.2.5' ],
30 silly audit   'array.prototype.findlastindex': [ '1.2.5' ],
30 silly audit   'array.prototype.flat': [ '1.3.2' ],
30 silly audit   'array.prototype.flatmap': [ '1.3.2' ],
30 silly audit   'array.prototype.tosorted': [ '1.1.4' ],
30 silly audit   'arraybuffer.prototype.slice': [ '1.0.3' ],
30 silly audit   'ast-types': [ '0.16.1' ],
30 silly audit   'ast-types-flow': [ '0.0.8' ],
30 silly audit   'available-typed-arrays': [ '1.0.7' ],
30 silly audit   'axe-core': [ '4.10.0' ],
30 silly audit   'axobject-query': [ '4.1.0' ],
30 silly audit   'balanced-match': [ '1.0.2' ],
30 silly audit   'base64-js': [ '1.5.1' ],
30 silly audit   'binary-extensions': [ '2.3.0' ],
30 silly audit   bl: [ '5.1.0' ],
30 silly audit   braces: [ '3.0.3' ],
30 silly audit   browserslist: [ '4.23.3' ],
30 silly audit   bson: [ '6.8.0' ],
30 silly audit   buffer: [ '6.0.3' ],
30 silly audit   busboy: [ '1.6.0' ],
30 silly audit   'call-bind': [ '1.0.7' ],
30 silly audit   callsites: [ '3.1.0' ],
30 silly audit   'camelcase-css': [ '2.0.1' ],
30 silly audit   'caniuse-lite': [ '1.0.30001659' ],
30 silly audit   chokidar: [ '3.6.0' ],
30 silly audit   'glob-parent': [ '5.1.2', '6.0.2' ],
30 silly audit   'class-variance-authority': [ '0.7.0' ],
30 silly audit   clsx: [ '2.0.0', '2.1.1' ],
30 silly audit   'cli-cursor': [ '4.0.0' ],
30 silly audit   'cli-spinners': [ '2.9.2' ],
30 silly audit   'client-only': [ '0.0.1' ],
30 silly audit   clone: [ '1.0.4' ],
30 silly audit   'code-block-writer': [ '12.0.0' ],
30 silly audit   commander: [ '4.1.1', '10.0.1' ],
30 silly audit   'concat-map': [ '0.0.1' ],
30 silly audit   'convert-source-map': [ '2.0.0' ],
30 silly audit   cookie: [ '0.5.0' ],
30 silly audit   cosmiconfig: [ '8.3.6' ],
30 silly audit   'cross-spawn': [ '7.0.3' ],
30 silly audit   'crypto-js': [ '4.2.0' ],
30 silly audit   cssesc: [ '3.0.0' ],
30 silly audit   'damerau-levenshtein': [ '1.0.8' ],
30 silly audit   'data-uri-to-buffer': [ '4.0.1' ],
30 silly audit   'data-view-buffer': [ '1.0.1' ],
30 silly audit   'data-view-byte-length': [ '1.0.1' ],
30 silly audit   'data-view-byte-offset': [ '1.0.0' ],
30 silly audit   debug: [ '4.3.7', '3.2.7' ],
30 silly audit   'deep-equal': [ '2.2.3' ],
30 silly audit   'deep-is': [ '0.1.4' ],
30 silly audit   defaults: [ '1.0.4' ],
30 silly audit   'define-data-property': [ '1.1.4' ],
30 silly audit   'define-properties': [ '1.2.1' ],
30 silly audit   'detect-node-es': [ '1.1.0' ],
30 silly audit   didyoumean: [ '1.2.2' ],
30 silly audit   diff: [ '5.2.0' ],
30 silly audit   'dir-glob': [ '3.0.1' ],
30 silly audit   dlv: [ '1.1.3' ],
30 silly audit   doctrine: [ '3.0.0', '2.1.0' ],
30 silly audit   'dot-case': [ '3.0.4' ],
30 silly audit   eastasianwidth: [ '0.2.0' ],
30 silly audit   'electron-to-chromium': [ '1.5.18' ],
30 silly audit   'emoji-regex': [ '9.2.2', '8.0.0' ],
30 silly audit   'enhanced-resolve': [ '5.17.1' ],
30 silly audit   'error-ex': [ '1.3.2' ],
30 silly audit   'es-abstract': [ '1.23.3' ],
30 silly audit   'es-define-property': [ '1.0.0' ],
30 silly audit   'es-errors': [ '1.3.0' ],
30 silly audit   'es-get-iterator': [ '1.1.3' ],
30 silly audit   'es-iterator-helpers': [ '1.0.19' ],
30 silly audit   'es-object-atoms': [ '1.0.0' ],
30 silly audit   'es-set-tostringtag': [ '2.0.3' ],
30 silly audit   'es-shim-unscopables': [ '1.0.2' ],
30 silly audit   'es-to-primitive': [ '1.2.1' ],
30 silly audit   'es6-promise': [ '4.2.8' ],
30 silly audit   escalade: [ '3.2.0' ],
30 silly audit   eslint: [ '8.57.0' ],
30 silly audit   'eslint-config-next': [ '14.2.8' ],
30 silly audit   'eslint-import-resolver-node': [ '0.3.9' ],
30 silly audit   'eslint-import-resolver-typescript': [ '3.6.3' ],
30 silly audit   'eslint-module-utils': [ '2.11.0' ],
30 silly audit   'eslint-plugin-import': [ '2.30.0' ],
30 silly audit   'eslint-plugin-jsx-a11y': [ '6.10.0' ],
30 silly audit   'eslint-plugin-react': [ '7.35.2' ],
30 silly audit   'eslint-plugin-react-hooks': [ '4.6.2' ],
30 silly audit   resolve: [ '2.0.0-next.5', '1.22.8' ],
30 silly audit   'eslint-scope': [ '7.2.2' ],
30 silly audit   'eslint-visitor-keys': [ '3.4.3' ],
30 silly audit   espree: [ '9.6.1' ],
30 silly audit   esprima: [ '4.0.1' ],
30 silly audit   esquery: [ '1.6.0' ],
30 silly audit   esrecurse: [ '4.3.0' ],
30 silly audit   estraverse: [ '5.3.0' ],
30 silly audit   esutils: [ '2.0.3' ],
30 silly audit   execa: [ '7.2.0' ],
30 silly audit   'signal-exit': [ '3.0.7', '4.1.0' ],
30 silly audit   'fast-deep-equal': [ '3.1.3' ],
30 silly audit   'fast-glob': [ '3.3.2' ],
30 silly audit   'fast-json-stable-stringify': [ '2.1.0' ],
30 silly audit   'fast-levenshtein': [ '2.0.6' ],
30 silly audit   'fast-sha256': [ '1.3.0' ],
30 silly audit   fastq: [ '1.17.1' ],
30 silly audit   'fetch-blob': [ '3.2.0' ],
30 silly audit   'file-entry-cache': [ '6.0.1' ],
30 silly audit   'fill-range': [ '7.1.1' ],
30 silly audit   'find-up': [ '5.0.0' ],
30 silly audit   'flat-cache': [ '3.2.0' ],
30 silly audit   flatted: [ '3.3.1' ],
30 silly audit   'for-each': [ '0.3.3' ],
30 silly audit   'foreground-child': [ '3.3.0' ],
30 silly audit   'formdata-polyfill': [ '4.0.10' ],
30 silly audit   'fs-extra': [ '11.2.0' ],
30 silly audit   'fs.realpath': [ '1.0.0' ],
30 silly audit   fsevents: [ '2.3.3' ],
30 silly audit   'function-bind': [ '1.1.2' ],
30 silly audit   'function.prototype.name': [ '1.1.6' ],
30 silly audit   'functions-have-names': [ '1.2.3' ],
30 silly audit   gensync: [ '1.0.0-beta.2' ],
30 silly audit   'get-intrinsic': [ '1.2.4' ],
30 silly audit   'get-nonce': [ '1.0.1' ],
30 silly audit   'get-stream': [ '6.0.1' ],
30 silly audit   'get-symbol-description': [ '1.0.2' ],
30 silly audit   'get-tsconfig': [ '4.8.0' ],
30 silly audit   glob: [ '10.3.10', '7.2.3' ],
30 silly audit   'glob-to-regexp': [ '0.4.1' ],
30 silly audit   globalthis: [ '1.0.4' ],
30 silly audit   globby: [ '11.1.0' ],
30 silly audit   gopd: [ '1.0.1' ],
30 silly audit   'graceful-fs': [ '4.2.11' ],
30 silly audit   graphemer: [ '1.4.0' ],
30 silly audit   'has-bigints': [ '1.0.2' ],
30 silly audit   'has-property-descriptors': [ '1.0.2' ],
30 silly audit   'has-proto': [ '1.0.3' ],
30 silly audit   'has-symbols': [ '1.0.3' ],
30 silly audit   'has-tostringtag': [ '1.0.2' ],
30 silly audit   hasown: [ '2.0.2' ],
30 silly audit   'https-proxy-agent': [ '6.2.1' ],
30 silly audit   'human-signals': [ '4.3.1' ],
30 silly audit   ieee754: [ '1.2.1' ],
30 silly audit   ignore: [ '5.3.2' ],
30 silly audit   'import-fresh': [ '3.3.0' ],
30 silly audit   imurmurhash: [ '0.1.4' ],
30 silly audit   inflight: [ '1.0.6' ],
30 silly audit   inherits: [ '2.0.4' ],
30 silly audit   'internal-slot': [ '1.0.7' ],
30 silly audit   invariant: [ '2.2.4' ],
30 silly audit   'is-arguments': [ '1.1.1' ],
30 silly audit   'is-array-buffer': [ '3.0.4' ],
30 silly audit   'is-arrayish': [ '0.2.1' ],
30 silly audit   'is-async-function': [ '2.0.0' ],
30 silly audit   'is-bigint': [ '1.0.4' ],
30 silly audit   'is-binary-path': [ '2.1.0' ],
30 silly audit   'is-boolean-object': [ '1.1.2' ],
30 silly audit   'is-bun-module': [ '1.2.1' ],
30 silly audit   'is-callable': [ '1.2.7' ],
30 silly audit   'is-core-module': [ '2.15.1' ],
30 silly audit   'is-data-view': [ '1.0.1' ],
30 silly audit   'is-date-object': [ '1.0.5' ],
30 silly audit   'is-extglob': [ '2.1.1' ],
30 silly audit   'is-finalizationregistry': [ '1.0.2' ],
30 silly audit   'is-fullwidth-code-point': [ '3.0.0' ],
30 silly audit   'is-generator-function': [ '1.0.10' ],
30 silly audit   'is-glob': [ '4.0.3' ],
30 silly audit   'is-interactive': [ '2.0.0' ],
30 silly audit   'is-map': [ '2.0.3' ],
30 silly audit   'is-negative-zero': [ '2.0.3' ],
30 silly audit   'is-number': [ '7.0.0' ],
30 silly audit   'is-number-object': [ '1.0.7' ],
30 silly audit   'is-path-inside': [ '3.0.3' ],
30 silly audit   'is-regex': [ '1.1.4' ],
30 silly audit   'is-set': [ '2.0.3' ],
30 silly audit   'is-shared-array-buffer': [ '1.0.3' ],
30 silly audit   'is-stream': [ '3.0.0' ],
30 silly audit   'is-string': [ '1.0.7' ],
30 silly audit   'is-symbol': [ '1.0.4' ],
30 silly audit   'is-typed-array': [ '1.1.13' ],
30 silly audit   'is-unicode-supported': [ '1.3.0' ],
30 silly audit   'is-weakmap': [ '2.0.2' ],
30 silly audit   'is-weakref': [ '1.0.2' ],
30 silly audit   'is-weakset': [ '2.0.3' ],
30 silly audit   isarray: [ '2.0.5' ],
30 silly audit   isexe: [ '2.0.0' ],
30 silly audit   'iterator.prototype': [ '1.1.2' ],
30 silly audit   jackspeak: [ '2.3.6' ],
30 silly audit   jiti: [ '1.21.6' ],
30 silly audit   'js-cookie': [ '3.0.5' ],
30 silly audit   'js-tokens': [ '4.0.0' ],
30 silly audit   'js-yaml': [ '4.1.0' ],
30 silly audit   jsesc: [ '2.5.2' ],
30 silly audit   'json-buffer': [ '3.0.1' ],
30 silly audit   'json-parse-even-better-errors': [ '2.3.1' ],
30 silly audit   'json-schema-traverse': [ '0.4.1' ],
30 silly audit   'json-stable-stringify-without-jsonify': [ '1.0.1' ],
30 silly audit   jsonfile: [ '6.1.0' ],
30 silly audit   'jsx-ast-utils': [ '3.3.5' ],
30 silly audit   kareem: [ '2.6.3' ],
30 silly audit   keyv: [ '4.5.4' ],
30 silly audit   kleur: [ '3.0.3' ],
30 silly audit   'language-subtag-registry': [ '0.3.23' ],
30 silly audit   'language-tags': [ '1.0.9' ],
30 silly audit   levn: [ '0.4.1' ],
30 silly audit   lilconfig: [ '2.1.0', '3.1.2' ],
30 silly audit   'lines-and-columns': [ '1.2.4' ],
30 silly audit   'locate-path': [ '6.0.0' ],
30 silly audit   'lodash._reinterpolate': [ '3.0.0' ],
30 silly audit   'lodash.merge': [ '4.6.2' ],
30 silly audit   'lodash.template': [ '4.5.0' ],
30 silly audit   'lodash.templatesettings': [ '4.2.0' ],
30 silly audit   'log-symbols': [ '5.1.0' ],
30 silly audit   'loose-envify': [ '1.4.0' ],
30 silly audit   'lower-case': [ '2.0.2' ],
30 silly audit   'lucide-react': [ '0.439.0' ],
30 silly audit   'map-obj': [ '4.3.0' ],
30 silly audit   'memory-pager': [ '1.5.0' ],
30 silly audit   'merge-stream': [ '2.0.0' ],
30 silly audit   merge2: [ '1.4.1' ],
30 silly audit   micromatch: [ '4.0.8' ],
30 silly audit   'mimic-fn': [ '4.0.0', '2.1.0' ],
30 silly audit   minimist: [ '1.2.8' ],
30 silly audit   minipass: [ '7.1.2' ],
30 silly audit   mkdirp: [ '2.1.6' ],
30 silly audit   mongodb: [ '6.9.0', '6.8.0' ],
30 silly audit   'mongodb-connection-string-url': [ '3.0.1' ],
30 silly audit   mongoose: [ '8.6.3' ],
30 silly audit   mpath: [ '0.9.0' ],
30 silly audit   mquery: [ '5.0.0' ],
30 silly audit   ms: [ '2.1.3' ],
30 silly audit   mz: [ '2.7.0' ],
30 silly audit   nanoid: [ '3.3.7' ],
30 silly audit   'natural-compare': [ '1.4.0' ],
30 silly audit   next: [ '14.2.8' ],
30 silly audit   'next-cloudinary': [ '6.14.0' ],
30 silly audit   postcss: [ '8.4.31', '8.4.45' ],
30 silly audit   'no-case': [ '3.0.4' ],
30 silly audit   'node-domexception': [ '1.0.0' ],
30 silly audit   'node-fetch': [ '3.3.2', '2.7.0' ],
30 silly audit   'node-releases': [ '2.0.18' ],
30 silly audit   'normalize-path': [ '3.0.0' ],
30 silly audit   'npm-run-path': [ '5.3.0' ],
30 silly audit   'path-key': [ '4.0.0', '3.1.1' ],
30 silly audit   'object-assign': [ '4.1.1' ],
30 silly audit   'object-hash': [ '3.0.0' ],
30 silly audit   'object-inspect': [ '1.13.2' ],
30 silly audit   'object-is': [ '1.1.6' ],
30 silly audit   'object-keys': [ '1.1.1' ],
30 silly audit   'object.assign': [ '4.1.5' ],
30 silly audit   'object.entries': [ '1.1.8' ],
30 silly audit   'object.fromentries': [ '2.0.8' ],
30 silly audit   'object.groupby': [ '1.0.3' ],
30 silly audit   'object.values': [ '1.2.0' ],
30 silly audit   once: [ '1.4.0' ],
30 silly audit   onetime: [ '6.0.0', '5.1.2' ],
30 silly audit   optionator: [ '0.9.4' ],
30 silly audit   ora: [ '6.3.1' ],
30 silly audit   'p-limit': [ '3.1.0' ],
30 silly audit   'p-locate': [ '5.0.0' ],
30 silly audit   'parent-module': [ '1.0.1' ],
30 silly audit   'parse-json': [ '5.2.0' ],
30 silly audit   'path-browserify': [ '1.0.1' ],
30 silly audit   'path-exists': [ '4.0.0' ],
30 silly audit   'path-is-absolute': [ '1.0.1' ],
30 silly audit   'path-parse': [ '1.0.7' ],
30 silly audit   'path-scurry': [ '1.11.1' ],
30 silly audit   'path-to-regexp': [ '6.2.2' ],
30 silly audit   'path-type': [ '4.0.0' ],
30 silly audit   picocolors: [ '1.1.0' ],
30 silly audit   picomatch: [ '2.3.1' ],
30 silly audit   pify: [ '2.3.0' ],
30 silly audit   pirates: [ '4.0.6' ],
30 silly audit   'possible-typed-array-names': [ '1.0.0' ],
30 silly audit   'postcss-import': [ '15.1.0' ],
30 silly audit   'postcss-js': [ '4.0.1' ],
30 silly audit   'postcss-load-config': [ '4.0.2' ],
30 silly audit   'postcss-nested': [ '6.2.0' ],
30 silly audit   'postcss-selector-parser': [ '6.1.2' ],
30 silly audit   'postcss-value-parser': [ '4.2.0' ],
30 silly audit   'prelude-ls': [ '1.2.1' ],
30 silly audit   prompts: [ '2.4.2' ],
30 silly audit   'prop-types': [ '15.8.1' ],
30 silly audit   punycode: [ '2.3.1' ],
30 silly audit   qs: [ '6.13.0' ],
30 silly audit   querystringify: [ '2.2.0' ],
30 silly audit   'queue-microtask': [ '1.2.3' ],
30 silly audit   react: [ '18.3.1' ],
30 silly audit   'react-dom': [ '18.3.1' ],
30 silly audit   'react-hook-form': [ '7.53.0' ],
30 silly audit   'react-is': [ '16.13.1' ],
30 silly audit   'react-remove-scroll-bar': [ '2.3.6' ],
30 silly audit   'react-style-singleton': [ '2.2.1' ],
30 silly audit   'read-cache': [ '1.0.0' ],
30 silly audit   'readable-stream': [ '3.6.2' ],
30 silly audit   readdirp: [ '3.6.0' ],
30 silly audit   recast: [ '0.23.9' ],
30 silly audit   'reflect.getprototypeof': [ '1.0.6' ],
30 silly audit   'regexp.prototype.flags': [ '1.5.2' ],
30 silly audit   'requires-port': [ '1.0.0' ],
30 silly audit   'resolve-from': [ '4.0.0' ],
30 silly audit   'resolve-pkg-maps': [ '1.0.0' ],
30 silly audit   'restore-cursor': [ '4.0.0' ],
30 silly audit   reusify: [ '1.0.4' ],
30 silly audit   rimraf: [ '3.0.2' ],
30 silly audit   'run-parallel': [ '1.2.0' ],
30 silly audit   'safe-array-concat': [ '1.1.2' ],
30 silly audit   'safe-buffer': [ '5.2.1' ],
30 silly audit   'safe-regex-test': [ '1.0.3' ],
30 silly audit   scheduler: [ '0.23.2' ],
30 silly audit   'server-only': [ '0.0.1' ],
30 silly audit   'set-function-length': [ '1.2.2' ],
30 silly audit   'set-function-name': [ '2.0.2' ],
30 silly audit   'shadcn-ui': [ '0.9.0' ],
30 silly audit   'tsconfig-paths': [ '4.2.0', '3.15.0' ],
30 silly audit   'shebang-command': [ '2.0.0' ],
30 silly audit   'shebang-regex': [ '3.0.0' ],
30 silly audit   'side-channel': [ '1.0.6' ],
30 silly audit   sift: [ '17.1.3' ],
30 silly audit   sisteransi: [ '1.0.5' ],
30 silly audit   slash: [ '3.0.0' ],
30 silly audit   'snake-case': [ '3.0.4' ],
30 silly audit   'snakecase-keys': [ '5.4.4' ],
30 silly audit   'type-fest': [ '2.19.0', '0.20.2' ],
30 silly audit   'source-map': [ '0.6.1' ],
30 silly audit   'source-map-js': [ '1.2.1' ],
30 silly audit   'sparse-bitfield': [ '3.0.3' ],
30 silly audit   'std-env': [ '3.7.0' ],
30 silly audit   'stdin-discarder': [ '0.1.0' ],
30 silly audit   'stop-iteration-iterator': [ '1.0.0' ],
30 silly audit   streamsearch: [ '1.1.0' ],
30 silly audit   string_decoder: [ '1.3.0' ],
30 silly audit   'string-width': [ '5.1.2', '4.2.3' ],
30 silly audit   'string.prototype.includes': [ '2.0.0' ],
30 silly audit   'string.prototype.matchall': [ '4.0.11' ],
30 silly audit   'string.prototype.repeat': [ '1.0.0' ],
30 silly audit   'string.prototype.trim': [ '1.2.9' ],
30 silly audit   'string.prototype.trimend': [ '1.0.8' ],
30 silly audit   'string.prototype.trimstart': [ '1.0.8' ],
30 silly audit   'strip-bom': [ '3.0.0' ],
30 silly audit   'strip-final-newline': [ '3.0.0' ],
30 silly audit   'strip-json-comments': [ '3.1.1' ],
30 silly audit   'styled-jsx': [ '5.1.1' ],
30 silly audit   sucrase: [ '3.35.0' ],
30 silly audit   'supports-preserve-symlinks-flag': [ '1.0.0' ],
30 silly audit   svix: [ '1.36.0' ],
30 silly audit   'svix-fetch': [ '3.0.0' ],
30 silly audit   tr46: [ '0.0.3', '4.1.1' ],
30 silly audit   'webidl-conversions': [ '3.0.1', '7.0.0' ],
30 silly audit   'whatwg-url': [ '5.0.0', '13.0.0' ],
30 silly audit   swr: [ '2.2.5' ],
30 silly audit   'tailwind-merge': [ '2.5.2' ],
30 silly audit   tailwindcss: [ '3.4.10' ],
30 silly audit   'tailwindcss-animate': [ '1.0.7' ],
30 silly audit   tapable: [ '2.2.1' ],
30 silly audit   'text-table': [ '0.2.0' ],
30 silly audit   thenify: [ '3.3.1' ],
30 silly audit   'thenify-all': [ '1.6.0' ],
30 silly audit   'tiny-invariant': [ '1.3.3' ],
30 silly audit   'to-fast-properties': [ '2.0.0' ],
30 silly audit   'to-regex-range': [ '5.0.1' ],
30 silly audit   'ts-api-utils': [ '1.3.0' ],
30 silly audit   'ts-interface-checker': [ '0.1.13' ],
30 silly audit   'ts-morph': [ '18.0.0' ],
30 silly audit   'type-check': [ '0.4.0' ],
30 silly audit   'typed-array-buffer': [ '1.0.2' ],
30 silly audit   'typed-array-byte-length': [ '1.0.1' ],
30 silly audit   'typed-array-byte-offset': [ '1.0.2' ],
30 silly audit   'typed-array-length': [ '1.0.6' ],
30 silly audit   typescript: [ '5.5.4' ],
30 silly audit   'unbox-primitive': [ '1.0.2' ],
30 silly audit   'undici-types': [ '6.19.8' ],
30 silly audit   universalify: [ '2.0.1' ],
30 silly audit   'update-browserslist-db': [ '1.1.0' ],
30 silly audit   'uri-js': [ '4.4.1' ],
30 silly audit   'url-parse': [ '1.5.10' ],
30 silly audit   'use-callback-ref': [ '1.3.2' ],
30 silly audit   'use-sidecar': [ '1.1.2' ],
30 silly audit   'use-sync-external-store': [ '1.2.2' ],
30 silly audit   'util-deprecate': [ '1.0.2' ],
30 silly audit   wcwidth: [ '1.0.1' ],
30 silly audit   'web-streams-polyfill': [ '3.3.3' ],
30 silly audit   'whatwg-fetch': [ '3.6.20' ],
30 silly audit   which: [ '2.0.2' ],
30 silly audit   'which-boxed-primitive': [ '1.0.2' ],
30 silly audit   'which-builtin-type': [ '1.1.4' ],
30 silly audit   'which-collection': [ '1.0.2' ],
30 silly audit   'which-typed-array': [ '1.1.15' ],
30 silly audit   'word-wrap': [ '1.2.5' ],
30 silly audit   'wrap-ansi': [ '8.1.0', '7.0.0' ],
30 silly audit   wrappy: [ '1.0.2' ],
30 silly audit   yallist: [ '3.1.1' ],
30 silly audit   yaml: [ '2.5.1' ],
30 silly audit   'yocto-queue': [ '0.1.0' ],
30 silly audit   zod: [ '3.23.8' ],
30 silly audit   '@radix-ui/react-slot': [ '1.1.0' ]
30 silly audit }
31 verbose reify failed optional dependency C:\Users\angit\React\image-ine\node_modules\fsevents
32 silly reify mark deleted [ 'C:\\Users\\angit\\React\\image-ine\\node_modules\\fsevents' ]
33 verbose reify failed optional dependency C:\Users\angit\React\image-ine\node_modules\@next\swc-win32-ia32-msvc
34 silly reify mark deleted [
34 silly reify   'C:\\Users\\angit\\React\\image-ine\\node_modules\\@next\\swc-win32-ia32-msvc'
34 silly reify ]
35 verbose reify failed optional dependency C:\Users\angit\React\image-ine\node_modules\@next\swc-win32-arm64-msvc
36 silly reify mark deleted [
36 silly reify   'C:\\Users\\angit\\React\\image-ine\\node_modules\\@next\\swc-win32-arm64-msvc'
36 silly reify ]
37 verbose reify failed optional dependency C:\Users\angit\React\image-ine\node_modules\@next\swc-linux-x64-musl
38 silly reify mark deleted [
38 silly reify   'C:\\Users\\angit\\React\\image-ine\\node_modules\\@next\\swc-linux-x64-musl'
38 silly reify ]
39 verbose reify failed optional dependency C:\Users\angit\React\image-ine\node_modules\@next\swc-linux-x64-gnu
40 silly reify mark deleted [
40 silly reify   'C:\\Users\\angit\\React\\image-ine\\node_modules\\@next\\swc-linux-x64-gnu'
40 silly reify ]
41 verbose reify failed optional dependency C:\Users\angit\React\image-ine\node_modules\@next\swc-linux-arm64-musl
42 silly reify mark deleted [
42 silly reify   'C:\\Users\\angit\\React\\image-ine\\node_modules\\@next\\swc-linux-arm64-musl'
42 silly reify ]
43 verbose reify failed optional dependency C:\Users\angit\React\image-ine\node_modules\@next\swc-linux-arm64-gnu
44 silly reify mark deleted [
44 silly reify   'C:\\Users\\angit\\React\\image-ine\\node_modules\\@next\\swc-linux-arm64-gnu'
44 silly reify ]
45 verbose reify failed optional dependency C:\Users\angit\React\image-ine\node_modules\@next\swc-darwin-x64
46 silly reify mark deleted [
46 silly reify   'C:\\Users\\angit\\React\\image-ine\\node_modules\\@next\\swc-darwin-x64'
46 silly reify ]
47 verbose reify failed optional dependency C:\Users\angit\React\image-ine\node_modules\@next\swc-darwin-arm64
48 silly reify mark deleted [
48 silly reify   'C:\\Users\\angit\\React\\image-ine\\node_modules\\@next\\swc-darwin-arm64'
48 silly reify ]
49 http fetch POST 200 https://registry.npmjs.org/-/npm/v1/security/advisories/bulk 472ms
50 silly audit report {
50 silly audit report   cookie: [
50 silly audit report     {
50 silly audit report       id: 1099846,
50 silly audit report       url: 'https://github.com/advisories/GHSA-pxg6-pf52-xh8x',
50 silly audit report       title: 'cookie accepts cookie name, path, and domain with out of bounds characters',
50 silly audit report       severity: 'low',
50 silly audit report       vulnerable_versions: '<0.7.0',
50 silly audit report       cwe: [Array],
50 silly audit report       cvss: [Object]
50 silly audit report     }
50 silly audit report   ],
50 silly audit report   'lodash.template': [
50 silly audit report     {
50 silly audit report       id: 1096993,
50 silly audit report       url: 'https://github.com/advisories/GHSA-35jh-r3h4-6jhm',
50 silly audit report       title: 'Command Injection in lodash',
50 silly audit report       severity: 'high',
50 silly audit report       vulnerable_versions: '<=4.5.0',
50 silly audit report       cwe: [Array],
50 silly audit report       cvss: [Object]
50 silly audit report     }
50 silly audit report   ],
50 silly audit report   next: [
50 silly audit report     {
50 silly audit report       id: 1099638,
50 silly audit report       url: 'https://github.com/advisories/GHSA-gp8f-8m3g-qvj9',
50 silly audit report       title: 'Next.js Cache Poisoning',
50 silly audit report       severity: 'high',
50 silly audit report       vulnerable_versions: '>=14.0.0 <14.2.10',
50 silly audit report       cwe: [Array],
50 silly audit report       cvss: [Object]
50 silly audit report     }
50 silly audit report   ],
50 silly audit report   'path-to-regexp': [
50 silly audit report     {
50 silly audit report       id: 1099558,
50 silly audit report       url: 'https://github.com/advisories/GHSA-9wv6-86v2-598j',
50 silly audit report       title: 'path-to-regexp outputs backtracking regular expressions',
50 silly audit report       severity: 'high',
50 silly audit report       vulnerable_versions: '>=4.0.0 <6.3.0',
50 silly audit report       cwe: [Array],
50 silly audit report       cvss: [Object]
50 silly audit report     }
50 silly audit report   ]
50 silly audit report }
51 silly packumentCache corgi:https://registry.npmjs.org/cookie cache-miss
52 silly packumentCache corgi:https://registry.npmjs.org/lodash.template cache-miss
53 silly packumentCache corgi:https://registry.npmjs.org/next cache-miss
54 silly packumentCache corgi:https://registry.npmjs.org/path-to-regexp cache-miss
55 http fetch GET 200 https://registry.npmjs.org/cookie 183ms (cache revalidated)
56 silly packumentCache corgi:https://registry.npmjs.org/cookie set size:21503 disposed:false
57 http fetch GET 200 https://registry.npmjs.org/path-to-regexp 610ms (cache revalidated)
58 silly packumentCache corgi:https://registry.npmjs.org/path-to-regexp set size:61975 disposed:false
59 http fetch GET 200 https://registry.npmjs.org/lodash.template 681ms (cache revalidated)
60 silly packumentCache corgi:https://registry.npmjs.org/lodash.template set size:25214 disposed:false
61 http fetch GET 200 https://registry.npmjs.org/next 1210ms (cache updated)
62 silly packumentCache corgi:https://registry.npmjs.org/next set size:undefined disposed:false
63 silly packumentCache corgi:https://registry.npmjs.org/@clerk%2fbackend cache-miss
64 http fetch GET 200 https://registry.npmjs.org/@clerk%2fbackend 297ms (cache updated)
65 silly packumentCache corgi:https://registry.npmjs.org/@clerk%2fbackend set size:undefined disposed:false
66 silly packumentCache corgi:https://registry.npmjs.org/shadcn-ui cache-miss
67 http fetch GET 200 https://registry.npmjs.org/shadcn-ui 212ms (cache revalidated)
68 silly packumentCache corgi:https://registry.npmjs.org/shadcn-ui set size:65246 disposed:false
69 silly packumentCache corgi:https://registry.npmjs.org/@clerk%2fnextjs cache-miss
70 silly packumentCache corgi:https://registry.npmjs.org/next-cloudinary cache-miss
71 http fetch GET 200 https://registry.npmjs.org/next-cloudinary 259ms (cache revalidated)
72 silly packumentCache corgi:https://registry.npmjs.org/next-cloudinary set size:243655 disposed:false
73 http fetch GET 200 https://registry.npmjs.org/@clerk%2fnextjs 365ms (cache updated)
74 silly packumentCache corgi:https://registry.npmjs.org/@clerk%2fnextjs set size:undefined disposed:false
75 silly ADD
76 silly ADD
77 silly ADD
78 silly ADD
79 silly ADD
80 silly ADD
81 silly ADD
82 silly ADD
83 silly ADD
84 silly CHANGE node_modules/shadcn-ui
85 verbose cwd C:\Users\angit\React\image-ine
86 verbose os Windows_NT 10.0.22631
87 verbose node v20.13.1
88 verbose npm  v10.8.3
89 verbose exit 0
90 info ok
