0 verbose cli C:\Program Files\nodejs\node.exe C:\Users\angit\AppData\Roaming\npm\node_modules\npm\bin\npm-cli.js
1 info using npm@10.8.3
2 info using node@v20.13.1
3 silly config load:file:C:\Users\angit\AppData\Roaming\npm\node_modules\npm\npmrc
4 silly config load:file:C:\Users\angit\React\image-ine\.npmrc
5 silly config load:file:C:\Users\angit\.npmrc
6 silly config load:file:C:\Users\angit\AppData\Roaming\npm\etc\npmrc
7 verbose title npm install stripe @stripe/stripe.js
8 verbose argv "install" "stripe" "@stripe/stripe.js"
9 verbose logfile logs-max:10 dir:C:\Users\angit\React\image-ine\UsersangitAppDataRoamingnpm-cache\_logs\2024-10-27T14_21_20_411Z-
10 verbose logfile C:\Users\angit\React\image-ine\UsersangitAppDataRoamingnpm-cache\_logs\2024-10-27T14_21_20_411Z-debug-0.log
11 silly packumentCache heap:4345298944 maxSize:1086324736 maxEntrySize:543162368
12 silly logfile start cleaning logs, removing 1 files
13 silly logfile done cleaning log files
14 silly idealTree buildDeps
15 silly fetch manifest stripe@*
16 silly packumentCache full:https://registry.npmjs.org/stripe cache-miss
17 http fetch GET 200 https://registry.npmjs.org/stripe 1126ms (cache miss)
18 silly packumentCache full:https://registry.npmjs.org/stripe set size:undefined disposed:false
19 silly fetch manifest @stripe/stripe.js@*
20 silly packumentCache full:https://registry.npmjs.org/@stripe%2fstripe.js cache-miss
21 http fetch GET 404 https://registry.npmjs.org/@stripe%2fstripe.js 860ms (cache skip)
22 silly placeDep ROOT @stripe/stripe.js@ OK for: image-ine@0.1.0 want: *
23 silly placeDep ROOT stripe@17.2.1 OK for: image-ine@0.1.0 want: *
24 verbose stack HttpErrorGeneral: 404 Not Found - GET https://registry.npmjs.org/@stripe%2fstripe.js - Not found
24 verbose stack     at C:\Users\angit\AppData\Roaming\npm\node_modules\npm\node_modules\npm-registry-fetch\lib\check-response.js:95:15
24 verbose stack     at process.processTicksAndRejections (node:internal/process/task_queues:95:5)
24 verbose stack     at async RegistryFetcher.packument (C:\Users\angit\AppData\Roaming\npm\node_modules\npm\node_modules\pacote\lib\registry.js:90:19)
24 verbose stack     at async RegistryFetcher.manifest (C:\Users\angit\AppData\Roaming\npm\node_modules\npm\node_modules\pacote\lib\registry.js:128:23)
24 verbose stack     at async #fetchManifest (C:\Users\angit\AppData\Roaming\npm\node_modules\npm\node_modules\@npmcli\arborist\lib\arborist\build-ideal-tree.js:1199:20)
24 verbose stack     at async #nodeFromEdge (C:\Users\angit\AppData\Roaming\npm\node_modules\npm\node_modules\@npmcli\arborist\lib\arborist\build-ideal-tree.js:1037:19)
24 verbose stack     at async #buildDepStep (C:\Users\angit\AppData\Roaming\npm\node_modules\npm\node_modules\@npmcli\arborist\lib\arborist\build-ideal-tree.js:901:11)
24 verbose stack     at async Arborist.buildIdealTree (C:\Users\angit\AppData\Roaming\npm\node_modules\npm\node_modules\@npmcli\arborist\lib\arborist\build-ideal-tree.js:181:7)
24 verbose stack     at async Promise.all (index 1)
24 verbose stack     at async Arborist.reify (C:\Users\angit\AppData\Roaming\npm\node_modules\npm\node_modules\@npmcli\arborist\lib\arborist\reify.js:131:5)
25 verbose statusCode 404
26 verbose pkgid @stripe/stripe.js@*
27 error code E404
28 error 404 Not Found - GET https://registry.npmjs.org/@stripe%2fstripe.js - Not found
29 error 404
30 error 404  '@stripe/stripe.js@*' is not in this registry.
31 error 404
32 error 404 Note that you can also install from a
33 error 404 tarball, folder, http url, or git url.
34 silly unfinished npm timer reify 1730038880891
35 silly unfinished npm timer reify:loadTrees 1730038880901
36 verbose cwd C:\Users\angit\React\image-ine
37 verbose os Windows_NT 10.0.22631
38 verbose node v20.13.1
39 verbose npm  v10.8.3
40 verbose exit 1
41 verbose code 1
42 error A complete log of this run can be found in: C:\Users\angit\React\image-ine\UsersangitAppDataRoamingnpm-cache\_logs\2024-10-27T14_21_20_411Z-debug-0.log
